{"total": {"lines":{"total":1599,"covered":1353,"skipped":0,"pct":84.61},"statements":{"total":1794,"covered":1486,"skipped":0,"pct":82.83},"functions":{"total":495,"covered":366,"skipped":0,"pct":73.93},"branches":{"total":1302,"covered":1041,"skipped":0,"pct":79.95},"branchesTrue":{"total":0,"covered":0,"skipped":0,"pct":100}}
,"D:\\StorytellerCards\\7_testImprovements\\UI\\src\\App.tsx": {"lines":{"total":1,"covered":0,"skipped":0,"pct":0},"functions":{"total":1,"covered":0,"skipped":0,"pct":0},"statements":{"total":1,"covered":0,"skipped":0,"pct":0},"branches":{"total":0,"covered":0,"skipped":0,"pct":100}}
,"D:\\StorytellerCards\\7_testImprovements\\UI\\src\\components\\CharacterAssignment\\CharacterAssignmentDialog.tsx": {"lines":{"total":50,"covered":43,"skipped":0,"pct":86},"functions":{"total":24,"covered":19,"skipped":0,"pct":79.16},"statements":{"total":57,"covered":48,"skipped":0,"pct":84.21},"branches":{"total":31,"covered":17,"skipped":0,"pct":54.83}}
,"D:\\StorytellerCards\\7_testImprovements\\UI\\src\\components\\NightHistory\\NightHistoryDrawer.tsx": {"lines":{"total":15,"covered":14,"skipped":0,"pct":93.33},"functions":{"total":5,"covered":5,"skipped":0,"pct":100},"statements":{"total":15,"covered":14,"skipped":0,"pct":93.33},"branches":{"total":12,"covered":12,"skipped":0,"pct":100}}
,"D:\\StorytellerCards\\7_testImprovements\\UI\\src\\components\\NightHistory\\NightHistoryReview.tsx": {"lines":{"total":38,"covered":28,"skipped":0,"pct":73.68},"functions":{"total":15,"covered":10,"skipped":0,"pct":66.66},"statements":{"total":43,"covered":33,"skipped":0,"pct":76.74},"branches":{"total":20,"covered":9,"skipped":0,"pct":45}}
,"D:\\StorytellerCards\\7_testImprovements\\UI\\src\\components\\NightOrder\\NightOrderEntry.tsx": {"lines":{"total":9,"covered":8,"skipped":0,"pct":88.88},"functions":{"total":3,"covered":2,"skipped":0,"pct":66.66},"statements":{"total":10,"covered":9,"skipped":0,"pct":90},"branches":{"total":23,"covered":23,"skipped":0,"pct":100}}
,"D:\\StorytellerCards\\7_testImprovements\\UI\\src\\components\\NightOrder\\NightOrderTab.tsx": {"lines":{"total":15,"covered":15,"skipped":0,"pct":100},"functions":{"total":5,"covered":5,"skipped":0,"pct":100},"statements":{"total":17,"covered":17,"skipped":0,"pct":100},"branches":{"total":16,"covered":13,"skipped":0,"pct":81.25}}
,"D:\\StorytellerCards\\7_testImprovements\\UI\\src\\components\\NightPhase\\FlashcardCarousel.tsx": {"lines":{"total":76,"covered":51,"skipped":0,"pct":67.1},"functions":{"total":23,"covered":8,"skipped":0,"pct":34.78},"statements":{"total":85,"covered":54,"skipped":0,"pct":63.52},"branches":{"total":59,"covered":38,"skipped":0,"pct":64.4}}
,"D:\\StorytellerCards\\7_testImprovements\\UI\\src\\components\\NightPhase\\NightChoiceHelper.ts": {"lines":{"total":30,"covered":30,"skipped":0,"pct":100},"functions":{"total":2,"covered":2,"skipped":0,"pct":100},"statements":{"total":30,"covered":30,"skipped":0,"pct":100},"branches":{"total":31,"covered":31,"skipped":0,"pct":100}}
,"D:\\StorytellerCards\\7_testImprovements\\UI\\src\\components\\NightPhase\\NightChoiceSelector.tsx": {"lines":{"total":22,"covered":15,"skipped":0,"pct":68.18},"functions":{"total":15,"covered":10,"skipped":0,"pct":66.66},"statements":{"total":27,"covered":17,"skipped":0,"pct":62.96},"branches":{"total":51,"covered":34,"skipped":0,"pct":66.66}}
,"D:\\StorytellerCards\\7_testImprovements\\UI\\src\\components\\NightPhase\\NightFlashcard.tsx": {"lines":{"total":37,"covered":22,"skipped":0,"pct":59.45},"functions":{"total":11,"covered":7,"skipped":0,"pct":63.63},"statements":{"total":45,"covered":24,"skipped":0,"pct":53.33},"branches":{"total":75,"covered":53,"skipped":0,"pct":70.66}}
,"D:\\StorytellerCards\\7_testImprovements\\UI\\src\\components\\NightPhase\\NightPhaseOverlay.tsx": {"lines":{"total":38,"covered":27,"skipped":0,"pct":71.05},"functions":{"total":11,"covered":6,"skipped":0,"pct":54.54},"statements":{"total":42,"covered":30,"skipped":0,"pct":71.42},"branches":{"total":29,"covered":22,"skipped":0,"pct":75.86}}
,"D:\\StorytellerCards\\7_testImprovements\\UI\\src\\components\\NightPhase\\NightProgressBar.tsx": {"lines":{"total":27,"covered":27,"skipped":0,"pct":100},"functions":{"total":5,"covered":5,"skipped":0,"pct":100},"statements":{"total":29,"covered":28,"skipped":0,"pct":96.55},"branches":{"total":39,"covered":37,"skipped":0,"pct":94.87}}
,"D:\\StorytellerCards\\7_testImprovements\\UI\\src\\components\\NightPhase\\StructuralCard.tsx": {"lines":{"total":7,"covered":7,"skipped":0,"pct":100},"functions":{"total":1,"covered":1,"skipped":0,"pct":100},"statements":{"total":7,"covered":7,"skipped":0,"pct":100},"branches":{"total":11,"covered":11,"skipped":0,"pct":100}}
,"D:\\StorytellerCards\\7_testImprovements\\UI\\src\\components\\NightPhase\\SubActionChecklist.tsx": {"lines":{"total":13,"covered":12,"skipped":0,"pct":92.3},"functions":{"total":6,"covered":5,"skipped":0,"pct":83.33},"statements":{"total":16,"covered":15,"skipped":0,"pct":93.75},"branches":{"total":29,"covered":28,"skipped":0,"pct":96.55}}
,"D:\\StorytellerCards\\7_testImprovements\\UI\\src\\components\\PhaseBar\\PhaseBar.tsx": {"lines":{"total":22,"covered":21,"skipped":0,"pct":95.45},"functions":{"total":6,"covered":6,"skipped":0,"pct":100},"statements":{"total":25,"covered":23,"skipped":0,"pct":92},"branches":{"total":30,"covered":28,"skipped":0,"pct":93.33}}
,"D:\\StorytellerCards\\7_testImprovements\\UI\\src\\components\\PlayerList\\PlayerEditDialog.tsx": {"lines":{"total":11,"covered":10,"skipped":0,"pct":90.9},"functions":{"total":5,"covered":4,"skipped":0,"pct":80},"statements":{"total":14,"covered":12,"skipped":0,"pct":85.71},"branches":{"total":10,"covered":8,"skipped":0,"pct":80}}
,"D:\\StorytellerCards\\7_testImprovements\\UI\\src\\components\\PlayerList\\PlayerListTab.tsx": {"lines":{"total":26,"covered":17,"skipped":0,"pct":65.38},"functions":{"total":14,"covered":6,"skipped":0,"pct":42.85},"statements":{"total":32,"covered":20,"skipped":0,"pct":62.5},"branches":{"total":26,"covered":18,"skipped":0,"pct":69.23}}
,"D:\\StorytellerCards\\7_testImprovements\\UI\\src\\components\\PlayerList\\PlayerRow.tsx": {"lines":{"total":16,"covered":15,"skipped":0,"pct":93.75},"functions":{"total":6,"covered":5,"skipped":0,"pct":83.33},"statements":{"total":16,"covered":15,"skipped":0,"pct":93.75},"branches":{"total":66,"covered":62,"skipped":0,"pct":93.93}}
,"D:\\StorytellerCards\\7_testImprovements\\UI\\src\\components\\ScriptBuilder\\ScriptBuilder.tsx": {"lines":{"total":94,"covered":81,"skipped":0,"pct":86.17},"functions":{"total":28,"covered":25,"skipped":0,"pct":89.28},"statements":{"total":105,"covered":90,"skipped":0,"pct":85.71},"branches":{"total":45,"covered":36,"skipped":0,"pct":80}}
,"D:\\StorytellerCards\\7_testImprovements\\UI\\src\\components\\ScriptViewer\\CharacterCard.tsx": {"lines":{"total":9,"covered":8,"skipped":0,"pct":88.88},"functions":{"total":5,"covered":4,"skipped":0,"pct":80},"statements":{"total":9,"covered":8,"skipped":0,"pct":88.88},"branches":{"total":10,"covered":10,"skipped":0,"pct":100}}
,"D:\\StorytellerCards\\7_testImprovements\\UI\\src\\components\\ScriptViewer\\ScriptReferenceTab.tsx": {"lines":{"total":20,"covered":20,"skipped":0,"pct":100},"functions":{"total":6,"covered":6,"skipped":0,"pct":100},"statements":{"total":22,"covered":22,"skipped":0,"pct":100},"branches":{"total":8,"covered":8,"skipped":0,"pct":100}}
,"D:\\StorytellerCards\\7_testImprovements\\UI\\src\\components\\Timer\\DayTimer.tsx": {"lines":{"total":44,"covered":35,"skipped":0,"pct":79.54},"functions":{"total":13,"covered":9,"skipped":0,"pct":69.23},"statements":{"total":49,"covered":37,"skipped":0,"pct":75.51},"branches":{"total":45,"covered":37,"skipped":0,"pct":82.22}}
,"D:\\StorytellerCards\\7_testImprovements\\UI\\src\\components\\Timer\\DayTimerFab.tsx": {"lines":{"total":7,"covered":7,"skipped":0,"pct":100},"functions":{"total":3,"covered":2,"skipped":0,"pct":66.66},"statements":{"total":9,"covered":8,"skipped":0,"pct":88.88},"branches":{"total":17,"covered":17,"skipped":0,"pct":100}}
,"D:\\StorytellerCards\\7_testImprovements\\UI\\src\\components\\TownSquare\\AddTravellerDialog.tsx": {"lines":{"total":21,"covered":19,"skipped":0,"pct":90.47},"functions":{"total":8,"covered":6,"skipped":0,"pct":75},"statements":{"total":25,"covered":22,"skipped":0,"pct":88},"branches":{"total":7,"covered":6,"skipped":0,"pct":85.71}}
,"D:\\StorytellerCards\\7_testImprovements\\UI\\src\\components\\TownSquare\\PlayerQuickActions.tsx": {"lines":{"total":18,"covered":14,"skipped":0,"pct":77.77},"functions":{"total":6,"covered":4,"skipped":0,"pct":66.66},"statements":{"total":19,"covered":15,"skipped":0,"pct":78.94},"branches":{"total":18,"covered":18,"skipped":0,"pct":100}}
,"D:\\StorytellerCards\\7_testImprovements\\UI\\src\\components\\TownSquare\\PlayerToken.tsx": {"lines":{"total":52,"covered":44,"skipped":0,"pct":84.61},"functions":{"total":10,"covered":7,"skipped":0,"pct":70},"statements":{"total":55,"covered":47,"skipped":0,"pct":85.45},"branches":{"total":68,"covered":58,"skipped":0,"pct":85.29}}
,"D:\\StorytellerCards\\7_testImprovements\\UI\\src\\components\\TownSquare\\TokenManager.tsx": {"lines":{"total":47,"covered":45,"skipped":0,"pct":95.74},"functions":{"total":18,"covered":16,"skipped":0,"pct":88.88},"statements":{"total":56,"covered":50,"skipped":0,"pct":89.28},"branches":{"total":50,"covered":37,"skipped":0,"pct":74}}
,"D:\\StorytellerCards\\7_testImprovements\\UI\\src\\components\\TownSquare\\TownSquareLayout.tsx": {"lines":{"total":29,"covered":26,"skipped":0,"pct":89.65},"functions":{"total":6,"covered":6,"skipped":0,"pct":100},"statements":{"total":34,"covered":30,"skipped":0,"pct":88.23},"branches":{"total":16,"covered":14,"skipped":0,"pct":87.5}}
,"D:\\StorytellerCards\\7_testImprovements\\UI\\src\\components\\TownSquare\\TownSquareTab.tsx": {"lines":{"total":83,"covered":50,"skipped":0,"pct":60.24},"functions":{"total":31,"covered":10,"skipped":0,"pct":32.25},"statements":{"total":96,"covered":54,"skipped":0,"pct":56.25},"branches":{"total":46,"covered":16,"skipped":0,"pct":34.78}}
,"D:\\StorytellerCards\\7_testImprovements\\UI\\src\\components\\common\\CharacterDetailModal.tsx": {"lines":{"total":4,"covered":4,"skipped":0,"pct":100},"functions":{"total":2,"covered":2,"skipped":0,"pct":100},"statements":{"total":5,"covered":5,"skipped":0,"pct":100},"branches":{"total":23,"covered":21,"skipped":0,"pct":91.3}}
,"D:\\StorytellerCards\\7_testImprovements\\UI\\src\\components\\common\\ErrorBoundary.tsx": {"lines":{"total":11,"covered":11,"skipped":0,"pct":100},"functions":{"total":5,"covered":5,"skipped":0,"pct":100},"statements":{"total":11,"covered":11,"skipped":0,"pct":100},"branches":{"total":6,"covered":5,"skipped":0,"pct":83.33}}
,"D:\\StorytellerCards\\7_testImprovements\\UI\\src\\components\\common\\LoadingState.tsx": {"lines":{"total":1,"covered":1,"skipped":0,"pct":100},"functions":{"total":1,"covered":1,"skipped":0,"pct":100},"statements":{"total":1,"covered":1,"skipped":0,"pct":100},"branches":{"total":4,"covered":4,"skipped":0,"pct":100}}
,"D:\\StorytellerCards\\7_testImprovements\\UI\\src\\components\\common\\ShowCharactersToggle.tsx": {"lines":{"total":3,"covered":3,"skipped":0,"pct":100},"functions":{"total":1,"covered":1,"skipped":0,"pct":100},"statements":{"total":3,"covered":3,"skipped":0,"pct":100},"branches":{"total":8,"covered":8,"skipped":0,"pct":100}}
,"D:\\StorytellerCards\\7_testImprovements\\UI\\src\\components\\common\\TokenChips.tsx": {"lines":{"total":7,"covered":7,"skipped":0,"pct":100},"functions":{"total":3,"covered":3,"skipped":0,"pct":100},"statements":{"total":10,"covered":10,"skipped":0,"pct":100},"branches":{"total":15,"covered":15,"skipped":0,"pct":100}}
,"D:\\StorytellerCards\\7_testImprovements\\UI\\src\\components\\common\\characterTypeColor.ts": {"lines":{"total":9,"covered":9,"skipped":0,"pct":100},"functions":{"total":1,"covered":1,"skipped":0,"pct":100},"statements":{"total":9,"covered":9,"skipped":0,"pct":100},"branches":{"total":8,"covered":8,"skipped":0,"pct":100}}
,"D:\\StorytellerCards\\7_testImprovements\\UI\\src\\context\\GameContext.tsx": {"lines":{"total":93,"covered":92,"skipped":0,"pct":98.92},"functions":{"total":24,"covered":24,"skipped":0,"pct":100},"statements":{"total":103,"covered":102,"skipped":0,"pct":99.02},"branches":{"total":71,"covered":67,"skipped":0,"pct":94.36}}
,"D:\\StorytellerCards\\7_testImprovements\\UI\\src\\context\\SessionContext.tsx": {"lines":{"total":80,"covered":76,"skipped":0,"pct":95},"functions":{"total":22,"covered":22,"skipped":0,"pct":100},"statements":{"total":92,"covered":87,"skipped":0,"pct":94.56},"branches":{"total":40,"covered":36,"skipped":0,"pct":90}}
,"D:\\StorytellerCards\\7_testImprovements\\UI\\src\\data\\playerCountRules.ts": {"lines":{"total":4,"covered":4,"skipped":0,"pct":100},"functions":{"total":1,"covered":1,"skipped":0,"pct":100},"statements":{"total":6,"covered":6,"skipped":0,"pct":100},"branches":{"total":4,"covered":4,"skipped":0,"pct":100}}
,"D:\\StorytellerCards\\7_testImprovements\\UI\\src\\data\\characters\\_nightOrder.ts": {"lines":{"total":9,"covered":9,"skipped":0,"pct":100},"functions":{"total":2,"covered":2,"skipped":0,"pct":100},"statements":{"total":11,"covered":11,"skipped":0,"pct":100},"branches":{"total":6,"covered":6,"skipped":0,"pct":100}}
,"D:\\StorytellerCards\\7_testImprovements\\UI\\src\\data\\characters\\index.ts": {"lines":{"total":3,"covered":3,"skipped":0,"pct":100},"functions":{"total":2,"covered":2,"skipped":0,"pct":100},"statements":{"total":4,"covered":4,"skipped":0,"pct":100},"branches":{"total":0,"covered":0,"skipped":0,"pct":100}}
,"D:\\StorytellerCards\\7_testImprovements\\UI\\src\\data\\characters\\demon\\fanggu.ts": {"lines":{"total":1,"covered":1,"skipped":0,"pct":100},"functions":{"total":0,"covered":0,"skipped":0,"pct":100},"statements":{"total":1,"covered":1,"skipped":0,"pct":100},"branches":{"total":0,"covered":0,"skipped":0,"pct":100}}
,"D:\\StorytellerCards\\7_testImprovements\\UI\\src\\data\\characters\\demon\\imp.ts": {"lines":{"total":1,"covered":1,"skipped":0,"pct":100},"functions":{"total":0,"covered":0,"skipped":0,"pct":100},"statements":{"total":1,"covered":1,"skipped":0,"pct":100},"branches":{"total":0,"covered":0,"skipped":0,"pct":100}}
,"D:\\StorytellerCards\\7_testImprovements\\UI\\src\\data\\characters\\demon\\kazali.ts": {"lines":{"total":1,"covered":1,"skipped":0,"pct":100},"functions":{"total":0,"covered":0,"skipped":0,"pct":100},"statements":{"total":1,"covered":1,"skipped":0,"pct":100},"branches":{"total":0,"covered":0,"skipped":0,"pct":100}}
,"D:\\StorytellerCards\\7_testImprovements\\UI\\src\\data\\characters\\demon\\nodashii.ts": {"lines":{"total":1,"covered":1,"skipped":0,"pct":100},"functions":{"total":0,"covered":0,"skipped":0,"pct":100},"statements":{"total":1,"covered":1,"skipped":0,"pct":100},"branches":{"total":0,"covered":0,"skipped":0,"pct":100}}
,"D:\\StorytellerCards\\7_testImprovements\\UI\\src\\data\\characters\\demon\\ojo.ts": {"lines":{"total":1,"covered":1,"skipped":0,"pct":100},"functions":{"total":0,"covered":0,"skipped":0,"pct":100},"statements":{"total":1,"covered":1,"skipped":0,"pct":100},"branches":{"total":0,"covered":0,"skipped":0,"pct":100}}
,"D:\\StorytellerCards\\7_testImprovements\\UI\\src\\data\\characters\\fabled\\spiritofivory.ts": {"lines":{"total":1,"covered":1,"skipped":0,"pct":100},"functions":{"total":0,"covered":0,"skipped":0,"pct":100},"statements":{"total":1,"covered":1,"skipped":0,"pct":100},"branches":{"total":0,"covered":0,"skipped":0,"pct":100}}
,"D:\\StorytellerCards\\7_testImprovements\\UI\\src\\data\\characters\\minion\\baron.ts": {"lines":{"total":1,"covered":1,"skipped":0,"pct":100},"functions":{"total":0,"covered":0,"skipped":0,"pct":100},"statements":{"total":1,"covered":1,"skipped":0,"pct":100},"branches":{"total":0,"covered":0,"skipped":0,"pct":100}}
,"D:\\StorytellerCards\\7_testImprovements\\UI\\src\\data\\characters\\minion\\cerenovus.ts": {"lines":{"total":1,"covered":1,"skipped":0,"pct":100},"functions":{"total":0,"covered":0,"skipped":0,"pct":100},"statements":{"total":1,"covered":1,"skipped":0,"pct":100},"branches":{"total":0,"covered":0,"skipped":0,"pct":100}}
,"D:\\StorytellerCards\\7_testImprovements\\UI\\src\\data\\characters\\minion\\harpy.ts": {"lines":{"total":1,"covered":1,"skipped":0,"pct":100},"functions":{"total":0,"covered":0,"skipped":0,"pct":100},"statements":{"total":1,"covered":1,"skipped":0,"pct":100},"branches":{"total":0,"covered":0,"skipped":0,"pct":100}}
,"D:\\StorytellerCards\\7_testImprovements\\UI\\src\\data\\characters\\minion\\marionette.ts": {"lines":{"total":1,"covered":1,"skipped":0,"pct":100},"functions":{"total":0,"covered":0,"skipped":0,"pct":100},"statements":{"total":1,"covered":1,"skipped":0,"pct":100},"branches":{"total":0,"covered":0,"skipped":0,"pct":100}}
,"D:\\StorytellerCards\\7_testImprovements\\UI\\src\\data\\characters\\minion\\mezepheles.ts": {"lines":{"total":1,"covered":1,"skipped":0,"pct":100},"functions":{"total":0,"covered":0,"skipped":0,"pct":100},"statements":{"total":1,"covered":1,"skipped":0,"pct":100},"branches":{"total":0,"covered":0,"skipped":0,"pct":100}}
,"D:\\StorytellerCards\\7_testImprovements\\UI\\src\\data\\characters\\minion\\poisoner.ts": {"lines":{"total":1,"covered":1,"skipped":0,"pct":100},"functions":{"total":0,"covered":0,"skipped":0,"pct":100},"statements":{"total":1,"covered":1,"skipped":0,"pct":100},"branches":{"total":0,"covered":0,"skipped":0,"pct":100}}
,"D:\\StorytellerCards\\7_testImprovements\\UI\\src\\data\\characters\\minion\\scarletwoman.ts": {"lines":{"total":1,"covered":1,"skipped":0,"pct":100},"functions":{"total":0,"covered":0,"skipped":0,"pct":100},"statements":{"total":1,"covered":1,"skipped":0,"pct":100},"branches":{"total":0,"covered":0,"skipped":0,"pct":100}}
,"D:\\StorytellerCards\\7_testImprovements\\UI\\src\\data\\characters\\minion\\spy.ts": {"lines":{"total":1,"covered":1,"skipped":0,"pct":100},"functions":{"total":0,"covered":0,"skipped":0,"pct":100},"statements":{"total":1,"covered":1,"skipped":0,"pct":100},"branches":{"total":0,"covered":0,"skipped":0,"pct":100}}
,"D:\\StorytellerCards\\7_testImprovements\\UI\\src\\data\\characters\\outsider\\damsel.ts": {"lines":{"total":1,"covered":1,"skipped":0,"pct":100},"functions":{"total":0,"covered":0,"skipped":0,"pct":100},"statements":{"total":1,"covered":1,"skipped":0,"pct":100},"branches":{"total":0,"covered":0,"skipped":0,"pct":100}}
,"D:\\StorytellerCards\\7_testImprovements\\UI\\src\\data\\characters\\outsider\\drunk.ts": {"lines":{"total":1,"covered":1,"skipped":0,"pct":100},"functions":{"total":0,"covered":0,"skipped":0,"pct":100},"statements":{"total":1,"covered":1,"skipped":0,"pct":100},"branches":{"total":0,"covered":0,"skipped":0,"pct":100}}
,"D:\\StorytellerCards\\7_testImprovements\\UI\\src\\data\\characters\\outsider\\golem.ts": {"lines":{"total":1,"covered":1,"skipped":0,"pct":100},"functions":{"total":0,"covered":0,"skipped":0,"pct":100},"statements":{"total":1,"covered":1,"skipped":0,"pct":100},"branches":{"total":0,"covered":0,"skipped":0,"pct":100}}
,"D:\\StorytellerCards\\7_testImprovements\\UI\\src\\data\\characters\\outsider\\goon.ts": {"lines":{"total":1,"covered":1,"skipped":0,"pct":100},"functions":{"total":0,"covered":0,"skipped":0,"pct":100},"statements":{"total":1,"covered":1,"skipped":0,"pct":100},"branches":{"total":0,"covered":0,"skipped":0,"pct":100}}
,"D:\\StorytellerCards\\7_testImprovements\\UI\\src\\data\\characters\\outsider\\klutz.ts": {"lines":{"total":1,"covered":1,"skipped":0,"pct":100},"functions":{"total":0,"covered":0,"skipped":0,"pct":100},"statements":{"total":1,"covered":1,"skipped":0,"pct":100},"branches":{"total":0,"covered":0,"skipped":0,"pct":100}}
,"D:\\StorytellerCards\\7_testImprovements\\UI\\src\\data\\characters\\outsider\\mutant.ts": {"lines":{"total":1,"covered":1,"skipped":0,"pct":100},"functions":{"total":0,"covered":0,"skipped":0,"pct":100},"statements":{"total":1,"covered":1,"skipped":0,"pct":100},"branches":{"total":0,"covered":0,"skipped":0,"pct":100}}
,"D:\\StorytellerCards\\7_testImprovements\\UI\\src\\data\\characters\\outsider\\ogre.ts": {"lines":{"total":1,"covered":1,"skipped":0,"pct":100},"functions":{"total":0,"covered":0,"skipped":0,"pct":100},"statements":{"total":1,"covered":1,"skipped":0,"pct":100},"branches":{"total":0,"covered":0,"skipped":0,"pct":100}}
,"D:\\StorytellerCards\\7_testImprovements\\UI\\src\\data\\characters\\outsider\\recluse.ts": {"lines":{"total":1,"covered":1,"skipped":0,"pct":100},"functions":{"total":0,"covered":0,"skipped":0,"pct":100},"statements":{"total":1,"covered":1,"skipped":0,"pct":100},"branches":{"total":0,"covered":0,"skipped":0,"pct":100}}
,"D:\\StorytellerCards\\7_testImprovements\\UI\\src\\data\\characters\\townsfolk\\amnesiac.ts": {"lines":{"total":1,"covered":1,"skipped":0,"pct":100},"functions":{"total":0,"covered":0,"skipped":0,"pct":100},"statements":{"total":1,"covered":1,"skipped":0,"pct":100},"branches":{"total":0,"covered":0,"skipped":0,"pct":100}}
,"D:\\StorytellerCards\\7_testImprovements\\UI\\src\\data\\characters\\townsfolk\\balloonist.ts": {"lines":{"total":1,"covered":1,"skipped":0,"pct":100},"functions":{"total":0,"covered":0,"skipped":0,"pct":100},"statements":{"total":1,"covered":1,"skipped":0,"pct":100},"branches":{"total":0,"covered":0,"skipped":0,"pct":100}}
,"D:\\StorytellerCards\\7_testImprovements\\UI\\src\\data\\characters\\townsfolk\\cannibal.ts": {"lines":{"total":1,"covered":1,"skipped":0,"pct":100},"functions":{"total":0,"covered":0,"skipped":0,"pct":100},"statements":{"total":1,"covered":1,"skipped":0,"pct":100},"branches":{"total":0,"covered":0,"skipped":0,"pct":100}}
,"D:\\StorytellerCards\\7_testImprovements\\UI\\src\\data\\characters\\townsfolk\\farmer.ts": {"lines":{"total":1,"covered":1,"skipped":0,"pct":100},"functions":{"total":0,"covered":0,"skipped":0,"pct":100},"statements":{"total":1,"covered":1,"skipped":0,"pct":100},"branches":{"total":0,"covered":0,"skipped":0,"pct":100}}
,"D:\\StorytellerCards\\7_testImprovements\\UI\\src\\data\\characters\\townsfolk\\fisherman.ts": {"lines":{"total":1,"covered":1,"skipped":0,"pct":100},"functions":{"total":0,"covered":0,"skipped":0,"pct":100},"statements":{"total":1,"covered":1,"skipped":0,"pct":100},"branches":{"total":0,"covered":0,"skipped":0,"pct":100}}
,"D:\\StorytellerCards\\7_testImprovements\\UI\\src\\data\\characters\\townsfolk\\fortuneteller.ts": {"lines":{"total":1,"covered":1,"skipped":0,"pct":100},"functions":{"total":0,"covered":0,"skipped":0,"pct":100},"statements":{"total":1,"covered":1,"skipped":0,"pct":100},"branches":{"total":0,"covered":0,"skipped":0,"pct":100}}
,"D:\\StorytellerCards\\7_testImprovements\\UI\\src\\data\\characters\\townsfolk\\highpriestess.ts": {"lines":{"total":1,"covered":1,"skipped":0,"pct":100},"functions":{"total":0,"covered":0,"skipped":0,"pct":100},"statements":{"total":1,"covered":1,"skipped":0,"pct":100},"branches":{"total":0,"covered":0,"skipped":0,"pct":100}}
,"D:\\StorytellerCards\\7_testImprovements\\UI\\src\\data\\characters\\townsfolk\\huntsman.ts": {"lines":{"total":1,"covered":1,"skipped":0,"pct":100},"functions":{"total":0,"covered":0,"skipped":0,"pct":100},"statements":{"total":1,"covered":1,"skipped":0,"pct":100},"branches":{"total":0,"covered":0,"skipped":0,"pct":100}}
,"D:\\StorytellerCards\\7_testImprovements\\UI\\src\\data\\characters\\townsfolk\\knight.ts": {"lines":{"total":1,"covered":1,"skipped":0,"pct":100},"functions":{"total":0,"covered":0,"skipped":0,"pct":100},"statements":{"total":1,"covered":1,"skipped":0,"pct":100},"branches":{"total":0,"covered":0,"skipped":0,"pct":100}}
,"D:\\StorytellerCards\\7_testImprovements\\UI\\src\\data\\characters\\townsfolk\\monk.ts": {"lines":{"total":1,"covered":1,"skipped":0,"pct":100},"functions":{"total":0,"covered":0,"skipped":0,"pct":100},"statements":{"total":1,"covered":1,"skipped":0,"pct":100},"branches":{"total":0,"covered":0,"skipped":0,"pct":100}}
,"D:\\StorytellerCards\\7_testImprovements\\UI\\src\\data\\characters\\townsfolk\\noble.ts": {"lines":{"total":1,"covered":1,"skipped":0,"pct":100},"functions":{"total":0,"covered":0,"skipped":0,"pct":100},"statements":{"total":1,"covered":1,"skipped":0,"pct":100},"branches":{"total":0,"covered":0,"skipped":0,"pct":100}}
,"D:\\StorytellerCards\\7_testImprovements\\UI\\src\\data\\characters\\townsfolk\\oracle.ts": {"lines":{"total":1,"covered":1,"skipped":0,"pct":100},"functions":{"total":0,"covered":0,"skipped":0,"pct":100},"statements":{"total":1,"covered":1,"skipped":0,"pct":100},"branches":{"total":0,"covered":0,"skipped":0,"pct":100}}
,"D:\\StorytellerCards\\7_testImprovements\\UI\\src\\data\\characters\\townsfolk\\philosopher.ts": {"lines":{"total":1,"covered":1,"skipped":0,"pct":100},"functions":{"total":0,"covered":0,"skipped":0,"pct":100},"statements":{"total":1,"covered":1,"skipped":0,"pct":100},"branches":{"total":0,"covered":0,"skipped":0,"pct":100}}
,"D:\\StorytellerCards\\7_testImprovements\\UI\\src\\data\\characters\\townsfolk\\pixie.ts": {"lines":{"total":1,"covered":1,"skipped":0,"pct":100},"functions":{"total":0,"covered":0,"skipped":0,"pct":100},"statements":{"total":1,"covered":1,"skipped":0,"pct":100},"branches":{"total":0,"covered":0,"skipped":0,"pct":100}}
,"D:\\StorytellerCards\\7_testImprovements\\UI\\src\\data\\characters\\townsfolk\\sage.ts": {"lines":{"total":1,"covered":1,"skipped":0,"pct":100},"functions":{"total":0,"covered":0,"skipped":0,"pct":100},"statements":{"total":1,"covered":1,"skipped":0,"pct":100},"branches":{"total":0,"covered":0,"skipped":0,"pct":100}}
,"D:\\StorytellerCards\\7_testImprovements\\UI\\src\\data\\characters\\townsfolk\\savant.ts": {"lines":{"total":1,"covered":1,"skipped":0,"pct":100},"functions":{"total":0,"covered":0,"skipped":0,"pct":100},"statements":{"total":1,"covered":1,"skipped":0,"pct":100},"branches":{"total":0,"covered":0,"skipped":0,"pct":100}}
,"D:\\StorytellerCards\\7_testImprovements\\UI\\src\\data\\characters\\townsfolk\\seamstress.ts": {"lines":{"total":1,"covered":1,"skipped":0,"pct":100},"functions":{"total":0,"covered":0,"skipped":0,"pct":100},"statements":{"total":1,"covered":1,"skipped":0,"pct":100},"branches":{"total":0,"covered":0,"skipped":0,"pct":100}}
,"D:\\StorytellerCards\\7_testImprovements\\UI\\src\\data\\characters\\townsfolk\\slayer.ts": {"lines":{"total":1,"covered":1,"skipped":0,"pct":100},"functions":{"total":0,"covered":0,"skipped":0,"pct":100},"statements":{"total":1,"covered":1,"skipped":0,"pct":100},"branches":{"total":0,"covered":0,"skipped":0,"pct":100}}
,"D:\\StorytellerCards\\7_testImprovements\\UI\\src\\data\\characters\\townsfolk\\snakecharmer.ts": {"lines":{"total":1,"covered":1,"skipped":0,"pct":100},"functions":{"total":0,"covered":0,"skipped":0,"pct":100},"statements":{"total":1,"covered":1,"skipped":0,"pct":100},"branches":{"total":0,"covered":0,"skipped":0,"pct":100}}
,"D:\\StorytellerCards\\7_testImprovements\\UI\\src\\data\\characters\\townsfolk\\steward.ts": {"lines":{"total":1,"covered":1,"skipped":0,"pct":100},"functions":{"total":0,"covered":0,"skipped":0,"pct":100},"statements":{"total":1,"covered":1,"skipped":0,"pct":100},"branches":{"total":0,"covered":0,"skipped":0,"pct":100}}
,"D:\\StorytellerCards\\7_testImprovements\\UI\\src\\data\\characters\\townsfolk\\villageidiot.ts": {"lines":{"total":1,"covered":1,"skipped":0,"pct":100},"functions":{"total":0,"covered":0,"skipped":0,"pct":100},"statements":{"total":1,"covered":1,"skipped":0,"pct":100},"branches":{"total":0,"covered":0,"skipped":0,"pct":100}}
,"D:\\StorytellerCards\\7_testImprovements\\UI\\src\\hooks\\useApiSync.ts": {"lines":{"total":21,"covered":21,"skipped":0,"pct":100},"functions":{"total":9,"covered":9,"skipped":0,"pct":100},"statements":{"total":24,"covered":24,"skipped":0,"pct":100},"branches":{"total":4,"covered":4,"skipped":0,"pct":100}}
,"D:\\StorytellerCards\\7_testImprovements\\UI\\src\\hooks\\useCharacterLookup.ts": {"lines":{"total":10,"covered":10,"skipped":0,"pct":100},"functions":{"total":9,"covered":9,"skipped":0,"pct":100},"statements":{"total":13,"covered":13,"skipped":0,"pct":100},"branches":{"total":4,"covered":4,"skipped":0,"pct":100}}
,"D:\\StorytellerCards\\7_testImprovements\\UI\\src\\hooks\\useLocalStorage.ts": {"lines":{"total":23,"covered":23,"skipped":0,"pct":100},"functions":{"total":8,"covered":8,"skipped":0,"pct":100},"statements":{"total":25,"covered":25,"skipped":0,"pct":100},"branches":{"total":8,"covered":7,"skipped":0,"pct":87.5}}
,"D:\\StorytellerCards\\7_testImprovements\\UI\\src\\hooks\\useNightOrder.ts": {"lines":{"total":3,"covered":3,"skipped":0,"pct":100},"functions":{"total":2,"covered":2,"skipped":0,"pct":100},"statements":{"total":3,"covered":3,"skipped":0,"pct":100},"branches":{"total":0,"covered":0,"skipped":0,"pct":100}}
,"D:\\StorytellerCards\\7_testImprovements\\UI\\src\\hooks\\useTimer.ts": {"lines":{"total":60,"covered":60,"skipped":0,"pct":100},"functions":{"total":12,"covered":12,"skipped":0,"pct":100},"statements":{"total":62,"covered":62,"skipped":0,"pct":100},"branches":{"total":14,"covered":14,"skipped":0,"pct":100}}
,"D:\\StorytellerCards\\7_testImprovements\\UI\\src\\pages\\GameViewPage.tsx": {"lines":{"total":65,"covered":51,"skipped":0,"pct":78.46},"functions":{"total":23,"covered":13,"skipped":0,"pct":56.52},"statements":{"total":76,"covered":58,"skipped":0,"pct":76.31},"branches":{"total":55,"covered":40,"skipped":0,"pct":72.72}}
,"D:\\StorytellerCards\\7_testImprovements\\UI\\src\\pages\\HomePage.tsx": {"lines":{"total":25,"covered":22,"skipped":0,"pct":88},"functions":{"total":14,"covered":11,"skipped":0,"pct":78.57},"statements":{"total":27,"covered":23,"skipped":0,"pct":85.18},"branches":{"total":12,"covered":8,"skipped":0,"pct":66.66}}
,"D:\\StorytellerCards\\7_testImprovements\\UI\\src\\pages\\SessionSetupPage.tsx": {"lines":{"total":102,"covered":44,"skipped":0,"pct":43.13},"functions":{"total":32,"covered":8,"skipped":0,"pct":25},"statements":{"total":112,"covered":45,"skipped":0,"pct":40.17},"branches":{"total":55,"covered":17,"skipped":0,"pct":30.9}}
,"D:\\StorytellerCards\\7_testImprovements\\UI\\src\\theme\\index.ts": {"lines":{"total":2,"covered":2,"skipped":0,"pct":100},"functions":{"total":0,"covered":0,"skipped":0,"pct":100},"statements":{"total":2,"covered":2,"skipped":0,"pct":100},"branches":{"total":0,"covered":0,"skipped":0,"pct":100}}
,"D:\\StorytellerCards\\7_testImprovements\\UI\\src\\types\\index.ts": {"lines":{"total":5,"covered":5,"skipped":0,"pct":100},"functions":{"total":0,"covered":0,"skipped":0,"pct":100},"statements":{"total":5,"covered":5,"skipped":0,"pct":100},"branches":{"total":0,"covered":0,"skipped":0,"pct":100}}
,"D:\\StorytellerCards\\7_testImprovements\\UI\\src\\utils\\audioAlarm.ts": {"lines":{"total":42,"covered":42,"skipped":0,"pct":100},"functions":{"total":7,"covered":6,"skipped":0,"pct":85.71},"statements":{"total":44,"covered":43,"skipped":0,"pct":97.72},"branches":{"total":8,"covered":7,"skipped":0,"pct":87.5}}
,"D:\\StorytellerCards\\7_testImprovements\\UI\\src\\utils\\characterAssignment.ts": {"lines":{"total":28,"covered":28,"skipped":0,"pct":100},"functions":{"total":9,"covered":9,"skipped":0,"pct":100},"statements":{"total":37,"covered":36,"skipped":0,"pct":97.29},"branches":{"total":18,"covered":17,"skipped":0,"pct":94.44}}
,"D:\\StorytellerCards\\7_testImprovements\\UI\\src\\utils\\idGenerator.ts": {"lines":{"total":1,"covered":1,"skipped":0,"pct":100},"functions":{"total":1,"covered":1,"skipped":0,"pct":100},"statements":{"total":1,"covered":1,"skipped":0,"pct":100},"branches":{"total":0,"covered":0,"skipped":0,"pct":100}}
,"D:\\StorytellerCards\\7_testImprovements\\UI\\src\\utils\\nightHistoryUtils.ts": {"lines":{"total":13,"covered":13,"skipped":0,"pct":100},"functions":{"total":4,"covered":4,"skipped":0,"pct":100},"statements":{"total":14,"covered":14,"skipped":0,"pct":100},"branches":{"total":12,"covered":11,"skipped":0,"pct":91.66}}
,"D:\\StorytellerCards\\7_testImprovements\\UI\\src\\utils\\nightOrderFilter.ts": {"lines":{"total":11,"covered":11,"skipped":0,"pct":100},"functions":{"total":3,"covered":3,"skipped":0,"pct":100},"statements":{"total":11,"covered":11,"skipped":0,"pct":100},"branches":{"total":8,"covered":8,"skipped":0,"pct":100}}
,"D:\\StorytellerCards\\7_testImprovements\\UI\\src\\utils\\scriptImporter.ts": {"lines":{"total":16,"covered":16,"skipped":0,"pct":100},"functions":{"total":3,"covered":3,"skipped":0,"pct":100},"statements":{"total":17,"covered":17,"skipped":0,"pct":100},"branches":{"total":13,"covered":13,"skipped":0,"pct":100}}
,"D:\\StorytellerCards\\7_testImprovements\\UI\\src\\utils\\scriptSortRules.ts": {"lines":{"total":28,"covered":28,"skipped":0,"pct":100},"functions":{"total":3,"covered":3,"skipped":0,"pct":100},"statements":{"total":33,"covered":33,"skipped":0,"pct":100},"branches":{"total":18,"covered":16,"skipped":0,"pct":88.88}}
}
