{"D:\\StorytellerCards\\worktree-m23-combined\\UI\\src\\components\\CharacterAssignment\\CharacterAssignmentDialog.tsx": {"path":"D:\\StorytellerCards\\worktree-m23-combined\\UI\\src\\components\\CharacterAssignment\\CharacterAssignmentDialog.tsx","statementMap":{"0":{"start":{"line":59,"column":8},"end":{"line":59,"column":null}},"1":{"start":{"line":59,"column":38},"end":{"line":59,"column":77}},"2":{"start":{"line":59,"column":60},"end":{"line":59,"column":74}},"3":{"start":{"line":60,"column":8},"end":{"line":63,"column":null}},"4":{"start":{"line":61,"column":4},"end":{"line":61,"column":null}},"5":{"start":{"line":65,"column":38},"end":{"line":65,"column":null}},"6":{"start":{"line":66,"column":38},"end":{"line":66,"column":null}},"7":{"start":{"line":67,"column":24},"end":{"line":67,"column":null}},"8":{"start":{"line":70,"column":8},"end":{"line":76,"column":null}},"9":{"start":{"line":71,"column":16},"end":{"line":71,"column":null}},"10":{"start":{"line":72,"column":4},"end":{"line":74,"column":null}},"11":{"start":{"line":73,"column":6},"end":{"line":73,"column":null}},"12":{"start":{"line":73,"column":30},"end":{"line":73,"column":null}},"13":{"start":{"line":75,"column":4},"end":{"line":75,"column":null}},"14":{"start":{"line":78,"column":8},"end":{"line":78,"column":null}},"15":{"start":{"line":78,"column":43},"end":{"line":78,"column":78}},"16":{"start":{"line":78,"column":71},"end":{"line":78,"column":75}},"17":{"start":{"line":81,"column":8},"end":{"line":84,"column":null}},"18":{"start":{"line":82,"column":4},"end":{"line":82,"column":null}},"19":{"start":{"line":87,"column":8},"end":{"line":90,"column":null}},"20":{"start":{"line":88,"column":4},"end":{"line":88,"column":null}},"21":{"start":{"line":93,"column":8},"end":{"line":93,"column":null}},"22":{"start":{"line":93,"column":33},"end":{"line":93,"column":78}},"23":{"start":{"line":94,"column":8},"end":{"line":94,"column":null}},"24":{"start":{"line":94,"column":32},"end":{"line":94,"column":72}},"25":{"start":{"line":97,"column":8},"end":{"line":100,"column":null}},"26":{"start":{"line":98,"column":4},"end":{"line":98,"column":null}},"27":{"start":{"line":103,"column":8},"end":{"line":103,"column":null}},"28":{"start":{"line":103,"column":31},"end":{"line":103,"column":74}},"29":{"start":{"line":106,"column":8},"end":{"line":110,"column":null}},"30":{"start":{"line":107,"column":4},"end":{"line":107,"column":null}},"31":{"start":{"line":107,"column":58},"end":{"line":107,"column":72}},"32":{"start":{"line":108,"column":4},"end":{"line":108,"column":null}},"33":{"start":{"line":109,"column":4},"end":{"line":109,"column":null}},"34":{"start":{"line":113,"column":8},"end":{"line":126,"column":null}},"35":{"start":{"line":114,"column":51},"end":{"line":119,"column":null}},"36":{"start":{"line":120,"column":4},"end":{"line":124,"column":null}},"37":{"start":{"line":121,"column":6},"end":{"line":123,"column":null}},"38":{"start":{"line":122,"column":8},"end":{"line":122,"column":null}},"39":{"start":{"line":125,"column":4},"end":{"line":125,"column":null}},"40":{"start":{"line":129,"column":8},"end":{"line":137,"column":null}},"41":{"start":{"line":130,"column":16},"end":{"line":130,"column":null}},"42":{"start":{"line":131,"column":4},"end":{"line":135,"column":null}},"43":{"start":{"line":132,"column":6},"end":{"line":134,"column":null}},"44":{"start":{"line":133,"column":8},"end":{"line":133,"column":null}},"45":{"start":{"line":136,"column":4},"end":{"line":136,"column":null}},"46":{"start":{"line":139,"column":35},"end":{"line":141,"column":null}},"47":{"start":{"line":140,"column":4},"end":{"line":140,"column":null}},"48":{"start":{"line":140,"column":31},"end":{"line":140,"column":70}},"49":{"start":{"line":143,"column":26},"end":{"line":151,"column":null}},"50":{"start":{"line":144,"column":4},"end":{"line":144,"column":null}},"51":{"start":{"line":145,"column":4},"end":{"line":150,"column":null}},"52":{"start":{"line":146,"column":12},"end":{"line":146,"column":null}},"53":{"start":{"line":147,"column":6},"end":{"line":147,"column":null}},"54":{"start":{"line":149,"column":6},"end":{"line":149,"column":null}},"55":{"start":{"line":153,"column":32},"end":{"line":167,"column":null}},"56":{"start":{"line":154,"column":20},"end":{"line":154,"column":null}},"57":{"start":{"line":154,"column":49},"end":{"line":154,"column":69}},"58":{"start":{"line":155,"column":4},"end":{"line":166,"column":null}},"59":{"start":{"line":156,"column":6},"end":{"line":165,"column":null}},"60":{"start":{"line":157,"column":8},"end":{"line":157,"column":null}},"61":{"start":{"line":157,"column":46},"end":{"line":157,"column":null}},"62":{"start":{"line":158,"column":26},"end":{"line":158,"column":null}},"63":{"start":{"line":159,"column":8},"end":{"line":164,"column":null}},"64":{"start":{"line":169,"column":24},"end":{"line":172,"column":null}},"65":{"start":{"line":170,"column":4},"end":{"line":170,"column":null}},"66":{"start":{"line":171,"column":4},"end":{"line":171,"column":null}},"67":{"start":{"line":175,"column":4},"end":{"line":175,"column":null}},"68":{"start":{"line":176,"column":24},"end":{"line":176,"column":null}},"69":{"start":{"line":178,"column":2},"end":{"line":394,"column":null}},"70":{"start":{"line":209,"column":12},"end":{"line":218,"column":null}},"71":{"start":{"line":215,"column":31},"end":{"line":215,"column":null}},"72":{"start":{"line":230,"column":10},"end":{"line":232,"column":null}},"73":{"start":{"line":237,"column":10},"end":{"line":239,"column":null}},"74":{"start":{"line":247,"column":14},"end":{"line":249,"column":null}},"75":{"start":{"line":278,"column":10},"end":{"line":280,"column":null}},"76":{"start":{"line":285,"column":10},"end":{"line":287,"column":null}},"77":{"start":{"line":310,"column":12},"end":{"line":319,"column":null}},"78":{"start":{"line":331,"column":27},"end":{"line":331,"column":41}},"79":{"start":{"line":333,"column":14},"end":{"line":383,"column":null}},"80":{"start":{"line":350,"column":37},"end":{"line":350,"column":null}},"81":{"start":{"line":357,"column":31},"end":{"line":357,"column":null}},"82":{"start":{"line":360,"column":24},"end":{"line":379,"column":null}}},"fnMap":{"0":{"name":"CharacterAssignmentDialog","decl":{"start":{"line":52,"column":16},"end":{"line":52,"column":42}},"loc":{"start":{"line":58,"column":35},"end":{"line":396,"column":null}},"line":58},"1":{"name":"(anonymous_1)","decl":{"start":{"line":59,"column":32},"end":{"line":59,"column":38}},"loc":{"start":{"line":59,"column":38},"end":{"line":59,"column":77}},"line":59},"2":{"name":"(anonymous_2)","decl":{"start":{"line":59,"column":53},"end":{"line":59,"column":54}},"loc":{"start":{"line":59,"column":60},"end":{"line":59,"column":74}},"line":59},"3":{"name":"(anonymous_3)","decl":{"start":{"line":61,"column":4},"end":{"line":61,"column":10}},"loc":{"start":{"line":61,"column":4},"end":{"line":61,"column":null}},"line":61},"4":{"name":"(anonymous_4)","decl":{"start":{"line":70,"column":38},"end":{"line":70,"column":44}},"loc":{"start":{"line":70,"column":44},"end":{"line":76,"column":5}},"line":70},"5":{"name":"(anonymous_5)","decl":{"start":{"line":78,"column":37},"end":{"line":78,"column":43}},"loc":{"start":{"line":78,"column":43},"end":{"line":78,"column":78}},"line":78},"6":{"name":"(anonymous_6)","decl":{"start":{"line":78,"column":64},"end":{"line":78,"column":65}},"loc":{"start":{"line":78,"column":71},"end":{"line":78,"column":75}},"line":78},"7":{"name":"(anonymous_7)","decl":{"start":{"line":82,"column":4},"end":{"line":82,"column":10}},"loc":{"start":{"line":82,"column":4},"end":{"line":82,"column":null}},"line":82},"8":{"name":"(anonymous_8)","decl":{"start":{"line":88,"column":4},"end":{"line":88,"column":10}},"loc":{"start":{"line":88,"column":4},"end":{"line":88,"column":null}},"line":88},"9":{"name":"(anonymous_9)","decl":{"start":{"line":93,"column":33},"end":{"line":93,"column":39}},"loc":{"start":{"line":93,"column":33},"end":{"line":93,"column":78}},"line":93},"10":{"name":"(anonymous_10)","decl":{"start":{"line":94,"column":32},"end":{"line":94,"column":38}},"loc":{"start":{"line":94,"column":32},"end":{"line":94,"column":72}},"line":94},"11":{"name":"(anonymous_11)","decl":{"start":{"line":98,"column":4},"end":{"line":98,"column":10}},"loc":{"start":{"line":98,"column":4},"end":{"line":98,"column":null}},"line":98},"12":{"name":"(anonymous_12)","decl":{"start":{"line":103,"column":31},"end":{"line":103,"column":37}},"loc":{"start":{"line":103,"column":31},"end":{"line":103,"column":74}},"line":103},"13":{"name":"(anonymous_13)","decl":{"start":{"line":106,"column":34},"end":{"line":106,"column":40}},"loc":{"start":{"line":106,"column":40},"end":{"line":110,"column":5}},"line":106},"14":{"name":"(anonymous_14)","decl":{"start":{"line":107,"column":51},"end":{"line":107,"column":52}},"loc":{"start":{"line":107,"column":58},"end":{"line":107,"column":72}},"line":107},"15":{"name":"(anonymous_15)","decl":{"start":{"line":113,"column":30},"end":{"line":113,"column":36}},"loc":{"start":{"line":113,"column":36},"end":{"line":126,"column":5}},"line":113},"16":{"name":"(anonymous_16)","decl":{"start":{"line":129,"column":30},"end":{"line":129,"column":36}},"loc":{"start":{"line":129,"column":36},"end":{"line":137,"column":5}},"line":129},"17":{"name":"(anonymous_17)","decl":{"start":{"line":139,"column":35},"end":{"line":139,"column":36}},"loc":{"start":{"line":139,"column":79},"end":{"line":141,"column":null}},"line":139},"18":{"name":"(anonymous_18)","decl":{"start":{"line":140,"column":20},"end":{"line":140,"column":21}},"loc":{"start":{"line":140,"column":31},"end":{"line":140,"column":70}},"line":140},"19":{"name":"(anonymous_19)","decl":{"start":{"line":143,"column":26},"end":{"line":143,"column":32}},"loc":{"start":{"line":143,"column":32},"end":{"line":151,"column":null}},"line":143},"20":{"name":"(anonymous_20)","decl":{"start":{"line":153,"column":32},"end":{"line":153,"column":33}},"loc":{"start":{"line":153,"column":71},"end":{"line":167,"column":null}},"line":153},"21":{"name":"(anonymous_21)","decl":{"start":{"line":154,"column":42},"end":{"line":154,"column":43}},"loc":{"start":{"line":154,"column":49},"end":{"line":154,"column":69}},"line":154},"22":{"name":"(anonymous_22)","decl":{"start":{"line":155,"column":20},"end":{"line":155,"column":21}},"loc":{"start":{"line":156,"column":6},"end":{"line":165,"column":null}},"line":156},"23":{"name":"(anonymous_23)","decl":{"start":{"line":156,"column":15},"end":{"line":156,"column":16}},"loc":{"start":{"line":156,"column":22},"end":{"line":165,"column":7}},"line":156},"24":{"name":"(anonymous_24)","decl":{"start":{"line":169,"column":24},"end":{"line":169,"column":30}},"loc":{"start":{"line":169,"column":30},"end":{"line":172,"column":null}},"line":169},"25":{"name":"(anonymous_25)","decl":{"start":{"line":208,"column":16},"end":{"line":208,"column":17}},"loc":{"start":{"line":209,"column":12},"end":{"line":218,"column":null}},"line":209},"26":{"name":"(anonymous_26)","decl":{"start":{"line":215,"column":24},"end":{"line":215,"column":25}},"loc":{"start":{"line":215,"column":31},"end":{"line":215,"column":null}},"line":215},"27":{"name":"(anonymous_27)","decl":{"start":{"line":229,"column":25},"end":{"line":229,"column":26}},"loc":{"start":{"line":230,"column":10},"end":{"line":232,"column":null}},"line":230},"28":{"name":"(anonymous_28)","decl":{"start":{"line":236,"column":22},"end":{"line":236,"column":23}},"loc":{"start":{"line":237,"column":10},"end":{"line":239,"column":null}},"line":237},"29":{"name":"(anonymous_29)","decl":{"start":{"line":246,"column":32},"end":{"line":246,"column":33}},"loc":{"start":{"line":247,"column":14},"end":{"line":249,"column":null}},"line":247},"30":{"name":"(anonymous_30)","decl":{"start":{"line":277,"column":32},"end":{"line":277,"column":33}},"loc":{"start":{"line":278,"column":10},"end":{"line":280,"column":null}},"line":278},"31":{"name":"(anonymous_31)","decl":{"start":{"line":284,"column":26},"end":{"line":284,"column":27}},"loc":{"start":{"line":285,"column":10},"end":{"line":287,"column":null}},"line":285},"32":{"name":"(anonymous_32)","decl":{"start":{"line":309,"column":71},"end":{"line":309,"column":72}},"loc":{"start":{"line":310,"column":12},"end":{"line":319,"column":null}},"line":310},"33":{"name":"(anonymous_33)","decl":{"start":{"line":331,"column":20},"end":{"line":331,"column":21}},"loc":{"start":{"line":331,"column":27},"end":{"line":331,"column":41}},"line":331},"34":{"name":"(anonymous_34)","decl":{"start":{"line":332,"column":17},"end":{"line":332,"column":18}},"loc":{"start":{"line":333,"column":14},"end":{"line":383,"column":null}},"line":333},"35":{"name":"(anonymous_35)","decl":{"start":{"line":350,"column":30},"end":{"line":350,"column":31}},"loc":{"start":{"line":350,"column":37},"end":{"line":350,"column":null}},"line":350},"36":{"name":"(anonymous_36)","decl":{"start":{"line":357,"column":24},"end":{"line":357,"column":25}},"loc":{"start":{"line":357,"column":31},"end":{"line":357,"column":null}},"line":357},"37":{"name":"(anonymous_37)","decl":{"start":{"line":359,"column":27},"end":{"line":359,"column":28}},"loc":{"start":{"line":360,"column":24},"end":{"line":379,"column":null}},"line":360}},"branchMap":{"0":{"loc":{"start":{"line":73,"column":6},"end":{"line":73,"column":null}},"type":"if","locations":[{"start":{"line":73,"column":6},"end":{"line":73,"column":null}},{"start":{},"end":{}}],"line":73},"1":{"loc":{"start":{"line":121,"column":6},"end":{"line":123,"column":null}},"type":"if","locations":[{"start":{"line":121,"column":6},"end":{"line":123,"column":null}},{"start":{},"end":{}}],"line":121},"2":{"loc":{"start":{"line":132,"column":6},"end":{"line":134,"column":null}},"type":"if","locations":[{"start":{"line":132,"column":6},"end":{"line":134,"column":null}},{"start":{},"end":{}}],"line":132},"3":{"loc":{"start":{"line":132,"column":10},"end":{"line":132,"column":68}},"type":"binary-expr","locations":[{"start":{"line":132,"column":10},"end":{"line":132,"column":27}},{"start":{"line":132,"column":27},"end":{"line":132,"column":68}}],"line":132},"4":{"loc":{"start":{"line":149,"column":15},"end":{"line":149,"column":73}},"type":"cond-expr","locations":[{"start":{"line":149,"column":38},"end":{"line":149,"column":52}},{"start":{"line":149,"column":52},"end":{"line":149,"column":73}}],"line":149},"5":{"loc":{"start":{"line":157,"column":8},"end":{"line":157,"column":null}},"type":"if","locations":[{"start":{"line":157,"column":8},"end":{"line":157,"column":null}},{"start":{},"end":{}}],"line":157},"6":{"loc":{"start":{"line":157,"column":12},"end":{"line":157,"column":46}},"type":"binary-expr","locations":[{"start":{"line":157,"column":12},"end":{"line":157,"column":31}},{"start":{"line":157,"column":31},"end":{"line":157,"column":46}}],"line":157},"7":{"loc":{"start":{"line":158,"column":26},"end":{"line":158,"column":null}},"type":"cond-expr","locations":[{"start":{"line":158,"column":84},"end":{"line":158,"column":93}},{"start":{"line":158,"column":93},"end":{"line":158,"column":null}}],"line":158},"8":{"loc":{"start":{"line":158,"column":26},"end":{"line":158,"column":84}},"type":"binary-expr","locations":[{"start":{"line":158,"column":26},"end":{"line":158,"column":56}},{"start":{"line":158,"column":56},"end":{"line":158,"column":84}}],"line":158},"9":{"loc":{"start":{"line":215,"column":61},"end":{"line":215,"column":94}},"type":"binary-expr","locations":[{"start":{"line":215,"column":61},"end":{"line":215,"column":93}},{"start":{"line":215,"column":93},"end":{"line":215,"column":94}}],"line":215},"10":{"loc":{"start":{"line":222,"column":9},"end":{"line":225,"column":null}},"type":"binary-expr","locations":[{"start":{"line":222,"column":9},"end":{"line":222,"column":null}},{"start":{"line":223,"column":10},"end":{"line":225,"column":null}}],"line":222},"11":{"loc":{"start":{"line":243,"column":9},"end":{"line":273,"column":null}},"type":"binary-expr","locations":[{"start":{"line":243,"column":9},"end":{"line":243,"column":null}},{"start":{"line":244,"column":10},"end":{"line":273,"column":null}}],"line":243},"12":{"loc":{"start":{"line":248,"column":52},"end":{"line":248,"column":null}},"type":"binary-expr","locations":[{"start":{"line":248,"column":52},"end":{"line":248,"column":83}},{"start":{"line":248,"column":83},"end":{"line":248,"column":null}}],"line":248},"13":{"loc":{"start":{"line":251,"column":13},"end":{"line":255,"column":null}},"type":"binary-expr","locations":[{"start":{"line":251,"column":13},"end":{"line":251,"column":60}},{"start":{"line":251,"column":60},"end":{"line":251,"column":null}},{"start":{"line":252,"column":14},"end":{"line":255,"column":null}}],"line":251},"14":{"loc":{"start":{"line":253,"column":42},"end":{"line":253,"column":null}},"type":"cond-expr","locations":[{"start":{"line":253,"column":72},"end":{"line":253,"column":78}},{"start":{"line":253,"column":78},"end":{"line":253,"column":null}}],"line":253},"15":{"loc":{"start":{"line":257,"column":13},"end":{"line":260,"column":null}},"type":"binary-expr","locations":[{"start":{"line":257,"column":13},"end":{"line":257,"column":null}},{"start":{"line":258,"column":14},"end":{"line":260,"column":null}}],"line":257},"16":{"loc":{"start":{"line":262,"column":13},"end":{"line":266,"column":null}},"type":"binary-expr","locations":[{"start":{"line":262,"column":13},"end":{"line":262,"column":58}},{"start":{"line":262,"column":58},"end":{"line":262,"column":null}},{"start":{"line":263,"column":14},"end":{"line":266,"column":null}}],"line":262},"17":{"loc":{"start":{"line":264,"column":40},"end":{"line":264,"column":null}},"type":"cond-expr","locations":[{"start":{"line":264,"column":68},"end":{"line":264,"column":74}},{"start":{"line":264,"column":74},"end":{"line":264,"column":null}}],"line":264},"18":{"loc":{"start":{"line":268,"column":13},"end":{"line":271,"column":null}},"type":"binary-expr","locations":[{"start":{"line":268,"column":13},"end":{"line":268,"column":null}},{"start":{"line":269,"column":14},"end":{"line":271,"column":null}}],"line":268},"19":{"loc":{"start":{"line":296,"column":9},"end":{"line":299,"column":null}},"type":"binary-expr","locations":[{"start":{"line":296,"column":9},"end":{"line":296,"column":null}},{"start":{"line":297,"column":10},"end":{"line":299,"column":null}}],"line":296},"20":{"loc":{"start":{"line":312,"column":33},"end":{"line":312,"column":63}},"type":"binary-expr","locations":[{"start":{"line":312,"column":33},"end":{"line":312,"column":62}},{"start":{"line":312,"column":62},"end":{"line":312,"column":63}}],"line":312},"21":{"loc":{"start":{"line":357,"column":31},"end":{"line":357,"column":null}},"type":"binary-expr","locations":[{"start":{"line":357,"column":31},"end":{"line":357,"column":57}},{"start":{"line":357,"column":57},"end":{"line":357,"column":80}},{"start":{"line":357,"column":80},"end":{"line":357,"column":null}}],"line":357},"22":{"loc":{"start":{"line":364,"column":28},"end":{"line":366,"column":null}},"type":"binary-expr","locations":[{"start":{"line":364,"column":28},"end":{"line":364,"column":null}},{"start":{"line":365,"column":28},"end":{"line":365,"column":null}},{"start":{"line":366,"column":28},"end":{"line":366,"column":null}}],"line":364},"23":{"loc":{"start":{"line":371,"column":30},"end":{"line":375,"column":null}},"type":"cond-expr","locations":[{"start":{"line":374,"column":34},"end":{"line":374,"column":null}},{"start":{"line":375,"column":34},"end":{"line":375,"column":null}}],"line":371},"24":{"loc":{"start":{"line":371,"column":30},"end":{"line":373,"column":null}},"type":"binary-expr","locations":[{"start":{"line":371,"column":30},"end":{"line":371,"column":null}},{"start":{"line":372,"column":30},"end":{"line":372,"column":null}},{"start":{"line":373,"column":30},"end":{"line":373,"column":null}}],"line":371}},"s":{"0":33,"1":16,"2":82,"3":33,"4":16,"5":33,"6":33,"7":33,"8":33,"9":16,"10":16,"11":86,"12":0,"13":16,"14":33,"15":16,"16":86,"17":33,"18":16,"19":33,"20":32,"21":33,"22":16,"23":33,"24":16,"25":33,"26":16,"27":33,"28":16,"29":33,"30":15,"31":77,"32":15,"33":15,"34":33,"35":16,"36":16,"37":86,"38":86,"39":16,"40":33,"41":31,"42":31,"43":159,"44":4,"45":31,"46":33,"47":1,"48":1,"49":33,"50":1,"51":1,"52":1,"53":1,"54":1,"55":33,"56":0,"57":0,"58":0,"59":0,"60":0,"61":0,"62":0,"63":0,"64":33,"65":1,"66":1,"67":33,"68":33,"69":33,"70":132,"71":1,"72":0,"73":0,"74":0,"75":0,"76":0,"77":132,"78":169,"79":165,"80":0,"81":870,"82":870},"f":{"0":33,"1":16,"2":82,"3":16,"4":16,"5":16,"6":86,"7":16,"8":32,"9":16,"10":16,"11":16,"12":16,"13":15,"14":77,"15":16,"16":31,"17":1,"18":1,"19":1,"20":0,"21":0,"22":0,"23":0,"24":1,"25":132,"26":1,"27":0,"28":0,"29":0,"30":0,"31":0,"32":132,"33":169,"34":165,"35":0,"36":870,"37":870},"b":{"0":[0,86],"1":[86,0],"2":[4,155],"3":[159,4],"4":[1,0],"5":[0,0],"6":[0,0],"7":[0,0],"8":[0,0],"9":[1,1],"10":[33,1],"11":[33,0],"12":[0,0],"13":[0,0,0],"14":[0,0],"15":[0,0],"16":[0,0,0],"17":[0,0],"18":[0,0],"19":[33,1],"20":[132,0],"21":[870,870,870],"22":[870,0,0],"23":[0,870],"24":[870,0,0]},"meta":{"lastBranch":25,"lastFunction":38,"lastStatement":83,"seen":{"f:52:16:52:42":0,"s:59:8:59:Infinity":0,"f:59:32:59:38":1,"s:59:38:59:77":1,"f:59:53:59:54":2,"s:59:60:59:74":2,"s:60:8:63:Infinity":3,"f:61:4:61:10":3,"s:61:4:61:Infinity":4,"s:65:38:65:Infinity":5,"s:66:38:66:Infinity":6,"s:67:24:67:Infinity":7,"s:70:8:76:Infinity":8,"f:70:38:70:44":4,"s:71:16:71:Infinity":9,"s:72:4:74:Infinity":10,"b:73:6:73:Infinity:undefined:undefined:undefined:undefined":0,"s:73:6:73:Infinity":11,"s:73:30:73:Infinity":12,"s:75:4:75:Infinity":13,"s:78:8:78:Infinity":14,"f:78:37:78:43":5,"s:78:43:78:78":15,"f:78:64:78:65":6,"s:78:71:78:75":16,"s:81:8:84:Infinity":17,"f:82:4:82:10":7,"s:82:4:82:Infinity":18,"s:87:8:90:Infinity":19,"f:88:4:88:10":8,"s:88:4:88:Infinity":20,"s:93:8:93:Infinity":21,"f:93:33:93:39":9,"s:93:33:93:78":22,"s:94:8:94:Infinity":23,"f:94:32:94:38":10,"s:94:32:94:72":24,"s:97:8:100:Infinity":25,"f:98:4:98:10":11,"s:98:4:98:Infinity":26,"s:103:8:103:Infinity":27,"f:103:31:103:37":12,"s:103:31:103:74":28,"s:106:8:110:Infinity":29,"f:106:34:106:40":13,"s:107:4:107:Infinity":30,"f:107:51:107:52":14,"s:107:58:107:72":31,"s:108:4:108:Infinity":32,"s:109:4:109:Infinity":33,"s:113:8:126:Infinity":34,"f:113:30:113:36":15,"s:114:51:119:Infinity":35,"s:120:4:124:Infinity":36,"b:121:6:123:Infinity:undefined:undefined:undefined:undefined":1,"s:121:6:123:Infinity":37,"s:122:8:122:Infinity":38,"s:125:4:125:Infinity":39,"s:129:8:137:Infinity":40,"f:129:30:129:36":16,"s:130:16:130:Infinity":41,"s:131:4:135:Infinity":42,"b:132:6:134:Infinity:undefined:undefined:undefined:undefined":2,"s:132:6:134:Infinity":43,"b:132:10:132:27:132:27:132:68":3,"s:133:8:133:Infinity":44,"s:136:4:136:Infinity":45,"s:139:35:141:Infinity":46,"f:139:35:139:36":17,"s:140:4:140:Infinity":47,"f:140:20:140:21":18,"s:140:31:140:70":48,"s:143:26:151:Infinity":49,"f:143:26:143:32":19,"s:144:4:144:Infinity":50,"s:145:4:150:Infinity":51,"s:146:12:146:Infinity":52,"s:147:6:147:Infinity":53,"s:149:6:149:Infinity":54,"b:149:38:149:52:149:52:149:73":4,"s:153:32:167:Infinity":55,"f:153:32:153:33":20,"s:154:20:154:Infinity":56,"f:154:42:154:43":21,"s:154:49:154:69":57,"s:155:4:166:Infinity":58,"f:155:20:155:21":22,"s:156:6:165:Infinity":59,"f:156:15:156:16":23,"b:157:8:157:Infinity:undefined:undefined:undefined:undefined":5,"s:157:8:157:Infinity":60,"b:157:12:157:31:157:31:157:46":6,"s:157:46:157:Infinity":61,"s:158:26:158:Infinity":62,"b:158:84:158:93:158:93:158:Infinity":7,"b:158:26:158:56:158:56:158:84":8,"s:159:8:164:Infinity":63,"s:169:24:172:Infinity":64,"f:169:24:169:30":24,"s:170:4:170:Infinity":65,"s:171:4:171:Infinity":66,"s:175:4:175:Infinity":67,"s:176:24:176:Infinity":68,"s:178:2:394:Infinity":69,"f:208:16:208:17":25,"s:209:12:218:Infinity":70,"f:215:24:215:25":26,"s:215:31:215:Infinity":71,"b:215:61:215:93:215:93:215:94":9,"b:222:9:222:Infinity:223:10:225:Infinity":10,"f:229:25:229:26":27,"s:230:10:232:Infinity":72,"f:236:22:236:23":28,"s:237:10:239:Infinity":73,"b:243:9:243:Infinity:244:10:273:Infinity":11,"f:246:32:246:33":29,"s:247:14:249:Infinity":74,"b:248:52:248:83:248:83:248:Infinity":12,"b:251:13:251:60:251:60:251:Infinity:252:14:255:Infinity":13,"b:253:72:253:78:253:78:253:Infinity":14,"b:257:13:257:Infinity:258:14:260:Infinity":15,"b:262:13:262:58:262:58:262:Infinity:263:14:266:Infinity":16,"b:264:68:264:74:264:74:264:Infinity":17,"b:268:13:268:Infinity:269:14:271:Infinity":18,"f:277:32:277:33":30,"s:278:10:280:Infinity":75,"f:284:26:284:27":31,"s:285:10:287:Infinity":76,"b:296:9:296:Infinity:297:10:299:Infinity":19,"f:309:71:309:72":32,"s:310:12:319:Infinity":77,"b:312:33:312:62:312:62:312:63":20,"f:331:20:331:21":33,"s:331:27:331:41":78,"f:332:17:332:18":34,"s:333:14:383:Infinity":79,"f:350:30:350:31":35,"s:350:37:350:Infinity":80,"f:357:24:357:25":36,"s:357:31:357:Infinity":81,"b:357:31:357:57:357:57:357:80:357:80:357:Infinity":21,"f:359:27:359:28":37,"s:360:24:379:Infinity":82,"b:364:28:364:Infinity:365:28:365:Infinity:366:28:366:Infinity":22,"b:374:34:374:Infinity:375:34:375:Infinity":23,"b:371:30:371:Infinity:372:30:372:Infinity:373:30:373:Infinity":24}}}
,"D:\\StorytellerCards\\worktree-m23-combined\\UI\\src\\components\\NightHistory\\NightHistoryDrawer.tsx": {"path":"D:\\StorytellerCards\\worktree-m23-combined\\UI\\src\\components\\NightHistory\\NightHistoryDrawer.tsx","statementMap":{"0":{"start":{"line":30,"column":16},"end":{"line":30,"column":null}},"1":{"start":{"line":31,"column":23},"end":{"line":31,"column":null}},"2":{"start":{"line":32,"column":8},"end":{"line":35,"column":null}},"3":{"start":{"line":33,"column":10},"end":{"line":33,"column":null}},"4":{"start":{"line":36,"column":8},"end":{"line":36,"column":null}},"5":{"start":{"line":36,"column":32},"end":{"line":36,"column":59}},"6":{"start":{"line":38,"column":36},"end":{"line":38,"column":null}},"7":{"start":{"line":39,"column":36},"end":{"line":39,"column":null}},"8":{"start":{"line":41,"column":21},"end":{"line":47,"column":null}},"9":{"start":{"line":42,"column":4},"end":{"line":46,"column":null}},"10":{"start":{"line":43,"column":6},"end":{"line":43,"column":null}},"11":{"start":{"line":45,"column":6},"end":{"line":45,"column":null}},"12":{"start":{"line":50,"column":8},"end":{"line":53,"column":null}},"13":{"start":{"line":51,"column":10},"end":{"line":51,"column":null}},"14":{"start":{"line":51,"column":28},"end":{"line":51,"column":98}},"15":{"start":{"line":55,"column":2},"end":{"line":201,"column":null}},"16":{"start":{"line":98,"column":69},"end":{"line":98,"column":null}},"17":{"start":{"line":99,"column":28},"end":{"line":101,"column":null}},"18":{"start":{"line":102,"column":35},"end":{"line":102,"column":null}},"19":{"start":{"line":104,"column":14},"end":{"line":184,"column":null}},"20":{"start":{"line":108,"column":20},"end":{"line":108,"column":null}},"21":{"start":{"line":109,"column":20},"end":{"line":109,"column":null}},"22":{"start":{"line":159,"column":30},"end":{"line":174,"column":null}},"23":{"start":{"line":198,"column":25},"end":{"line":198,"column":null}}},"fnMap":{"0":{"name":"NightHistoryDrawer","decl":{"start":{"line":29,"column":16},"end":{"line":29,"column":35}},"loc":{"start":{"line":29,"column":79},"end":{"line":203,"column":null}},"line":29},"1":{"name":"(anonymous_1)","decl":{"start":{"line":33,"column":4},"end":{"line":33,"column":10}},"loc":{"start":{"line":33,"column":10},"end":{"line":33,"column":null}},"line":33},"2":{"name":"(anonymous_2)","decl":{"start":{"line":36,"column":26},"end":{"line":36,"column":32}},"loc":{"start":{"line":36,"column":32},"end":{"line":36,"column":59}},"line":36},"3":{"name":"(anonymous_3)","decl":{"start":{"line":41,"column":21},"end":{"line":41,"column":22}},"loc":{"start":{"line":41,"column":46},"end":{"line":47,"column":null}},"line":41},"4":{"name":"(anonymous_4)","decl":{"start":{"line":51,"column":4},"end":{"line":51,"column":10}},"loc":{"start":{"line":51,"column":10},"end":{"line":51,"column":null}},"line":51},"5":{"name":"(anonymous_5)","decl":{"start":{"line":51,"column":27},"end":{"line":51,"column":28}},"loc":{"start":{"line":51,"column":28},"end":{"line":51,"column":98}},"line":51},"6":{"name":"(anonymous_6)","decl":{"start":{"line":97,"column":30},"end":{"line":97,"column":31}},"loc":{"start":{"line":97,"column":46},"end":{"line":186,"column":13}},"line":97},"7":{"name":"(anonymous_7)","decl":{"start":{"line":107,"column":27},"end":{"line":107,"column":33}},"loc":{"start":{"line":107,"column":33},"end":{"line":110,"column":null}},"line":107},"8":{"name":"(anonymous_8)","decl":{"start":{"line":158,"column":46},"end":{"line":158,"column":47}},"loc":{"start":{"line":159,"column":30},"end":{"line":174,"column":null}},"line":159},"9":{"name":"(anonymous_9)","decl":{"start":{"line":198,"column":19},"end":{"line":198,"column":25}},"loc":{"start":{"line":198,"column":25},"end":{"line":198,"column":null}},"line":198}},"branchMap":{"0":{"loc":{"start":{"line":33,"column":10},"end":{"line":33,"column":null}},"type":"binary-expr","locations":[{"start":{"line":33,"column":10},"end":{"line":33,"column":38}},{"start":{"line":33,"column":38},"end":{"line":33,"column":null}}],"line":33},"1":{"loc":{"start":{"line":36,"column":32},"end":{"line":36,"column":59}},"type":"binary-expr","locations":[{"start":{"line":36,"column":32},"end":{"line":36,"column":55}},{"start":{"line":36,"column":55},"end":{"line":36,"column":59}}],"line":36},"2":{"loc":{"start":{"line":89,"column":9},"end":{"line":187,"column":null}},"type":"cond-expr","locations":[{"start":{"line":90,"column":10},"end":{"line":94,"column":null}},{"start":{"line":96,"column":10},"end":{"line":187,"column":null}}],"line":89},"3":{"loc":{"start":{"line":99,"column":28},"end":{"line":101,"column":null}},"type":"cond-expr","locations":[{"start":{"line":100,"column":18},"end":{"line":100,"column":null}},{"start":{"line":101,"column":18},"end":{"line":101,"column":null}}],"line":99},"4":{"loc":{"start":{"line":102,"column":35},"end":{"line":102,"column":null}},"type":"binary-expr","locations":[{"start":{"line":102,"column":35},"end":{"line":102,"column":53}},{"start":{"line":102,"column":53},"end":{"line":102,"column":null}}],"line":102},"5":{"loc":{"start":{"line":144,"column":32},"end":{"line":146,"column":null}},"type":"cond-expr","locations":[{"start":{"line":145,"column":36},"end":{"line":145,"column":null}},{"start":{"line":146,"column":36},"end":{"line":146,"column":null}}],"line":144},"6":{"loc":{"start":{"line":151,"column":27},"end":{"line":152,"column":null}},"type":"binary-expr","locations":[{"start":{"line":151,"column":27},"end":{"line":151,"column":null}},{"start":{"line":152,"column":28},"end":{"line":152,"column":null}}],"line":151},"7":{"loc":{"start":{"line":156,"column":25},"end":{"line":176,"column":null}},"type":"binary-expr","locations":[{"start":{"line":156,"column":25},"end":{"line":156,"column":null}},{"start":{"line":157,"column":26},"end":{"line":176,"column":null}}],"line":156},"8":{"loc":{"start":{"line":173,"column":33},"end":{"line":173,"column":80}},"type":"cond-expr","locations":[{"start":{"line":173,"column":51},"end":{"line":173,"column":77}},{"start":{"line":173,"column":77},"end":{"line":173,"column":80}}],"line":173},"9":{"loc":{"start":{"line":192,"column":7},"end":{"line":199,"column":null}},"type":"binary-expr","locations":[{"start":{"line":192,"column":7},"end":{"line":192,"column":null}},{"start":{"line":193,"column":8},"end":{"line":199,"column":null}}],"line":192}},"s":{"0":19,"1":19,"2":19,"3":16,"4":19,"5":16,"6":19,"7":19,"8":19,"9":49,"10":49,"11":0,"12":19,"13":19,"14":49,"15":19,"16":49,"17":49,"18":49,"19":49,"20":2,"21":2,"22":48,"23":1},"f":{"0":19,"1":16,"2":16,"3":49,"4":19,"5":49,"6":49,"7":2,"8":48,"9":1},"b":{"0":[16,1],"1":[16,1],"2":[2,17],"3":[17,32],"4":[49,0],"5":[33,16],"6":[49,32],"7":[49,32],"8":[48,0],"9":[19,2]},"meta":{"lastBranch":10,"lastFunction":10,"lastStatement":24,"seen":{"f:29:16:29:35":0,"s:30:16:30:Infinity":0,"s:31:23:31:Infinity":1,"s:32:8:35:Infinity":2,"f:33:4:33:10":1,"s:33:10:33:Infinity":3,"b:33:10:33:38:33:38:33:Infinity":0,"s:36:8:36:Infinity":4,"f:36:26:36:32":2,"s:36:32:36:59":5,"b:36:32:36:55:36:55:36:59":1,"s:38:36:38:Infinity":6,"s:39:36:39:Infinity":7,"s:41:21:47:Infinity":8,"f:41:21:41:22":3,"s:42:4:46:Infinity":9,"s:43:6:43:Infinity":10,"s:45:6:45:Infinity":11,"s:50:8:53:Infinity":12,"f:51:4:51:10":4,"s:51:10:51:Infinity":13,"f:51:27:51:28":5,"s:51:28:51:98":14,"s:55:2:201:Infinity":15,"b:90:10:94:Infinity:96:10:187:Infinity":2,"f:97:30:97:31":6,"s:98:69:98:Infinity":16,"s:99:28:101:Infinity":17,"b:100:18:100:Infinity:101:18:101:Infinity":3,"s:102:35:102:Infinity":18,"b:102:35:102:53:102:53:102:Infinity":4,"s:104:14:184:Infinity":19,"f:107:27:107:33":7,"s:108:20:108:Infinity":20,"s:109:20:109:Infinity":21,"b:145:36:145:Infinity:146:36:146:Infinity":5,"b:151:27:151:Infinity:152:28:152:Infinity":6,"b:156:25:156:Infinity:157:26:176:Infinity":7,"f:158:46:158:47":8,"s:159:30:174:Infinity":22,"b:173:51:173:77:173:77:173:80":8,"b:192:7:192:Infinity:193:8:199:Infinity":9,"f:198:19:198:25":9,"s:198:25:198:Infinity":23}}}
,"D:\\StorytellerCards\\worktree-m23-combined\\UI\\src\\components\\NightHistory\\NightHistoryReview.tsx": {"path":"D:\\StorytellerCards\\worktree-m23-combined\\UI\\src\\components\\NightHistory\\NightHistoryReview.tsx","statementMap":{"0":{"start":{"line":39,"column":86},"end":{"line":39,"column":null}},"1":{"start":{"line":40,"column":38},"end":{"line":40,"column":null}},"2":{"start":{"line":42,"column":34},"end":{"line":42,"column":null}},"3":{"start":{"line":45,"column":8},"end":{"line":45,"column":null}},"4":{"start":{"line":45,"column":43},"end":{"line":45,"column":77}},"5":{"start":{"line":45,"column":69},"end":{"line":45,"column":74}},"6":{"start":{"line":50,"column":8},"end":{"line":62,"column":null}},"7":{"start":{"line":51,"column":24},"end":{"line":51,"column":null}},"8":{"start":{"line":52,"column":21},"end":{"line":52,"column":null}},"9":{"start":{"line":53,"column":4},"end":{"line":53,"column":null}},"10":{"start":{"line":53,"column":19},"end":{"line":53,"column":null}},"11":{"start":{"line":54,"column":4},"end":{"line":61,"column":null}},"12":{"start":{"line":55,"column":29},"end":{"line":55,"column":null}},"13":{"start":{"line":56,"column":6},"end":{"line":58,"column":null}},"14":{"start":{"line":57,"column":8},"end":{"line":57,"column":null}},"15":{"start":{"line":60,"column":6},"end":{"line":60,"column":null}},"16":{"start":{"line":65,"column":8},"end":{"line":65,"column":null}},"17":{"start":{"line":68,"column":34},"end":{"line":71,"column":null}},"18":{"start":{"line":68,"column":73},"end":{"line":71,"column":4}},"19":{"start":{"line":74,"column":8},"end":{"line":83,"column":null}},"20":{"start":{"line":75,"column":11},"end":{"line":81,"column":null}},"21":{"start":{"line":86,"column":8},"end":{"line":103,"column":null}},"22":{"start":{"line":88,"column":6},"end":{"line":100,"column":null}},"23":{"start":{"line":90,"column":10},"end":{"line":91,"column":null}},"24":{"start":{"line":91,"column":40},"end":{"line":91,"column":60}},"25":{"start":{"line":92,"column":24},"end":{"line":92,"column":null}},"26":{"start":{"line":93,"column":8},"end":{"line":93,"column":null}},"27":{"start":{"line":94,"column":44},"end":{"line":97,"column":null}},"28":{"start":{"line":98,"column":8},"end":{"line":98,"column":null}},"29":{"start":{"line":99,"column":8},"end":{"line":99,"column":null}},"30":{"start":{"line":106,"column":8},"end":{"line":115,"column":null}},"31":{"start":{"line":108,"column":6},"end":{"line":111,"column":null}},"32":{"start":{"line":108,"column":31},"end":{"line":111,"column":8}},"33":{"start":{"line":112,"column":6},"end":{"line":112,"column":null}},"34":{"start":{"line":118,"column":8},"end":{"line":127,"column":null}},"35":{"start":{"line":120,"column":6},"end":{"line":123,"column":null}},"36":{"start":{"line":120,"column":31},"end":{"line":123,"column":8}},"37":{"start":{"line":124,"column":6},"end":{"line":124,"column":null}},"38":{"start":{"line":129,"column":2},"end":{"line":129,"column":null}},"39":{"start":{"line":129,"column":13},"end":{"line":129,"column":null}},"40":{"start":{"line":131,"column":21},"end":{"line":133,"column":null}},"41":{"start":{"line":135,"column":2},"end":{"line":209,"column":null}},"42":{"start":{"line":177,"column":25},"end":{"line":177,"column":null}},"43":{"start":{"line":177,"column":49},"end":{"line":177,"column":54}}},"fnMap":{"0":{"name":"NightHistoryReview","decl":{"start":{"line":32,"column":16},"end":{"line":32,"column":35}},"loc":{"start":{"line":38,"column":28},"end":{"line":211,"column":null}},"line":38},"1":{"name":"(anonymous_1)","decl":{"start":{"line":45,"column":37},"end":{"line":45,"column":43}},"loc":{"start":{"line":45,"column":43},"end":{"line":45,"column":77}},"line":45},"2":{"name":"(anonymous_2)","decl":{"start":{"line":45,"column":61},"end":{"line":45,"column":62}},"loc":{"start":{"line":45,"column":69},"end":{"line":45,"column":74}},"line":45},"3":{"name":"(anonymous_3)","decl":{"start":{"line":50,"column":26},"end":{"line":50,"column":32}},"loc":{"start":{"line":50,"column":32},"end":{"line":62,"column":5}},"line":50},"4":{"name":"(anonymous_4)","decl":{"start":{"line":54,"column":27},"end":{"line":54,"column":28}},"loc":{"start":{"line":54,"column":34},"end":{"line":61,"column":5}},"line":54},"5":{"name":"(anonymous_5)","decl":{"start":{"line":68,"column":66},"end":{"line":68,"column":73}},"loc":{"start":{"line":68,"column":73},"end":{"line":71,"column":4}},"line":68},"6":{"name":"(anonymous_6)","decl":{"start":{"line":75,"column":4},"end":{"line":75,"column":11}},"loc":{"start":{"line":75,"column":11},"end":{"line":81,"column":null}},"line":75},"7":{"name":"(anonymous_7)","decl":{"start":{"line":87,"column":4},"end":{"line":87,"column":5}},"loc":{"start":{"line":87,"column":53},"end":{"line":101,"column":null}},"line":87},"8":{"name":"(anonymous_8)","decl":{"start":{"line":88,"column":20},"end":{"line":88,"column":21}},"loc":{"start":{"line":88,"column":30},"end":{"line":100,"column":7}},"line":88},"9":{"name":"(anonymous_9)","decl":{"start":{"line":91,"column":33},"end":{"line":91,"column":34}},"loc":{"start":{"line":91,"column":40},"end":{"line":91,"column":60}},"line":91},"10":{"name":"(anonymous_10)","decl":{"start":{"line":107,"column":4},"end":{"line":107,"column":5}},"loc":{"start":{"line":107,"column":44},"end":{"line":113,"column":null}},"line":107},"11":{"name":"(anonymous_11)","decl":{"start":{"line":108,"column":20},"end":{"line":108,"column":21}},"loc":{"start":{"line":108,"column":31},"end":{"line":111,"column":8}},"line":108},"12":{"name":"(anonymous_12)","decl":{"start":{"line":119,"column":4},"end":{"line":119,"column":5}},"loc":{"start":{"line":119,"column":55},"end":{"line":125,"column":null}},"line":119},"13":{"name":"(anonymous_13)","decl":{"start":{"line":120,"column":20},"end":{"line":120,"column":21}},"loc":{"start":{"line":120,"column":31},"end":{"line":123,"column":8}},"line":120},"14":{"name":"(anonymous_14)","decl":{"start":{"line":177,"column":19},"end":{"line":177,"column":25}},"loc":{"start":{"line":177,"column":25},"end":{"line":177,"column":null}},"line":177},"15":{"name":"(anonymous_15)","decl":{"start":{"line":177,"column":39},"end":{"line":177,"column":40}},"loc":{"start":{"line":177,"column":49},"end":{"line":177,"column":54}},"line":177},"16":{"name":"(anonymous_16)","decl":{"start":{"line":205,"column":22},"end":{"line":205,"column":28}},"loc":{"start":{"line":205,"column":28},"end":{"line":205,"column":null}},"line":205}},"branchMap":{"0":{"loc":{"start":{"line":51,"column":24},"end":{"line":51,"column":null}},"type":"binary-expr","locations":[{"start":{"line":51,"column":24},"end":{"line":51,"column":47}},{"start":{"line":51,"column":47},"end":{"line":51,"column":null}}],"line":51},"1":{"loc":{"start":{"line":53,"column":4},"end":{"line":53,"column":null}},"type":"if","locations":[{"start":{"line":53,"column":4},"end":{"line":53,"column":null}},{"start":{},"end":{}}],"line":53},"2":{"loc":{"start":{"line":56,"column":6},"end":{"line":58,"column":null}},"type":"if","locations":[{"start":{"line":56,"column":6},"end":{"line":58,"column":null}},{"start":{},"end":{}}],"line":56},"3":{"loc":{"start":{"line":70,"column":16},"end":{"line":70,"column":null}},"type":"binary-expr","locations":[{"start":{"line":70,"column":16},"end":{"line":70,"column":43}},{"start":{"line":70,"column":43},"end":{"line":70,"column":null}}],"line":70},"4":{"loc":{"start":{"line":79,"column":24},"end":{"line":79,"column":53}},"type":"binary-expr","locations":[{"start":{"line":79,"column":24},"end":{"line":79,"column":49}},{"start":{"line":79,"column":49},"end":{"line":79,"column":53}}],"line":79},"5":{"loc":{"start":{"line":90,"column":10},"end":{"line":91,"column":null}},"type":"binary-expr","locations":[{"start":{"line":90,"column":10},"end":{"line":90,"column":null}},{"start":{"line":91,"column":10},"end":{"line":91,"column":null}}],"line":90},"6":{"loc":{"start":{"line":91,"column":20},"end":{"line":91,"column":85}},"type":"binary-expr","locations":[{"start":{"line":91,"column":20},"end":{"line":91,"column":84}},{"start":{"line":91,"column":84},"end":{"line":91,"column":85}}],"line":91},"7":{"loc":{"start":{"line":122,"column":26},"end":{"line":122,"column":50}},"type":"binary-expr","locations":[{"start":{"line":122,"column":26},"end":{"line":122,"column":45}},{"start":{"line":122,"column":45},"end":{"line":122,"column":50}}],"line":122},"8":{"loc":{"start":{"line":129,"column":2},"end":{"line":129,"column":null}},"type":"if","locations":[{"start":{"line":129,"column":2},"end":{"line":129,"column":null}},{"start":{},"end":{}}],"line":129},"9":{"loc":{"start":{"line":131,"column":21},"end":{"line":133,"column":null}},"type":"cond-expr","locations":[{"start":{"line":132,"column":6},"end":{"line":132,"column":null}},{"start":{"line":133,"column":6},"end":{"line":133,"column":null}}],"line":131},"10":{"loc":{"start":{"line":176,"column":21},"end":{"line":176,"column":null}},"type":"cond-expr","locations":[{"start":{"line":176,"column":34},"end":{"line":176,"column":55}},{"start":{"line":176,"column":55},"end":{"line":176,"column":null}}],"line":176},"11":{"loc":{"start":{"line":178,"column":22},"end":{"line":178,"column":null}},"type":"cond-expr","locations":[{"start":{"line":178,"column":35},"end":{"line":178,"column":59}},{"start":{"line":178,"column":59},"end":{"line":178,"column":null}}],"line":178},"12":{"loc":{"start":{"line":180,"column":19},"end":{"line":180,"column":null}},"type":"cond-expr","locations":[{"start":{"line":180,"column":32},"end":{"line":180,"column":44}},{"start":{"line":180,"column":44},"end":{"line":180,"column":null}}],"line":180},"13":{"loc":{"start":{"line":181,"column":25},"end":{"line":181,"column":null}},"type":"cond-expr","locations":[{"start":{"line":181,"column":38},"end":{"line":181,"column":50}},{"start":{"line":181,"column":50},"end":{"line":181,"column":null}}],"line":181},"14":{"loc":{"start":{"line":187,"column":27},"end":{"line":187,"column":null}},"type":"cond-expr","locations":[{"start":{"line":187,"column":40},"end":{"line":187,"column":52}},{"start":{"line":187,"column":52},"end":{"line":187,"column":null}}],"line":187},"15":{"loc":{"start":{"line":191,"column":11},"end":{"line":191,"column":null}},"type":"cond-expr","locations":[{"start":{"line":191,"column":24},"end":{"line":191,"column":33}},{"start":{"line":191,"column":33},"end":{"line":191,"column":null}}],"line":191}},"s":{"0":23,"1":23,"2":23,"3":23,"4":23,"5":23,"6":23,"7":16,"8":16,"9":16,"10":16,"11":0,"12":0,"13":0,"14":0,"15":0,"16":23,"17":23,"18":16,"19":23,"20":19,"21":23,"22":1,"23":1,"24":0,"25":1,"26":1,"27":1,"28":1,"29":1,"30":23,"31":1,"32":1,"33":1,"34":23,"35":1,"36":1,"37":1,"38":23,"39":1,"40":22,"41":23,"42":4,"43":4},"f":{"0":23,"1":23,"2":23,"3":16,"4":0,"5":16,"6":19,"7":1,"8":1,"9":0,"10":1,"11":1,"12":1,"13":1,"14":4,"15":4,"16":0},"b":{"0":[16,0],"1":[16,0],"2":[0,0],"3":[16,0],"4":[19,0],"5":[1,0],"6":[0,0],"7":[1,0],"8":[1,22],"9":[21,1],"10":[3,19],"11":[3,19],"12":[3,19],"13":[3,19],"14":[3,19],"15":[3,19]},"meta":{"lastBranch":16,"lastFunction":17,"lastStatement":44,"seen":{"f:32:16:32:35":0,"s:39:86:39:Infinity":0,"s:40:38:40:Infinity":1,"s:42:34:42:Infinity":2,"s:45:8:45:Infinity":3,"f:45:37:45:43":1,"s:45:43:45:77":4,"f:45:61:45:62":2,"s:45:69:45:74":5,"s:50:8:62:Infinity":6,"f:50:26:50:32":3,"s:51:24:51:Infinity":7,"b:51:24:51:47:51:47:51:Infinity":0,"s:52:21:52:Infinity":8,"b:53:4:53:Infinity:undefined:undefined:undefined:undefined":1,"s:53:4:53:Infinity":9,"s:53:19:53:Infinity":10,"s:54:4:61:Infinity":11,"f:54:27:54:28":4,"s:55:29:55:Infinity":12,"b:56:6:58:Infinity:undefined:undefined:undefined:undefined":2,"s:56:6:58:Infinity":13,"s:57:8:57:Infinity":14,"s:60:6:60:Infinity":15,"s:65:8:65:Infinity":16,"s:68:34:71:Infinity":17,"f:68:66:68:73":5,"s:68:73:71:4":18,"b:70:16:70:43:70:43:70:Infinity":3,"s:74:8:83:Infinity":19,"f:75:4:75:11":6,"s:75:11:81:Infinity":20,"b:79:24:79:49:79:49:79:53":4,"s:86:8:103:Infinity":21,"f:87:4:87:5":7,"s:88:6:100:Infinity":22,"f:88:20:88:21":8,"s:90:10:91:Infinity":23,"b:90:10:90:Infinity:91:10:91:Infinity":5,"b:91:20:91:84:91:84:91:85":6,"f:91:33:91:34":9,"s:91:40:91:60":24,"s:92:24:92:Infinity":25,"s:93:8:93:Infinity":26,"s:94:44:97:Infinity":27,"s:98:8:98:Infinity":28,"s:99:8:99:Infinity":29,"s:106:8:115:Infinity":30,"f:107:4:107:5":10,"s:108:6:111:Infinity":31,"f:108:20:108:21":11,"s:108:31:111:8":32,"s:112:6:112:Infinity":33,"s:118:8:127:Infinity":34,"f:119:4:119:5":12,"s:120:6:123:Infinity":35,"f:120:20:120:21":13,"s:120:31:123:8":36,"b:122:26:122:45:122:45:122:50":7,"s:124:6:124:Infinity":37,"b:129:2:129:Infinity:undefined:undefined:undefined:undefined":8,"s:129:2:129:Infinity":38,"s:129:13:129:Infinity":39,"s:131:21:133:Infinity":40,"b:132:6:132:Infinity:133:6:133:Infinity":9,"s:135:2:209:Infinity":41,"b:176:34:176:55:176:55:176:Infinity":10,"f:177:19:177:25":14,"s:177:25:177:Infinity":42,"f:177:39:177:40":15,"s:177:49:177:54":43,"b:178:35:178:59:178:59:178:Infinity":11,"b:180:32:180:44:180:44:180:Infinity":12,"b:181:38:181:50:181:50:181:Infinity":13,"b:187:40:187:52:187:52:187:Infinity":14,"b:191:24:191:33:191:33:191:Infinity":15,"f:205:22:205:28":16}}}
,"D:\\StorytellerCards\\worktree-m23-combined\\UI\\src\\components\\NightOrder\\NightOrderEntry.tsx": {"path":"D:\\StorytellerCards\\worktree-m23-combined\\UI\\src\\components\\NightOrder\\NightOrderEntry.tsx","statementMap":{"0":{"start":{"line":29,"column":34},"end":{"line":29,"column":null}},"1":{"start":{"line":32,"column":2},"end":{"line":69,"column":null}},"2":{"start":{"line":33,"column":4},"end":{"line":67,"column":null}},"3":{"start":{"line":72,"column":20},"end":{"line":72,"column":null}},"4":{"start":{"line":73,"column":17},"end":{"line":73,"column":null}},"5":{"start":{"line":76,"column":20},"end":{"line":76,"column":null}},"6":{"start":{"line":78,"column":2},"end":{"line":151,"column":null}},"7":{"start":{"line":102,"column":35},"end":{"line":102,"column":57}},"8":{"start":{"line":149,"column":23},"end":{"line":149,"column":null}}},"fnMap":{"0":{"name":"NightOrderEntry","decl":{"start":{"line":28,"column":16},"end":{"line":28,"column":32}},"loc":{"start":{"line":28,"column":92},"end":{"line":153,"column":null}},"line":28},"1":{"name":"(anonymous_1)","decl":{"start":{"line":102,"column":29},"end":{"line":102,"column":35}},"loc":{"start":{"line":102,"column":35},"end":{"line":102,"column":57}},"line":102},"2":{"name":"(anonymous_2)","decl":{"start":{"line":149,"column":17},"end":{"line":149,"column":23}},"loc":{"start":{"line":149,"column":23},"end":{"line":149,"column":null}},"line":149}},"branchMap":{"0":{"loc":{"start":{"line":32,"column":2},"end":{"line":69,"column":null}},"type":"if","locations":[{"start":{"line":32,"column":2},"end":{"line":69,"column":null}},{"start":{},"end":{}}],"line":32},"1":{"loc":{"start":{"line":55,"column":9},"end":{"line":64,"column":null}},"type":"binary-expr","locations":[{"start":{"line":55,"column":9},"end":{"line":55,"column":27}},{"start":{"line":55,"column":27},"end":{"line":55,"column":null}},{"start":{"line":56,"column":10},"end":{"line":64,"column":null}}],"line":55},"2":{"loc":{"start":{"line":72,"column":20},"end":{"line":72,"column":null}},"type":"cond-expr","locations":[{"start":{"line":72,"column":20},"end":{"line":72,"column":72}},{"start":{"line":72,"column":72},"end":{"line":72,"column":null}}],"line":72},"3":{"loc":{"start":{"line":73,"column":17},"end":{"line":73,"column":null}},"type":"cond-expr","locations":[{"start":{"line":73,"column":34},"end":{"line":73,"column":58}},{"start":{"line":73,"column":58},"end":{"line":73,"column":null}}],"line":73},"4":{"loc":{"start":{"line":88,"column":17},"end":{"line":88,"column":null}},"type":"cond-expr","locations":[{"start":{"line":88,"column":26},"end":{"line":88,"column":33}},{"start":{"line":88,"column":33},"end":{"line":88,"column":null}}],"line":88},"5":{"loc":{"start":{"line":99,"column":10},"end":{"line":99,"column":null}},"type":"binary-expr","locations":[{"start":{"line":99,"column":10},"end":{"line":99,"column":45}},{"start":{"line":99,"column":45},"end":{"line":99,"column":null}}],"line":99},"6":{"loc":{"start":{"line":102,"column":17},"end":{"line":102,"column":null}},"type":"cond-expr","locations":[{"start":{"line":102,"column":29},"end":{"line":102,"column":57}},{"start":{"line":102,"column":57},"end":{"line":102,"column":null}}],"line":102},"7":{"loc":{"start":{"line":113,"column":11},"end":{"line":127,"column":null}},"type":"binary-expr","locations":[{"start":{"line":113,"column":11},"end":{"line":113,"column":null}},{"start":{"line":114,"column":12},"end":{"line":127,"column":null}}],"line":113},"8":{"loc":{"start":{"line":123,"column":32},"end":{"line":123,"column":null}},"type":"cond-expr","locations":[{"start":{"line":123,"column":41},"end":{"line":123,"column":58}},{"start":{"line":123,"column":58},"end":{"line":123,"column":null}}],"line":123},"9":{"loc":{"start":{"line":148,"column":19},"end":{"line":148,"column":null}},"type":"binary-expr","locations":[{"start":{"line":148,"column":19},"end":{"line":148,"column":32}},{"start":{"line":148,"column":32},"end":{"line":148,"column":null}}],"line":148}},"s":{"0":13,"1":13,"2":2,"3":11,"4":13,"5":13,"6":13,"7":1,"8":0},"f":{"0":13,"1":1,"2":0},"b":{"0":[2,11],"1":[2,2,1],"2":[10,1],"3":[3,8],"4":[2,9],"5":[13,8],"6":[1,1],"7":[13,3],"8":[2,1],"9":[13,1]},"meta":{"lastBranch":10,"lastFunction":3,"lastStatement":9,"seen":{"f:28:16:28:32":0,"s:29:34:29:Infinity":0,"b:32:2:69:Infinity:undefined:undefined:undefined:undefined":0,"s:32:2:69:Infinity":1,"s:33:4:67:Infinity":2,"b:55:9:55:27:55:27:55:Infinity:56:10:64:Infinity":1,"s:72:20:72:Infinity":3,"b:72:20:72:72:72:72:72:Infinity":2,"s:73:17:73:Infinity":4,"b:73:34:73:58:73:58:73:Infinity":3,"s:76:20:76:Infinity":5,"s:78:2:151:Infinity":6,"b:88:26:88:33:88:33:88:Infinity":4,"b:99:10:99:45:99:45:99:Infinity":5,"b:102:29:102:57:102:57:102:Infinity":6,"f:102:29:102:35":1,"s:102:35:102:57":7,"b:113:11:113:Infinity:114:12:127:Infinity":7,"b:123:41:123:58:123:58:123:Infinity":8,"b:148:19:148:32:148:32:148:Infinity":9,"f:149:17:149:23":2,"s:149:23:149:Infinity":8}}}
,"D:\\StorytellerCards\\worktree-m23-combined\\UI\\src\\components\\NightOrder\\NightOrderTab.tsx": {"path":"D:\\StorytellerCards\\worktree-m23-combined\\UI\\src\\components\\NightOrder\\NightOrderTab.tsx","statementMap":{"0":{"start":{"line":21,"column":16},"end":{"line":21,"column":null}},"1":{"start":{"line":22,"column":23},"end":{"line":22,"column":null}},"2":{"start":{"line":25,"column":27},"end":{"line":25,"column":null}},"3":{"start":{"line":26,"column":38},"end":{"line":26,"column":null}},"4":{"start":{"line":28,"column":8},"end":{"line":28,"column":null}},"5":{"start":{"line":29,"column":8},"end":{"line":29,"column":null}},"6":{"start":{"line":29,"column":32},"end":{"line":29,"column":59}},"7":{"start":{"line":32,"column":8},"end":{"line":40,"column":null}},"8":{"start":{"line":33,"column":16},"end":{"line":33,"column":null}},"9":{"start":{"line":34,"column":4},"end":{"line":38,"column":null}},"10":{"start":{"line":35,"column":6},"end":{"line":37,"column":null}},"11":{"start":{"line":36,"column":8},"end":{"line":36,"column":null}},"12":{"start":{"line":39,"column":4},"end":{"line":39,"column":null}},"13":{"start":{"line":42,"column":2},"end":{"line":88,"column":null}},"14":{"start":{"line":60,"column":12},"end":{"line":60,"column":null}},"15":{"start":{"line":60,"column":30},"end":{"line":60,"column":null}},"16":{"start":{"line":77,"column":12},"end":{"line":84,"column":null}}},"fnMap":{"0":{"name":"NightOrderTab","decl":{"start":{"line":20,"column":16},"end":{"line":20,"column":30}},"loc":{"start":{"line":20,"column":74},"end":{"line":90,"column":null}},"line":20},"1":{"name":"(anonymous_1)","decl":{"start":{"line":29,"column":26},"end":{"line":29,"column":32}},"loc":{"start":{"line":29,"column":32},"end":{"line":29,"column":59}},"line":29},"2":{"name":"(anonymous_2)","decl":{"start":{"line":32,"column":36},"end":{"line":32,"column":42}},"loc":{"start":{"line":32,"column":42},"end":{"line":40,"column":5}},"line":32},"3":{"name":"(anonymous_3)","decl":{"start":{"line":59,"column":20},"end":{"line":59,"column":21}},"loc":{"start":{"line":59,"column":32},"end":{"line":61,"column":null}},"line":59},"4":{"name":"(anonymous_4)","decl":{"start":{"line":76,"column":22},"end":{"line":76,"column":23}},"loc":{"start":{"line":77,"column":12},"end":{"line":84,"column":null}},"line":77}},"branchMap":{"0":{"loc":{"start":{"line":25,"column":27},"end":{"line":25,"column":null}},"type":"binary-expr","locations":[{"start":{"line":25,"column":27},"end":{"line":25,"column":55}},{"start":{"line":25,"column":55},"end":{"line":25,"column":null}}],"line":25},"1":{"loc":{"start":{"line":29,"column":32},"end":{"line":29,"column":59}},"type":"binary-expr","locations":[{"start":{"line":29,"column":32},"end":{"line":29,"column":55}},{"start":{"line":29,"column":55},"end":{"line":29,"column":59}}],"line":29},"2":{"loc":{"start":{"line":35,"column":6},"end":{"line":37,"column":null}},"type":"if","locations":[{"start":{"line":35,"column":6},"end":{"line":37,"column":null}},{"start":{},"end":{}}],"line":35},"3":{"loc":{"start":{"line":57,"column":17},"end":{"line":57,"column":null}},"type":"cond-expr","locations":[{"start":{"line":57,"column":32},"end":{"line":57,"column":42}},{"start":{"line":57,"column":42},"end":{"line":57,"column":null}}],"line":57},"4":{"loc":{"start":{"line":60,"column":12},"end":{"line":60,"column":null}},"type":"if","locations":[{"start":{"line":60,"column":12},"end":{"line":60,"column":null}},{"start":{},"end":{}}],"line":60},"5":{"loc":{"start":{"line":71,"column":9},"end":{"line":85,"column":null}},"type":"cond-expr","locations":[{"start":{"line":72,"column":10},"end":{"line":74,"column":null}},{"start":{"line":76,"column":10},"end":{"line":85,"column":null}}],"line":71},"6":{"loc":{"start":{"line":80,"column":25},"end":{"line":80,"column":null}},"type":"cond-expr","locations":[{"start":{"line":80,"column":54},"end":{"line":80,"column":79}},{"start":{"line":80,"column":79},"end":{"line":80,"column":null}}],"line":80},"7":{"loc":{"start":{"line":82,"column":16},"end":{"line":82,"column":null}},"type":"cond-expr","locations":[{"start":{"line":82,"column":45},"end":{"line":82,"column":79}},{"start":{"line":82,"column":79},"end":{"line":82,"column":null}}],"line":82}},"s":{"0":9,"1":9,"2":9,"3":9,"4":9,"5":9,"6":8,"7":9,"8":8,"9":8,"10":14,"11":14,"12":8,"13":9,"14":1,"15":1,"16":29},"f":{"0":9,"1":8,"2":8,"3":1,"4":29},"b":{"0":[9,1],"1":[8,1],"2":[14,0],"3":[7,2],"4":[1,0],"5":[0,9],"6":[11,18],"7":[11,18]},"meta":{"lastBranch":8,"lastFunction":5,"lastStatement":17,"seen":{"f:20:16:20:30":0,"s:21:16:21:Infinity":0,"s:22:23:22:Infinity":1,"s:25:27:25:Infinity":2,"b:25:27:25:55:25:55:25:Infinity":0,"s:26:38:26:Infinity":3,"s:28:8:28:Infinity":4,"s:29:8:29:Infinity":5,"f:29:26:29:32":1,"s:29:32:29:59":6,"b:29:32:29:55:29:55:29:59":1,"s:32:8:40:Infinity":7,"f:32:36:32:42":2,"s:33:16:33:Infinity":8,"s:34:4:38:Infinity":9,"b:35:6:37:Infinity:undefined:undefined:undefined:undefined":2,"s:35:6:37:Infinity":10,"s:36:8:36:Infinity":11,"s:39:4:39:Infinity":12,"s:42:2:88:Infinity":13,"b:57:32:57:42:57:42:57:Infinity":3,"f:59:20:59:21":3,"b:60:12:60:Infinity:undefined:undefined:undefined:undefined":4,"s:60:12:60:Infinity":14,"s:60:30:60:Infinity":15,"b:72:10:74:Infinity:76:10:85:Infinity":5,"f:76:22:76:23":4,"s:77:12:84:Infinity":16,"b:80:54:80:79:80:79:80:Infinity":6,"b:82:45:82:79:82:79:82:Infinity":7}}}
,"D:\\StorytellerCards\\worktree-m23-combined\\UI\\src\\components\\NightPhase\\FlashcardCarousel.tsx": {"path":"D:\\StorytellerCards\\worktree-m23-combined\\UI\\src\\components\\NightPhase\\FlashcardCarousel.tsx","statementMap":{"0":{"start":{"line":60,"column":38},"end":{"line":60,"column":null}},"1":{"start":{"line":61,"column":30},"end":{"line":61,"column":null}},"2":{"start":{"line":62,"column":8},"end":{"line":62,"column":null}},"3":{"start":{"line":64,"column":21},"end":{"line":64,"column":null}},"4":{"start":{"line":65,"column":21},"end":{"line":65,"column":null}},"5":{"start":{"line":68,"column":8},"end":{"line":77,"column":null}},"6":{"start":{"line":69,"column":40},"end":{"line":69,"column":null}},"7":{"start":{"line":70,"column":4},"end":{"line":75,"column":null}},"8":{"start":{"line":71,"column":6},"end":{"line":74,"column":null}},"9":{"start":{"line":72,"column":20},"end":{"line":72,"column":null}},"10":{"start":{"line":73,"column":8},"end":{"line":73,"column":null}},"11":{"start":{"line":73,"column":17},"end":{"line":73,"column":null}},"12":{"start":{"line":76,"column":4},"end":{"line":76,"column":null}},"13":{"start":{"line":79,"column":8},"end":{"line":88,"column":null}},"14":{"start":{"line":80,"column":16},"end":{"line":80,"column":null}},"15":{"start":{"line":81,"column":4},"end":{"line":86,"column":null}},"16":{"start":{"line":82,"column":6},"end":{"line":85,"column":null}},"17":{"start":{"line":83,"column":23},"end":{"line":83,"column":null}},"18":{"start":{"line":83,"column":43},"end":{"line":83,"column":69}},"19":{"start":{"line":84,"column":8},"end":{"line":84,"column":null}},"20":{"start":{"line":84,"column":37},"end":{"line":84,"column":null}},"21":{"start":{"line":87,"column":4},"end":{"line":87,"column":null}},"22":{"start":{"line":90,"column":8},"end":{"line":111,"column":null}},"23":{"start":{"line":92,"column":6},"end":{"line":92,"column":null}},"24":{"start":{"line":92,"column":31},"end":{"line":92,"column":null}},"25":{"start":{"line":94,"column":8},"end":{"line":96,"column":null}},"26":{"start":{"line":97,"column":6},"end":{"line":97,"column":null}},"27":{"start":{"line":97,"column":36},"end":{"line":97,"column":null}},"28":{"start":{"line":99,"column":6},"end":{"line":99,"column":null}},"29":{"start":{"line":100,"column":6},"end":{"line":100,"column":null}},"30":{"start":{"line":103,"column":6},"end":{"line":108,"column":null}},"31":{"start":{"line":104,"column":8},"end":{"line":104,"column":null}},"32":{"start":{"line":105,"column":8},"end":{"line":105,"column":null}},"33":{"start":{"line":106,"column":8},"end":{"line":106,"column":null}},"34":{"start":{"line":107,"column":8},"end":{"line":107,"column":null}},"35":{"start":{"line":113,"column":8},"end":{"line":120,"column":null}},"36":{"start":{"line":114,"column":24},"end":{"line":114,"column":null}},"37":{"start":{"line":115,"column":25},"end":{"line":115,"column":null}},"38":{"start":{"line":123,"column":8},"end":{"line":137,"column":null}},"39":{"start":{"line":125,"column":6},"end":{"line":125,"column":null}},"40":{"start":{"line":125,"column":55},"end":{"line":125,"column":null}},"41":{"start":{"line":126,"column":6},"end":{"line":126,"column":null}},"42":{"start":{"line":126,"column":40},"end":{"line":126,"column":null}},"43":{"start":{"line":127,"column":6},"end":{"line":127,"column":null}},"44":{"start":{"line":128,"column":6},"end":{"line":128,"column":null}},"45":{"start":{"line":129,"column":6},"end":{"line":134,"column":null}},"46":{"start":{"line":130,"column":8},"end":{"line":130,"column":null}},"47":{"start":{"line":131,"column":8},"end":{"line":131,"column":null}},"48":{"start":{"line":132,"column":8},"end":{"line":132,"column":null}},"49":{"start":{"line":133,"column":8},"end":{"line":133,"column":null}},"50":{"start":{"line":140,"column":8},"end":{"line":145,"column":null}},"51":{"start":{"line":142,"column":6},"end":{"line":142,"column":null}},"52":{"start":{"line":148,"column":8},"end":{"line":153,"column":null}},"53":{"start":{"line":150,"column":6},"end":{"line":150,"column":null}},"54":{"start":{"line":156,"column":8},"end":{"line":161,"column":null}},"55":{"start":{"line":158,"column":6},"end":{"line":158,"column":null}},"56":{"start":{"line":164,"column":8},"end":{"line":170,"column":null}},"57":{"start":{"line":166,"column":6},"end":{"line":166,"column":null}},"58":{"start":{"line":167,"column":6},"end":{"line":167,"column":null}},"59":{"start":{"line":173,"column":21},"end":{"line":215,"column":null}},"60":{"start":{"line":174,"column":4},"end":{"line":174,"column":null}},"61":{"start":{"line":174,"column":38},"end":{"line":174,"column":null}},"62":{"start":{"line":175,"column":18},"end":{"line":175,"column":null}},"63":{"start":{"line":177,"column":6},"end":{"line":177,"column":null}},"64":{"start":{"line":178,"column":17},"end":{"line":178,"column":null}},"65":{"start":{"line":179,"column":27},"end":{"line":179,"column":null}},"66":{"start":{"line":180,"column":26},"end":{"line":180,"column":null}},"67":{"start":{"line":182,"column":4},"end":{"line":191,"column":null}},"68":{"start":{"line":183,"column":6},"end":{"line":189,"column":null}},"69":{"start":{"line":187,"column":36},"end":{"line":187,"column":null}},"70":{"start":{"line":193,"column":19},"end":{"line":193,"column":null}},"71":{"start":{"line":193,"column":39},"end":{"line":193,"column":65}},"72":{"start":{"line":194,"column":20},"end":{"line":194,"column":null}},"73":{"start":{"line":195,"column":19},"end":{"line":195,"column":null}},"74":{"start":{"line":197,"column":4},"end":{"line":213,"column":null}},"75":{"start":{"line":204,"column":34},"end":{"line":204,"column":null}},"76":{"start":{"line":205,"column":30},"end":{"line":205,"column":null}},"77":{"start":{"line":211,"column":34},"end":{"line":211,"column":null}},"78":{"start":{"line":219,"column":4},"end":{"line":223,"column":null}},"79":{"start":{"line":226,"column":24},"end":{"line":232,"column":null}},"80":{"start":{"line":227,"column":4},"end":{"line":231,"column":null}},"81":{"start":{"line":228,"column":6},"end":{"line":228,"column":null}},"82":{"start":{"line":229,"column":4},"end":{"line":231,"column":null}},"83":{"start":{"line":230,"column":6},"end":{"line":230,"column":null}},"84":{"start":{"line":234,"column":2},"end":{"line":349,"column":null}},"85":{"start":{"line":272,"column":27},"end":{"line":272,"column":null}},"86":{"start":{"line":292,"column":27},"end":{"line":292,"column":null}}},"fnMap":{"0":{"name":"FlashcardCarousel","decl":{"start":{"line":45,"column":16},"end":{"line":45,"column":34}},"loc":{"start":{"line":59,"column":27},"end":{"line":351,"column":null}},"line":59},"1":{"name":"(anonymous_1)","decl":{"start":{"line":68,"column":33},"end":{"line":68,"column":39}},"loc":{"start":{"line":68,"column":39},"end":{"line":77,"column":5}},"line":68},"2":{"name":"(anonymous_2)","decl":{"start":{"line":79,"column":26},"end":{"line":79,"column":32}},"loc":{"start":{"line":79,"column":32},"end":{"line":88,"column":5}},"line":79},"3":{"name":"(anonymous_3)","decl":{"start":{"line":83,"column":36},"end":{"line":83,"column":37}},"loc":{"start":{"line":83,"column":43},"end":{"line":83,"column":69}},"line":83},"4":{"name":"(anonymous_4)","decl":{"start":{"line":91,"column":4},"end":{"line":91,"column":5}},"loc":{"start":{"line":91,"column":36},"end":{"line":109,"column":null}},"line":91},"5":{"name":"(anonymous_5)","decl":{"start":{"line":103,"column":17},"end":{"line":103,"column":23}},"loc":{"start":{"line":103,"column":23},"end":{"line":108,"column":9}},"line":103},"6":{"name":"(anonymous_6)","decl":{"start":{"line":114,"column":18},"end":{"line":114,"column":24}},"loc":{"start":{"line":114,"column":24},"end":{"line":114,"column":null}},"line":114},"7":{"name":"(anonymous_7)","decl":{"start":{"line":115,"column":19},"end":{"line":115,"column":25}},"loc":{"start":{"line":115,"column":25},"end":{"line":115,"column":null}},"line":115},"8":{"name":"(anonymous_8)","decl":{"start":{"line":124,"column":4},"end":{"line":124,"column":5}},"loc":{"start":{"line":124,"column":21},"end":{"line":135,"column":null}},"line":124},"9":{"name":"(anonymous_9)","decl":{"start":{"line":129,"column":17},"end":{"line":129,"column":23}},"loc":{"start":{"line":129,"column":23},"end":{"line":134,"column":9}},"line":129},"10":{"name":"(anonymous_10)","decl":{"start":{"line":141,"column":4},"end":{"line":141,"column":5}},"loc":{"start":{"line":141,"column":49},"end":{"line":143,"column":null}},"line":141},"11":{"name":"(anonymous_11)","decl":{"start":{"line":149,"column":4},"end":{"line":149,"column":5}},"loc":{"start":{"line":149,"column":40},"end":{"line":151,"column":null}},"line":149},"12":{"name":"(anonymous_12)","decl":{"start":{"line":157,"column":4},"end":{"line":157,"column":5}},"loc":{"start":{"line":157,"column":51},"end":{"line":159,"column":null}},"line":157},"13":{"name":"(anonymous_13)","decl":{"start":{"line":165,"column":4},"end":{"line":165,"column":5}},"loc":{"start":{"line":165,"column":21},"end":{"line":168,"column":null}},"line":165},"14":{"name":"(anonymous_14)","decl":{"start":{"line":173,"column":21},"end":{"line":173,"column":22}},"loc":{"start":{"line":173,"column":38},"end":{"line":215,"column":null}},"line":173},"15":{"name":"(anonymous_15)","decl":{"start":{"line":187,"column":29},"end":{"line":187,"column":30}},"loc":{"start":{"line":187,"column":36},"end":{"line":187,"column":null}},"line":187},"16":{"name":"(anonymous_16)","decl":{"start":{"line":193,"column":32},"end":{"line":193,"column":33}},"loc":{"start":{"line":193,"column":39},"end":{"line":193,"column":65}},"line":193},"17":{"name":"(anonymous_17)","decl":{"start":{"line":204,"column":27},"end":{"line":204,"column":28}},"loc":{"start":{"line":204,"column":34},"end":{"line":204,"column":null}},"line":204},"18":{"name":"(anonymous_18)","decl":{"start":{"line":205,"column":23},"end":{"line":205,"column":24}},"loc":{"start":{"line":205,"column":30},"end":{"line":205,"column":null}},"line":205},"19":{"name":"(anonymous_19)","decl":{"start":{"line":211,"column":27},"end":{"line":211,"column":28}},"loc":{"start":{"line":211,"column":34},"end":{"line":211,"column":null}},"line":211},"20":{"name":"(anonymous_20)","decl":{"start":{"line":226,"column":24},"end":{"line":226,"column":25}},"loc":{"start":{"line":226,"column":52},"end":{"line":232,"column":null}},"line":226},"21":{"name":"(anonymous_21)","decl":{"start":{"line":272,"column":21},"end":{"line":272,"column":27}},"loc":{"start":{"line":272,"column":27},"end":{"line":272,"column":null}},"line":272},"22":{"name":"(anonymous_22)","decl":{"start":{"line":292,"column":21},"end":{"line":292,"column":27}},"loc":{"start":{"line":292,"column":27},"end":{"line":292,"column":null}},"line":292}},"branchMap":{"0":{"loc":{"start":{"line":54,"column":2},"end":{"line":54,"column":null}},"type":"default-arg","locations":[{"start":{"line":54,"column":13},"end":{"line":54,"column":null}}],"line":54},"1":{"loc":{"start":{"line":55,"column":2},"end":{"line":55,"column":null}},"type":"default-arg","locations":[{"start":{"line":55,"column":21},"end":{"line":55,"column":null}}],"line":55},"2":{"loc":{"start":{"line":71,"column":6},"end":{"line":74,"column":null}},"type":"if","locations":[{"start":{"line":71,"column":6},"end":{"line":74,"column":null}},{"start":{},"end":{}}],"line":71},"3":{"loc":{"start":{"line":73,"column":8},"end":{"line":73,"column":null}},"type":"if","locations":[{"start":{"line":73,"column":8},"end":{"line":73,"column":null}},{"start":{},"end":{}}],"line":73},"4":{"loc":{"start":{"line":82,"column":6},"end":{"line":85,"column":null}},"type":"if","locations":[{"start":{"line":82,"column":6},"end":{"line":85,"column":null}},{"start":{},"end":{}}],"line":82},"5":{"loc":{"start":{"line":84,"column":8},"end":{"line":84,"column":null}},"type":"if","locations":[{"start":{"line":84,"column":8},"end":{"line":84,"column":null}},{"start":{},"end":{}}],"line":84},"6":{"loc":{"start":{"line":84,"column":12},"end":{"line":84,"column":37}},"type":"binary-expr","locations":[{"start":{"line":84,"column":12},"end":{"line":84,"column":22}},{"start":{"line":84,"column":22},"end":{"line":84,"column":37}}],"line":84},"7":{"loc":{"start":{"line":92,"column":6},"end":{"line":92,"column":null}},"type":"if","locations":[{"start":{"line":92,"column":6},"end":{"line":92,"column":null}},{"start":{},"end":{}}],"line":92},"8":{"loc":{"start":{"line":94,"column":8},"end":{"line":96,"column":null}},"type":"cond-expr","locations":[{"start":{"line":95,"column":12},"end":{"line":95,"column":null}},{"start":{"line":96,"column":12},"end":{"line":96,"column":null}}],"line":94},"9":{"loc":{"start":{"line":97,"column":6},"end":{"line":97,"column":null}},"type":"if","locations":[{"start":{"line":97,"column":6},"end":{"line":97,"column":null}},{"start":{},"end":{}}],"line":97},"10":{"loc":{"start":{"line":100,"column":18},"end":{"line":100,"column":57}},"type":"cond-expr","locations":[{"start":{"line":100,"column":41},"end":{"line":100,"column":50}},{"start":{"line":100,"column":50},"end":{"line":100,"column":57}}],"line":100},"11":{"loc":{"start":{"line":125,"column":6},"end":{"line":125,"column":null}},"type":"if","locations":[{"start":{"line":125,"column":6},"end":{"line":125,"column":null}},{"start":{},"end":{}}],"line":125},"12":{"loc":{"start":{"line":125,"column":10},"end":{"line":125,"column":55}},"type":"binary-expr","locations":[{"start":{"line":125,"column":10},"end":{"line":125,"column":33}},{"start":{"line":125,"column":33},"end":{"line":125,"column":55}}],"line":125},"13":{"loc":{"start":{"line":126,"column":6},"end":{"line":126,"column":null}},"type":"if","locations":[{"start":{"line":126,"column":6},"end":{"line":126,"column":null}},{"start":{},"end":{}}],"line":126},"14":{"loc":{"start":{"line":126,"column":10},"end":{"line":126,"column":40}},"type":"binary-expr","locations":[{"start":{"line":126,"column":10},"end":{"line":126,"column":21}},{"start":{"line":126,"column":21},"end":{"line":126,"column":40}}],"line":126},"15":{"loc":{"start":{"line":128,"column":18},"end":{"line":128,"column":55}},"type":"cond-expr","locations":[{"start":{"line":128,"column":39},"end":{"line":128,"column":48}},{"start":{"line":128,"column":48},"end":{"line":128,"column":55}}],"line":128},"16":{"loc":{"start":{"line":174,"column":4},"end":{"line":174,"column":null}},"type":"if","locations":[{"start":{"line":174,"column":4},"end":{"line":174,"column":null}},{"start":{},"end":{}}],"line":174},"17":{"loc":{"start":{"line":174,"column":8},"end":{"line":174,"column":38}},"type":"binary-expr","locations":[{"start":{"line":174,"column":8},"end":{"line":174,"column":19}},{"start":{"line":174,"column":19},"end":{"line":174,"column":38}}],"line":174},"18":{"loc":{"start":{"line":177,"column":6},"end":{"line":177,"column":null}},"type":"binary-expr","locations":[{"start":{"line":177,"column":6},"end":{"line":177,"column":49}},{"start":{"line":177,"column":49},"end":{"line":177,"column":null}}],"line":177},"19":{"loc":{"start":{"line":178,"column":17},"end":{"line":178,"column":null}},"type":"binary-expr","locations":[{"start":{"line":178,"column":17},"end":{"line":178,"column":50}},{"start":{"line":178,"column":50},"end":{"line":178,"column":null}}],"line":178},"20":{"loc":{"start":{"line":182,"column":4},"end":{"line":191,"column":null}},"type":"if","locations":[{"start":{"line":182,"column":4},"end":{"line":191,"column":null}},{"start":{},"end":{}}],"line":182},"21":{"loc":{"start":{"line":195,"column":19},"end":{"line":195,"column":null}},"type":"cond-expr","locations":[{"start":{"line":195,"column":28},"end":{"line":195,"column":44}},{"start":{"line":195,"column":44},"end":{"line":195,"column":null}}],"line":195},"22":{"loc":{"start":{"line":219,"column":4},"end":{"line":223,"column":null}},"type":"cond-expr","locations":[{"start":{"line":220,"column":8},"end":{"line":220,"column":null}},{"start":{"line":221,"column":8},"end":{"line":223,"column":null}}],"line":219},"23":{"loc":{"start":{"line":221,"column":8},"end":{"line":223,"column":null}},"type":"cond-expr","locations":[{"start":{"line":222,"column":10},"end":{"line":222,"column":null}},{"start":{"line":223,"column":10},"end":{"line":223,"column":null}}],"line":221},"24":{"loc":{"start":{"line":227,"column":4},"end":{"line":231,"column":null}},"type":"if","locations":[{"start":{"line":227,"column":4},"end":{"line":231,"column":null}},{"start":{"line":229,"column":4},"end":{"line":231,"column":null}}],"line":227},"25":{"loc":{"start":{"line":229,"column":4},"end":{"line":231,"column":null}},"type":"if","locations":[{"start":{"line":229,"column":4},"end":{"line":231,"column":null}},{"start":{},"end":{}}],"line":229},"26":{"loc":{"start":{"line":270,"column":9},"end":{"line":288,"column":null}},"type":"binary-expr","locations":[{"start":{"line":270,"column":9},"end":{"line":270,"column":null}},{"start":{"line":271,"column":10},"end":{"line":288,"column":null}}],"line":270},"27":{"loc":{"start":{"line":290,"column":9},"end":{"line":308,"column":null}},"type":"binary-expr","locations":[{"start":{"line":290,"column":9},"end":{"line":290,"column":null}},{"start":{"line":291,"column":10},"end":{"line":308,"column":null}}],"line":290},"28":{"loc":{"start":{"line":320,"column":24},"end":{"line":320,"column":null}},"type":"cond-expr","locations":[{"start":{"line":320,"column":46},"end":{"line":320,"column":75}},{"start":{"line":320,"column":75},"end":{"line":320,"column":null}}],"line":320},"29":{"loc":{"start":{"line":329,"column":7},"end":{"line":347,"column":null}},"type":"binary-expr","locations":[{"start":{"line":329,"column":7},"end":{"line":329,"column":21}},{"start":{"line":329,"column":21},"end":{"line":329,"column":null}},{"start":{"line":330,"column":8},"end":{"line":347,"column":null}}],"line":329}},"s":{"0":22,"1":22,"2":22,"3":22,"4":22,"5":22,"6":22,"7":22,"8":22,"9":22,"10":22,"11":22,"12":19,"13":19,"14":38,"15":38,"16":38,"17":22,"18":22,"19":22,"20":19,"21":19,"22":70,"23":54,"24":38,"25":35,"26":22,"27":3,"28":3,"29":0,"30":3,"31":3,"32":0,"33":3,"34":3,"35":3,"36":3,"37":3,"38":22,"39":22,"40":22,"41":22,"42":22,"43":22,"44":22,"45":0,"46":0,"47":0,"48":0,"49":0,"50":0,"51":0,"52":22,"53":22,"54":0,"55":22,"56":0,"57":22,"58":0,"59":0,"60":22,"61":22,"62":22,"63":0,"64":22,"65":0,"66":22,"67":22,"68":22,"69":22,"70":18,"71":18,"72":18,"73":18,"74":18,"75":22,"76":22,"77":0,"78":22,"79":22,"80":22,"81":22,"82":22,"83":3,"84":19,"85":22,"86":5},"f":{"0":2,"1":22,"2":38,"3":22,"4":38,"5":3,"6":3,"7":3,"8":0,"9":0,"10":0,"11":22,"12":22,"13":22,"14":22,"15":22,"16":18,"17":22,"18":22,"19":0,"20":22,"21":22,"22":5},"b":{"0":[2],"1":[2],"2":[22,0],"3":[22,0],"4":[19,19],"5":[19,3],"6":[19,19],"7":[38,16],"8":[38,22],"9":[3,19],"10":[3,3],"11":[22,0],"12":[22,0],"13":[22,0],"14":[22,22],"15":[22,22],"16":[22,0],"17":[22,22],"18":[0,22],"19":[22,22],"20":[22,0],"21":[18,18],"22":[22,22],"23":[22,22],"24":[22,22],"25":[3,19],"26":[22,22],"27":[5,5],"28":[22,22],"29":[22,22,22]},"meta":{"lastBranch":30,"lastFunction":23,"lastStatement":87,"seen":{"f:45:16:45:34":0,"b:54:13:54:Infinity":0,"b:55:21:55:Infinity":1,"s:60:38:60:Infinity":0,"s:61:30:61:Infinity":1,"s:62:8:62:Infinity":2,"s:64:21:64:Infinity":3,"s:65:21:65:Infinity":4,"s:68:8:77:Infinity":5,"f:68:33:68:39":1,"s:69:40:69:Infinity":6,"s:70:4:75:Infinity":7,"b:71:6:74:Infinity:undefined:undefined:undefined:undefined":2,"s:71:6:74:Infinity":8,"s:72:20:72:Infinity":9,"b:73:8:73:Infinity:undefined:undefined:undefined:undefined":3,"s:73:8:73:Infinity":10,"s:73:17:73:Infinity":11,"s:76:4:76:Infinity":12,"s:79:8:88:Infinity":13,"f:79:26:79:32":2,"s:80:16:80:Infinity":14,"s:81:4:86:Infinity":15,"b:82:6:85:Infinity:undefined:undefined:undefined:undefined":4,"s:82:6:85:Infinity":16,"s:83:23:83:Infinity":17,"f:83:36:83:37":3,"s:83:43:83:69":18,"b:84:8:84:Infinity:undefined:undefined:undefined:undefined":5,"s:84:8:84:Infinity":19,"b:84:12:84:22:84:22:84:37":6,"s:84:37:84:Infinity":20,"s:87:4:87:Infinity":21,"s:90:8:111:Infinity":22,"f:91:4:91:5":4,"b:92:6:92:Infinity:undefined:undefined:undefined:undefined":7,"s:92:6:92:Infinity":23,"s:92:31:92:Infinity":24,"s:94:8:96:Infinity":25,"b:95:12:95:Infinity:96:12:96:Infinity":8,"b:97:6:97:Infinity:undefined:undefined:undefined:undefined":9,"s:97:6:97:Infinity":26,"s:97:36:97:Infinity":27,"s:99:6:99:Infinity":28,"s:100:6:100:Infinity":29,"b:100:41:100:50:100:50:100:57":10,"s:103:6:108:Infinity":30,"f:103:17:103:23":5,"s:104:8:104:Infinity":31,"s:105:8:105:Infinity":32,"s:106:8:106:Infinity":33,"s:107:8:107:Infinity":34,"s:113:8:120:Infinity":35,"f:114:18:114:24":6,"s:114:24:114:Infinity":36,"f:115:19:115:25":7,"s:115:25:115:Infinity":37,"s:123:8:137:Infinity":38,"f:124:4:124:5":8,"b:125:6:125:Infinity:undefined:undefined:undefined:undefined":11,"s:125:6:125:Infinity":39,"b:125:10:125:33:125:33:125:55":12,"s:125:55:125:Infinity":40,"b:126:6:126:Infinity:undefined:undefined:undefined:undefined":13,"s:126:6:126:Infinity":41,"b:126:10:126:21:126:21:126:40":14,"s:126:40:126:Infinity":42,"s:127:6:127:Infinity":43,"s:128:6:128:Infinity":44,"b:128:39:128:48:128:48:128:55":15,"s:129:6:134:Infinity":45,"f:129:17:129:23":9,"s:130:8:130:Infinity":46,"s:131:8:131:Infinity":47,"s:132:8:132:Infinity":48,"s:133:8:133:Infinity":49,"s:140:8:145:Infinity":50,"f:141:4:141:5":10,"s:142:6:142:Infinity":51,"s:148:8:153:Infinity":52,"f:149:4:149:5":11,"s:150:6:150:Infinity":53,"s:156:8:161:Infinity":54,"f:157:4:157:5":12,"s:158:6:158:Infinity":55,"s:164:8:170:Infinity":56,"f:165:4:165:5":13,"s:166:6:166:Infinity":57,"s:167:6:167:Infinity":58,"s:173:21:215:Infinity":59,"f:173:21:173:22":14,"b:174:4:174:Infinity:undefined:undefined:undefined:undefined":16,"s:174:4:174:Infinity":60,"b:174:8:174:19:174:19:174:38":17,"s:174:38:174:Infinity":61,"s:175:18:175:Infinity":62,"s:177:6:177:Infinity":63,"b:177:6:177:49:177:49:177:Infinity":18,"s:178:17:178:Infinity":64,"b:178:17:178:50:178:50:178:Infinity":19,"s:179:27:179:Infinity":65,"s:180:26:180:Infinity":66,"b:182:4:191:Infinity:undefined:undefined:undefined:undefined":20,"s:182:4:191:Infinity":67,"s:183:6:189:Infinity":68,"f:187:29:187:30":15,"s:187:36:187:Infinity":69,"s:193:19:193:Infinity":70,"f:193:32:193:33":16,"s:193:39:193:65":71,"s:194:20:194:Infinity":72,"s:195:19:195:Infinity":73,"b:195:28:195:44:195:44:195:Infinity":21,"s:197:4:213:Infinity":74,"f:204:27:204:28":17,"s:204:34:204:Infinity":75,"f:205:23:205:24":18,"s:205:30:205:Infinity":76,"f:211:27:211:28":19,"s:211:34:211:Infinity":77,"s:219:4:223:Infinity":78,"b:220:8:220:Infinity:221:8:223:Infinity":22,"b:222:10:222:Infinity:223:10:223:Infinity":23,"s:226:24:232:Infinity":79,"f:226:24:226:25":20,"b:227:4:231:Infinity:229:4:231:Infinity":24,"s:227:4:231:Infinity":80,"s:228:6:228:Infinity":81,"b:229:4:231:Infinity:undefined:undefined:undefined:undefined":25,"s:229:4:231:Infinity":82,"s:230:6:230:Infinity":83,"s:234:2:349:Infinity":84,"b:270:9:270:Infinity:271:10:288:Infinity":26,"f:272:21:272:27":21,"s:272:27:272:Infinity":85,"b:290:9:290:Infinity:291:10:308:Infinity":27,"f:292:21:292:27":22,"s:292:27:292:Infinity":86,"b:320:46:320:75:320:75:320:Infinity":28,"b:329:7:329:21:329:21:329:Infinity:330:8:347:Infinity":29}}}
[...]
23},"end":{"line":87,"column":39}},{"start":{"line":87,"column":39},"end":{"line":87,"column":null}}],"line":87},"3":{"loc":{"start":{"line":88,"column":25},"end":{"line":88,"column":null}},"type":"binary-expr","locations":[{"start":{"line":88,"column":25},"end":{"line":88,"column":43}},{"start":{"line":88,"column":43},"end":{"line":88,"column":null}}],"line":88},"4":{"loc":{"start":{"line":111,"column":4},"end":{"line":111,"column":null}},"type":"if","locations":[{"start":{"line":111,"column":4},"end":{"line":111,"column":null}},{"start":{},"end":{}}],"line":111},"5":{"loc":{"start":{"line":116,"column":21},"end":{"line":116,"column":null}},"type":"binary-expr","locations":[{"start":{"line":116,"column":21},"end":{"line":116,"column":38}},{"start":{"line":116,"column":38},"end":{"line":116,"column":null}}],"line":116}},"s":{"0":4,"1":4,"2":37,"3":37,"4":37,"5":126,"6":126,"7":118,"8":8,"9":2,"10":6,"11":6,"12":6,"13":126,"14":126,"15":37,"16":31,"17":31,"18":110,"19":110,"20":109,"21":1,"22":1,"23":31},"f":{"0":37,"1":31},"b":{"0":[118,8],"1":[2,6],"2":[6,0],"3":[126,0],"4":[109,1],"5":[1,0]},"meta":{"lastBranch":6,"lastFunction":2,"lastStatement":24,"seen":{"s:44:60:53:Infinity":0,"s:61:50:65:Infinity":1,"f:74:16:74:38":0,"s:75:16:75:Infinity":2,"s:76:39:76:Infinity":3,"s:78:2:97:Infinity":4,"s:79:17:79:Infinity":5,"b:80:4:80:Infinity:undefined:undefined:undefined:undefined":0,"s:80:4:80:Infinity":6,"s:80:15:80:Infinity":7,"b:83:4:83:Infinity:undefined:undefined:undefined:undefined":1,"s:83:4:83:Infinity":8,"s:83:36:83:Infinity":9,"s:85:10:85:Infinity":10,"s:86:10:86:Infinity":11,"s:87:23:87:Infinity":12,"b:87:23:87:39:87:39:87:Infinity":2,"s:88:25:88:Infinity":13,"b:88:25:88:43:88:43:88:Infinity":3,"s:90:4:96:Infinity":14,"s:99:2:99:Infinity":15,"f:106:16:106:32":1,"s:107:33:107:Infinity":16,"s:109:2:119:Infinity":17,"s:110:17:110:Infinity":18,"b:111:4:111:Infinity:undefined:undefined:undefined:undefined":4,"s:111:4:111:Infinity":19,"s:111:15:111:Infinity":20,"s:113:10:113:Infinity":21,"s:114:4:118:Infinity":22,"b:116:21:116:38:116:38:116:Infinity":5,"s:121:2:121:Infinity":23}}}
,"D:\\StorytellerCards\\worktree-m23-combined\\UI\\src\\utils\\scriptImporter.ts": {"path":"D:\\StorytellerCards\\worktree-m23-combined\\UI\\src\\utils\\scriptImporter.ts","statementMap":{"0":{"start":{"line":21,"column":2},"end":{"line":26,"column":null}},"1":{"start":{"line":39,"column":2},"end":{"line":39,"column":null}},"2":{"start":{"line":60,"column":2},"end":{"line":62,"column":null}},"3":{"start":{"line":61,"column":4},"end":{"line":61,"column":null}},"4":{"start":{"line":64,"column":2},"end":{"line":66,"column":null}},"5":{"start":{"line":65,"column":4},"end":{"line":65,"column":null}},"6":{"start":{"line":68,"column":19},"end":{"line":68,"column":null}},"7":{"start":{"line":69,"column":16},"end":{"line":69,"column":null}},"8":{"start":{"line":71,"column":2},"end":{"line":75,"column":null}},"9":{"start":{"line":72,"column":4},"end":{"line":74,"column":null}},"10":{"start":{"line":77,"column":33},"end":{"line":77,"column":null}},"11":{"start":{"line":79,"column":2},"end":{"line":85,"column":null}},"12":{"start":{"line":79,"column":15},"end":{"line":79,"column":18}},"13":{"start":{"line":80,"column":15},"end":{"line":80,"column":null}},"14":{"start":{"line":81,"column":4},"end":{"line":83,"column":null}},"15":{"start":{"line":82,"column":6},"end":{"line":82,"column":null}},"16":{"start":{"line":87,"column":2},"end":{"line":92,"column":null}}},"fnMap":{"0":{"name":"isMeta","decl":{"start":{"line":20,"column":9},"end":{"line":20,"column":16}},"loc":{"start":{"line":20,"column":53},"end":{"line":28,"column":null}},"line":20},"1":{"name":"normalizeId","decl":{"start":{"line":38,"column":9},"end":{"line":38,"column":21}},"loc":{"start":{"line":38,"column":43},"end":{"line":40,"column":null}},"line":38},"2":{"name":"importScript","decl":{"start":{"line":59,"column":16},"end":{"line":59,"column":29}},"loc":{"start":{"line":59,"column":52},"end":{"line":93,"column":null}},"line":59}},"branchMap":{"0":{"loc":{"start":{"line":22,"column":4},"end":{"line":26,"column":null}},"type":"binary-expr","locations":[{"start":{"line":22,"column":4},"end":{"line":22,"column":null}},{"start":{"line":23,"column":4},"end":{"line":23,"column":null}},{"start":{"line":24,"column":5},"end":{"line":24,"column":null}},{"start":{"line":25,"column":4},"end":{"line":25,"column":null}},{"start":{"line":26,"column":4},"end":{"line":26,"column":null}}],"line":22},"1":{"loc":{"start":{"line":60,"column":2},"end":{"line":62,"column":null}},"type":"if","locations":[{"start":{"line":60,"column":2},"end":{"line":62,"column":null}},{"start":{},"end":{}}],"line":60},"2":{"loc":{"start":{"line":64,"column":2},"end":{"line":66,"column":null}},"type":"if","locations":[{"start":{"line":64,"column":2},"end":{"line":66,"column":null}},{"start":{},"end":{}}],"line":64},"3":{"loc":{"start":{"line":71,"column":2},"end":{"line":75,"column":null}},"type":"if","locations":[{"start":{"line":71,"column":2},"end":{"line":75,"column":null}},{"start":{},"end":{}}],"line":71},"4":{"loc":{"start":{"line":81,"column":4},"end":{"line":83,"column":null}},"type":"if","locations":[{"start":{"line":81,"column":4},"end":{"line":83,"column":null}},{"start":{},"end":{}}],"line":81}},"s":{"0":11,"1":8,"2":13,"3":1,"4":12,"5":1,"6":11,"7":11,"8":11,"9":3,"10":8,"11":8,"12":8,"13":25,"14":25,"15":23,"16":8},"f":{"0":11,"1":8,"2":13},"b":{"0":[11,10,10,10,9],"1":[1,12],"2":[1,11],"3":[3,8],"4":[23,2]},"meta":{"lastBranch":5,"lastFunction":3,"lastStatement":17,"seen":{"f:20:9:20:16":0,"s:21:2:26:Infinity":0,"b:22:4:22:Infinity:23:4:23:Infinity:24:5:24:Infinity:25:4:25:Infinity:26:4:26:Infinity":0,"f:38:9:38:21":1,"s:39:2:39:Infinity":1,"f:59:16:59:29":2,"b:60:2:62:Infinity:undefined:undefined:undefined:undefined":1,"s:60:2:62:Infinity":2,"s:61:4:61:Infinity":3,"b:64:2:66:Infinity:undefined:undefined:undefined:undefined":2,"s:64:2:66:Infinity":4,"s:65:4:65:Infinity":5,"s:68:19:68:Infinity":6,"s:69:16:69:Infinity":7,"b:71:2:75:Infinity:undefined:undefined:undefined:undefined":3,"s:71:2:75:Infinity":8,"s:72:4:74:Infinity":9,"s:77:33:77:Infinity":10,"s:79:2:85:Infinity":11,"s:79:15:79:18":12,"s:80:15:80:Infinity":13,"b:81:4:83:Infinity:undefined:undefined:undefined:undefined":4,"s:81:4:83:Infinity":14,"s:82:6:82:Infinity":15,"s:87:2:92:Infinity":16}}}
,"D:\\StorytellerCards\\worktree-m23-combined\\UI\\src\\utils\\scriptSortRules.ts": {"path":"D:\\StorytellerCards\\worktree-m23-combined\\UI\\src\\utils\\scriptSortRules.ts","statementMap":{"0":{"start":{"line":8,"column":43},"end":{"line":16,"column":null}},"1":{"start":{"line":28,"column":32},"end":{"line":84,"column":null}},"2":{"start":{"line":90,"column":24},"end":{"line":90,"column":null}},"3":{"start":{"line":102,"column":18},"end":{"line":102,"column":null}},"4":{"start":{"line":103,"column":2},"end":{"line":120,"column":null}},"5":{"start":{"line":103,"column":15},"end":{"line":103,"column":18}},"6":{"start":{"line":104,"column":19},"end":{"line":104,"column":null}},"7":{"start":{"line":109,"column":4},"end":{"line":115,"column":null}},"8":{"start":{"line":110,"column":19},"end":{"line":110,"column":null}},"9":{"start":{"line":111,"column":6},"end":{"line":113,"column":null}},"10":{"start":{"line":112,"column":8},"end":{"line":112,"column":null}},"11":{"start":{"line":114,"column":6},"end":{"line":114,"column":null}},"12":{"start":{"line":117,"column":4},"end":{"line":119,"column":null}},"13":{"start":{"line":118,"column":6},"end":{"line":118,"column":null}},"14":{"start":{"line":121,"column":2},"end":{"line":121,"column":null}},"15":{"start":{"line":141,"column":2},"end":{"line":164,"column":null}},"16":{"start":{"line":143,"column":18},"end":{"line":143,"column":null}},"17":{"start":{"line":144,"column":18},"end":{"line":144,"column":null}},"18":{"start":{"line":145,"column":4},"end":{"line":145,"column":null}},"19":{"start":{"line":145,"column":25},"end":{"line":145,"column":null}},"20":{"start":{"line":148,"column":19},"end":{"line":148,"column":null}},"21":{"start":{"line":149,"column":19},"end":{"line":149,"column":null}},"22":{"start":{"line":150,"column":4},"end":{"line":150,"column":null}},"23":{"start":{"line":150,"column":27},"end":{"line":150,"column":null}},"24":{"start":{"line":153,"column":17},"end":{"line":153,"column":null}},"25":{"start":{"line":154,"column":17},"end":{"line":154,"column":null}},"26":{"start":{"line":155,"column":4},"end":{"line":155,"column":null}},"27":{"start":{"line":155,"column":23},"end":{"line":155,"column":null}},"28":{"start":{"line":158,"column":21},"end":{"line":158,"column":null}},"29":{"start":{"line":159,"column":21},"end":{"line":159,"column":null}},"30":{"start":{"line":160,"column":4},"end":{"line":160,"column":null}},"31":{"start":{"line":160,"column":31},"end":{"line":160,"column":null}},"32":{"start":{"line":163,"column":4},"end":{"line":163,"column":null}}},"fnMap":{"0":{"name":"getPrefixGroupIndex","decl":{"start":{"line":101,"column":9},"end":{"line":101,"column":29}},"loc":{"start":{"line":101,"column":54},"end":{"line":122,"column":null}},"line":101},"1":{"name":"sortScriptCharacters","decl":{"start":{"line":140,"column":16},"end":{"line":140,"column":37}},"loc":{"start":{"line":140,"column":81},"end":{"line":165,"column":null}},"line":140},"2":{"name":"(anonymous_2)","decl":{"start":{"line":141,"column":30},"end":{"line":141,"column":31}},"loc":{"start":{"line":141,"column":40},"end":{"line":164,"column":3}},"line":141}},"branchMap":{"0":{"loc":{"start":{"line":109,"column":4},"end":{"line":115,"column":null}},"type":"if","locations":[{"start":{"line":109,"column":4},"end":{"line":115,"column":null}},{"start":{},"end":{}}],"line":109},"1":{"loc":{"start":{"line":111,"column":6},"end":{"line":113,"column":null}},"type":"if","locations":[{"start":{"line":111,"column":6},"end":{"line":113,"column":null}},{"start":{},"end":{}}],"line":111},"2":{"loc":{"start":{"line":117,"column":4},"end":{"line":119,"column":null}},"type":"if","locations":[{"start":{"line":117,"column":4},"end":{"line":119,"column":null}},{"start":{},"end":{}}],"line":117},"3":{"loc":{"start":{"line":143,"column":18},"end":{"line":143,"column":null}},"type":"binary-expr","locations":[{"start":{"line":143,"column":18},"end":{"line":143,"column":40}},{"start":{"line":143,"column":40},"end":{"line":143,"column":null}}],"line":143},"4":{"loc":{"start":{"line":144,"column":18},"end":{"line":144,"column":null}},"type":"binary-expr","locations":[{"start":{"line":144,"column":18},"end":{"line":144,"column":40}},{"start":{"line":144,"column":40},"end":{"line":144,"column":null}}],"line":144},"5":{"loc":{"start":{"line":145,"column":4},"end":{"line":145,"column":null}},"type":"if","locations":[{"start":{"line":145,"column":4},"end":{"line":145,"column":null}},{"start":{},"end":{}}],"line":145},"6":{"loc":{"start":{"line":150,"column":4},"end":{"line":150,"column":null}},"type":"if","locations":[{"start":{"line":150,"column":4},"end":{"line":150,"column":null}},{"start":{},"end":{}}],"line":150},"7":{"loc":{"start":{"line":155,"column":4},"end":{"line":155,"column":null}},"type":"if","locations":[{"start":{"line":155,"column":4},"end":{"line":155,"column":null}},{"start":{},"end":{}}],"line":155},"8":{"loc":{"start":{"line":160,"column":4},"end":{"line":160,"column":null}},"type":"if","locations":[{"start":{"line":160,"column":4},"end":{"line":160,"column":null}},{"start":{},"end":{}}],"line":160}},"s":{"0":3,"1":3,"2":3,"3":330,"4":330,"5":330,"6":2979,"7":2979,"8":382,"9":382,"10":63,"11":319,"12":2597,"13":267,"14":0,"15":52,"16":736,"17":736,"18":736,"19":571,"20":165,"21":165,"22":165,"23":132,"24":33,"25":33,"26":33,"27":32,"28":1,"29":1,"30":1,"31":0,"32":1},"f":{"0":330,"1":52,"2":736},"b":{"0":[382,2597],"1":[63,319],"2":[267,2330],"3":[736,0],"4":[736,0],"5":[571,165],"6":[132,33],"7":[32,1],"8":[0,1]},"meta":{"lastBranch":9,"lastFunction":3,"lastStatement":33,"seen":{"s:8:43:16:Infinity":0,"s:28:32:84:Infinity":1,"s:90:24:90:Infinity":2,"f:101:9:101:29":0,"s:102:18:102:Infinity":3,"s:103:2:120:Infinity":4,"s:103:15:103:18":5,"s:104:19:104:Infinity":6,"b:109:4:115:Infinity:undefined:undefined:undefined:undefined":0,"s:109:4:115:Infinity":7,"s:110:19:110:Infinity":8,"b:111:6:113:Infinity:undefined:undefined:undefined:undefined":1,"s:111:6:113:Infinity":9,"s:112:8:112:Infinity":10,"s:114:6:114:Infinity":11,"b:117:4:119:Infinity:undefined:undefined:undefined:undefined":2,"s:117:4:119:Infinity":12,"s:118:6:118:Infinity":13,"s:121:2:121:Infinity":14,"f:140:16:140:37":1,"s:141:2:164:Infinity":15,"f:141:30:141:31":2,"s:143:18:143:Infinity":16,"b:143:18:143:40:143:40:143:Infinity":3,"s:144:18:144:Infinity":17,"b:144:18:144:40:144:40:144:Infinity":4,"b:145:4:145:Infinity:undefined:undefined:undefined:undefined":5,"s:145:4:145:Infinity":18,"s:145:25:145:Infinity":19,"s:148:19:148:Infinity":20,"s:149:19:149:Infinity":21,"b:150:4:150:Infinity:undefined:undefined:undefined:undefined":6,"s:150:4:150:Infinity":22,"s:150:27:150:Infinity":23,"s:153:17:153:Infinity":24,"s:154:17:154:Infinity":25,"b:155:4:155:Infinity:undefined:undefined:undefined:undefined":7,"s:155:4:155:Infinity":26,"s:155:23:155:Infinity":27,"s:158:21:158:Infinity":28,"s:159:21:159:Infinity":29,"b:160:4:160:Infinity:undefined:undefined:undefined:undefined":8,"s:160:4:160:Infinity":30,"s:160:31:160:Infinity":31,"s:163:4:163:Infinity":32}}}
,"D:\\StorytellerCards\\worktree-m23-combined\\UI\\src\\utils\\setupModifiers.ts": {"path":"D:\\StorytellerCards\\worktree-m23-combined\\UI\\src\\utils\\setupModifiers.ts","statementMap":{"0":{"start":{"line":39,"column":56},"end":{"line":54,"column":null}},"1":{"start":{"line":63,"column":37},"end":{"line":63,"column":null}},"2":{"start":{"line":65,"column":2},"end":{"line":81,"column":null}},"3":{"start":{"line":66,"column":18},"end":{"line":66,"column":null}},"4":{"start":{"line":67,"column":4},"end":{"line":67,"column":null}},"5":{"start":{"line":67,"column":16},"end":{"line":67,"column":null}},"6":{"start":{"line":69,"column":10},"end":{"line":69,"column":null}},"7":{"start":{"line":70,"column":21},"end":{"line":70,"column":null}},"8":{"start":{"line":72,"column":4},"end":{"line":80,"column":null}},"9":{"start":{"line":73,"column":6},"end":{"line":79,"column":null}},"10":{"start":{"line":83,"column":2},"end":{"line":83,"column":null}},"11":{"start":{"line":92,"column":20},"end":{"line":92,"column":null}},"12":{"start":{"line":93,"column":18},"end":{"line":93,"column":null}},"13":{"start":{"line":94,"column":25},"end":{"line":94,"column":null}},"14":{"start":{"line":95,"column":23},"end":{"line":95,"column":null}},"15":{"start":{"line":97,"column":2},"end":{"line":111,"column":null}},"16":{"start":{"line":98,"column":4},"end":{"line":110,"column":null}},"17":{"start":{"line":99,"column":6},"end":{"line":103,"column":null}},"18":{"start":{"line":100,"column":8},"end":{"line":100,"column":null}},"19":{"start":{"line":102,"column":8},"end":{"line":102,"column":null}},"20":{"start":{"line":105,"column":6},"end":{"line":109,"column":null}},"21":{"start":{"line":106,"column":8},"end":{"line":106,"column":null}},"22":{"start":{"line":108,"column":8},"end":{"line":108,"column":null}},"23":{"start":{"line":113,"column":2},"end":{"line":116,"column":null}},"24":{"start":{"line":128,"column":14},"end":{"line":128,"column":null}},"25":{"start":{"line":129,"column":24},"end":{"line":129,"column":null}},"26":{"start":{"line":130,"column":22},"end":{"line":130,"column":null}},"27":{"start":{"line":132,"column":2},"end":{"line":137,"column":null}}},"fnMap":{"0":{"name":"getSetupModifiers","decl":{"start":{"line":62,"column":16},"end":{"line":62,"column":34}},"loc":{"start":{"line":62,"column":81},"end":{"line":84,"column":null}},"line":62},"1":{"name":"getNetAdjustment","decl":{"start":{"line":91,"column":16},"end":{"line":91,"column":33}},"loc":{"start":{"line":91,"column":76},"end":{"line":117,"column":null}},"line":91},"2":{"name":"applyFixedModifiers","decl":{"start":{"line":124,"column":16},"end":{"line":124,"column":null}},"loc":{"start":{"line":127,"column":77},"end":{"line":138,"column":null}},"line":127}},"branchMap":{"0":{"loc":{"start":{"line":67,"column":4},"end":{"line":67,"column":null}},"type":"if","locations":[{"start":{"line":67,"column":4},"end":{"line":67,"column":null}},{"start":{},"end":{}}],"line":67},"1":{"loc":{"start":{"line":70,"column":21},"end":{"line":70,"column":null}},"type":"binary-expr","locations":[{"start":{"line":70,"column":21},"end":{"line":70,"column":38}},{"start":{"line":70,"column":38},"end":{"line":70,"column":null}}],"line":70},"2":{"loc":{"start":{"line":98,"column":4},"end":{"line":110,"column":null}},"type":"if","locations":[{"start":{"line":98,"column":4},"end":{"line":110,"column":null}},{"start":{"line":104,"column":11},"end":{"line":110,"column":null}}],"line":98},"3":{"loc":{"start":{"line":99,"column":6},"end":{"line":103,"column":null}},"type":"if","locations":[{"start":{"line":99,"column":6},"end":{"line":103,"column":null}},{"start":{"line":101,"column":13},"end":{"line":103,"column":null}}],"line":99},"4":{"loc":{"start":{"line":105,"column":6},"end":{"line":109,"column":null}},"type":"if","locations":[{"start":{"line":105,"column":6},"end":{"line":109,"column":null}},{"start":{"line":107,"column":13},"end":{"line":109,"column":null}}],"line":105},"5":{"loc":{"start":{"line":114,"column":15},"end":{"line":114,"column":null}},"type":"cond-expr","locations":[{"start":{"line":114,"column":34},"end":{"line":114,"column":47}},{"start":{"line":114,"column":47},"end":{"line":114,"column":null}}],"line":114},"6":{"loc":{"start":{"line":115,"column":13},"end":{"line":115,"column":null}},"type":"cond-expr","locations":[{"start":{"line":115,"column":30},"end":{"line":115,"column":43}},{"start":{"line":115,"column":43},"end":{"line":115,"column":null}}],"line":115},"7":{"loc":{"start":{"line":129,"column":24},"end":{"line":129,"column":null}},"type":"cond-expr","locations":[{"start":{"line":129,"column":60},"end":{"line":129,"column":76}},{"start":{"line":129,"column":76},"end":{"line":129,"column":null}}],"line":129},"8":{"loc":{"start":{"line":130,"column":22},"end":{"line":130,"column":null}},"type":"cond-expr","locations":[{"start":{"line":130,"column":56},"end":{"line":130,"column":70}},{"start":{"line":130,"column":70},"end":{"line":130,"column":null}}],"line":130}},"s":{"0":4,"1":41,"2":41,"3":123,"4":123,"5":109,"6":14,"7":14,"8":123,"9":15,"10":41,"11":29,"12":29,"13":29,"14":29,"15":29,"16":15,"17":12,"18":2,"19":10,"20":3,"21":0,"22":3,"23":29,"24":8,"25":8,"26":8,"27":8},"f":{"0":41,"1":29,"2":8},"b":{"0":[109,14],"1":[14,0],"2":[12,3],"3":[2,10],"4":[0,3],"5":[2,27],"6":[0,29],"7":[7,1],"8":[8,0]},"meta":{"lastBranch":9,"lastFunction":3,"lastStatement":28,"seen":{"s:39:56:54:Infinity":0,"f:62:16:62:34":0,"s:63:37:63:Infinity":1,"s:65:2:81:Infinity":2,"s:66:18:66:Infinity":3,"b:67:4:67:Infinity:undefined:undefined:undefined:undefined":0,"s:67:4:67:Infinity":4,"s:67:16:67:Infinity":5,"s:69:10:69:Infinity":6,"s:70:21:70:Infinity":7,"b:70:21:70:38:70:38:70:Infinity":1,"s:72:4:80:Infinity":8,"s:73:6:79:Infinity":9,"s:83:2:83:Infinity":10,"f:91:16:91:33":1,"s:92:20:92:Infinity":11,"s:93:18:93:Infinity":12,"s:94:25:94:Infinity":13,"s:95:23:95:Infinity":14,"s:97:2:111:Infinity":15,"b:98:4:110:Infinity:104:11:110:Infinity":2,"s:98:4:110:Infinity":16,"b:99:6:103:Infinity:101:13:103:Infinity":3,"s:99:6:103:Infinity":17,"s:100:8:100:Infinity":18,"s:102:8:102:Infinity":19,"b:105:6:109:Infinity:107:13:109:Infinity":4,"s:105:6:109:Infinity":20,"s:106:8:106:Infinity":21,"s:108:8:108:Infinity":22,"s:113:2:116:Infinity":23,"b:114:34:114:47:114:47:114:Infinity":5,"b:115:30:115:43:115:43:115:Infinity":6,"f:124:16:124:Infinity":2,"s:128:14:128:Infinity":24,"s:129:24:129:Infinity":25,"b:129:60:129:76:129:76:129:Infinity":7,"s:130:22:130:Infinity":26,"b:130:56:130:70:130:70:130:Infinity":8,"s:132:2:137:Infinity":27}}}
}
