{"D:\\StorytellerCards\\worktree-m18\\UI\\src\\components\\CharacterAssignment\\CharacterAssignmentDialog.tsx": {"path":"D:\\StorytellerCards\\worktree-m18\\UI\\src\\components\\CharacterAssignment\\CharacterAssignmentDialog.tsx","statementMap":{"0":{"start":{"line":51,"column":8},"end":{"line":51,"column":null}},"1":{"start":{"line":51,"column":38},"end":{"line":51,"column":77}},"2":{"start":{"line":51,"column":60},"end":{"line":51,"column":74}},"3":{"start":{"line":52,"column":8},"end":{"line":55,"column":null}},"4":{"start":{"line":53,"column":4},"end":{"line":53,"column":null}},"5":{"start":{"line":57,"column":38},"end":{"line":57,"column":null}},"6":{"start":{"line":58,"column":38},"end":{"line":58,"column":null}},"7":{"start":{"line":59,"column":24},"end":{"line":59,"column":null}},"8":{"start":{"line":62,"column":8},"end":{"line":66,"column":null}},"9":{"start":{"line":63,"column":4},"end":{"line":63,"column":null}},"10":{"start":{"line":63,"column":58},"end":{"line":63,"column":72}},"11":{"start":{"line":64,"column":4},"end":{"line":64,"column":null}},"12":{"start":{"line":65,"column":4},"end":{"line":65,"column":null}},"13":{"start":{"line":69,"column":8},"end":{"line":82,"column":null}},"14":{"start":{"line":70,"column":51},"end":{"line":75,"column":null}},"15":{"start":{"line":76,"column":4},"end":{"line":80,"column":null}},"16":{"start":{"line":77,"column":6},"end":{"line":79,"column":null}},"17":{"start":{"line":78,"column":8},"end":{"line":78,"column":null}},"18":{"start":{"line":81,"column":4},"end":{"line":81,"column":null}},"19":{"start":{"line":85,"column":8},"end":{"line":91,"column":null}},"20":{"start":{"line":86,"column":16},"end":{"line":86,"column":null}},"21":{"start":{"line":87,"column":4},"end":{"line":89,"column":null}},"22":{"start":{"line":88,"column":6},"end":{"line":88,"column":null}},"23":{"start":{"line":88,"column":25},"end":{"line":88,"column":null}},"24":{"start":{"line":90,"column":4},"end":{"line":90,"column":null}},"25":{"start":{"line":93,"column":35},"end":{"line":95,"column":null}},"26":{"start":{"line":94,"column":4},"end":{"line":94,"column":null}},"27":{"start":{"line":94,"column":31},"end":{"line":94,"column":70}},"28":{"start":{"line":97,"column":26},"end":{"line":105,"column":null}},"29":{"start":{"line":98,"column":4},"end":{"line":98,"column":null}},"30":{"start":{"line":99,"column":4},"end":{"line":104,"column":null}},"31":{"start":{"line":100,"column":12},"end":{"line":100,"column":null}},"32":{"start":{"line":101,"column":6},"end":{"line":101,"column":null}},"33":{"start":{"line":103,"column":6},"end":{"line":103,"column":null}},"34":{"start":{"line":107,"column":32},"end":{"line":121,"column":null}},"35":{"start":{"line":108,"column":20},"end":{"line":108,"column":null}},"36":{"start":{"line":108,"column":49},"end":{"line":108,"column":69}},"37":{"start":{"line":109,"column":4},"end":{"line":120,"column":null}},"38":{"start":{"line":110,"column":6},"end":{"line":119,"column":null}},"39":{"start":{"line":111,"column":8},"end":{"line":111,"column":null}},"40":{"start":{"line":111,"column":46},"end":{"line":111,"column":null}},"41":{"start":{"line":112,"column":26},"end":{"line":112,"column":null}},"42":{"start":{"line":113,"column":8},"end":{"line":118,"column":null}},"43":{"start":{"line":123,"column":24},"end":{"line":126,"column":null}},"44":{"start":{"line":124,"column":4},"end":{"line":124,"column":null}},"45":{"start":{"line":125,"column":4},"end":{"line":125,"column":null}},"46":{"start":{"line":129,"column":4},"end":{"line":129,"column":null}},"47":{"start":{"line":130,"column":24},"end":{"line":130,"column":null}},"48":{"start":{"line":132,"column":2},"end":{"line":277,"column":null}},"49":{"start":{"line":163,"column":12},"end":{"line":172,"column":null}},"50":{"start":{"line":169,"column":31},"end":{"line":169,"column":null}},"51":{"start":{"line":202,"column":12},"end":{"line":211,"column":null}},"52":{"start":{"line":223,"column":27},"end":{"line":223,"column":41}},"53":{"start":{"line":225,"column":14},"end":{"line":266,"column":null}},"54":{"start":{"line":242,"column":37},"end":{"line":242,"column":null}},"55":{"start":{"line":249,"column":31},"end":{"line":249,"column":null}},"56":{"start":{"line":252,"column":24},"end":{"line":262,"column":null}}},"fnMap":{"0":{"name":"CharacterAssignmentDialog","decl":{"start":{"line":44,"column":16},"end":{"line":44,"column":42}},"loc":{"start":{"line":50,"column":35},"end":{"line":279,"column":null}},"line":50},"1":{"name":"(anonymous_1)","decl":{"start":{"line":51,"column":32},"end":{"line":51,"column":38}},"loc":{"start":{"line":51,"column":38},"end":{"line":51,"column":77}},"line":51},"2":{"name":"(anonymous_2)","decl":{"start":{"line":51,"column":53},"end":{"line":51,"column":54}},"loc":{"start":{"line":51,"column":60},"end":{"line":51,"column":74}},"line":51},"3":{"name":"(anonymous_3)","decl":{"start":{"line":53,"column":4},"end":{"line":53,"column":10}},"loc":{"start":{"line":53,"column":4},"end":{"line":53,"column":null}},"line":53},"4":{"name":"(anonymous_4)","decl":{"start":{"line":62,"column":34},"end":{"line":62,"column":40}},"loc":{"start":{"line":62,"column":40},"end":{"line":66,"column":5}},"line":62},"5":{"name":"(anonymous_5)","decl":{"start":{"line":63,"column":51},"end":{"line":63,"column":52}},"loc":{"start":{"line":63,"column":58},"end":{"line":63,"column":72}},"line":63},"6":{"name":"(anonymous_6)","decl":{"start":{"line":69,"column":30},"end":{"line":69,"column":36}},"loc":{"start":{"line":69,"column":36},"end":{"line":82,"column":5}},"line":69},"7":{"name":"(anonymous_7)","decl":{"start":{"line":85,"column":30},"end":{"line":85,"column":36}},"loc":{"start":{"line":85,"column":36},"end":{"line":91,"column":5}},"line":85},"8":{"name":"(anonymous_8)","decl":{"start":{"line":93,"column":35},"end":{"line":93,"column":36}},"loc":{"start":{"line":93,"column":79},"end":{"line":95,"column":null}},"line":93},"9":{"name":"(anonymous_9)","decl":{"start":{"line":94,"column":20},"end":{"line":94,"column":21}},"loc":{"start":{"line":94,"column":31},"end":{"line":94,"column":70}},"line":94},"10":{"name":"(anonymous_10)","decl":{"start":{"line":97,"column":26},"end":{"line":97,"column":32}},"loc":{"start":{"line":97,"column":32},"end":{"line":105,"column":null}},"line":97},"11":{"name":"(anonymous_11)","decl":{"start":{"line":107,"column":32},"end":{"line":107,"column":33}},"loc":{"start":{"line":107,"column":71},"end":{"line":121,"column":null}},"line":107},"12":{"name":"(anonymous_12)","decl":{"start":{"line":108,"column":42},"end":{"line":108,"column":43}},"loc":{"start":{"line":108,"column":49},"end":{"line":108,"column":69}},"line":108},"13":{"name":"(anonymous_13)","decl":{"start":{"line":109,"column":20},"end":{"line":109,"column":21}},"loc":{"start":{"line":110,"column":6},"end":{"line":119,"column":null}},"line":110},"14":{"name":"(anonymous_14)","decl":{"start":{"line":110,"column":15},"end":{"line":110,"column":16}},"loc":{"start":{"line":110,"column":22},"end":{"line":119,"column":7}},"line":110},"15":{"name":"(anonymous_15)","decl":{"start":{"line":123,"column":24},"end":{"line":123,"column":30}},"loc":{"start":{"line":123,"column":30},"end":{"line":126,"column":null}},"line":123},"16":{"name":"(anonymous_16)","decl":{"start":{"line":162,"column":16},"end":{"line":162,"column":17}},"loc":{"start":{"line":163,"column":12},"end":{"line":172,"column":null}},"line":163},"17":{"name":"(anonymous_17)","decl":{"start":{"line":169,"column":24},"end":{"line":169,"column":25}},"loc":{"start":{"line":169,"column":31},"end":{"line":169,"column":null}},"line":169},"18":{"name":"(anonymous_18)","decl":{"start":{"line":201,"column":71},"end":{"line":201,"column":72}},"loc":{"start":{"line":202,"column":12},"end":{"line":211,"column":null}},"line":202},"19":{"name":"(anonymous_19)","decl":{"start":{"line":223,"column":20},"end":{"line":223,"column":21}},"loc":{"start":{"line":223,"column":27},"end":{"line":223,"column":41}},"line":223},"20":{"name":"(anonymous_20)","decl":{"start":{"line":224,"column":17},"end":{"line":224,"column":18}},"loc":{"start":{"line":225,"column":14},"end":{"line":266,"column":null}},"line":225},"21":{"name":"(anonymous_21)","decl":{"start":{"line":242,"column":30},"end":{"line":242,"column":31}},"loc":{"start":{"line":242,"column":37},"end":{"line":242,"column":null}},"line":242},"22":{"name":"(anonymous_22)","decl":{"start":{"line":249,"column":24},"end":{"line":249,"column":25}},"loc":{"start":{"line":249,"column":31},"end":{"line":249,"column":null}},"line":249},"23":{"name":"(anonymous_23)","decl":{"start":{"line":251,"column":27},"end":{"line":251,"column":28}},"loc":{"start":{"line":252,"column":24},"end":{"line":262,"column":null}},"line":252}},"branchMap":{"0":{"loc":{"start":{"line":77,"column":6},"end":{"line":79,"column":null}},"type":"if","locations":[{"start":{"line":77,"column":6},"end":{"line":79,"column":null}},{"start":{},"end":{}}],"line":77},"1":{"loc":{"start":{"line":88,"column":6},"end":{"line":88,"column":null}},"type":"if","locations":[{"start":{"line":88,"column":6},"end":{"line":88,"column":null}},{"start":{},"end":{}}],"line":88},"2":{"loc":{"start":{"line":103,"column":15},"end":{"line":103,"column":73}},"type":"cond-expr","locations":[{"start":{"line":103,"column":38},"end":{"line":103,"column":52}},{"start":{"line":103,"column":52},"end":{"line":103,"column":73}}],"line":103},"3":{"loc":{"start":{"line":111,"column":8},"end":{"line":111,"column":null}},"type":"if","locations":[{"start":{"line":111,"column":8},"end":{"line":111,"column":null}},{"start":{},"end":{}}],"line":111},"4":{"loc":{"start":{"line":111,"column":12},"end":{"line":111,"column":46}},"type":"binary-expr","locations":[{"start":{"line":111,"column":12},"end":{"line":111,"column":31}},{"start":{"line":111,"column":31},"end":{"line":111,"column":46}}],"line":111},"5":{"loc":{"start":{"line":112,"column":26},"end":{"line":112,"column":null}},"type":"cond-expr","locations":[{"start":{"line":112,"column":84},"end":{"line":112,"column":93}},{"start":{"line":112,"column":93},"end":{"line":112,"column":null}}],"line":112},"6":{"loc":{"start":{"line":112,"column":26},"end":{"line":112,"column":84}},"type":"binary-expr","locations":[{"start":{"line":112,"column":26},"end":{"line":112,"column":56}},{"start":{"line":112,"column":56},"end":{"line":112,"column":84}}],"line":112},"7":{"loc":{"start":{"line":169,"column":61},"end":{"line":169,"column":94}},"type":"binary-expr","locations":[{"start":{"line":169,"column":61},"end":{"line":169,"column":93}},{"start":{"line":169,"column":93},"end":{"line":169,"column":94}}],"line":169},"8":{"loc":{"start":{"line":176,"column":9},"end":{"line":179,"column":null}},"type":"binary-expr","locations":[{"start":{"line":176,"column":9},"end":{"line":176,"column":null}},{"start":{"line":177,"column":10},"end":{"line":179,"column":null}}],"line":176},"9":{"loc":{"start":{"line":188,"column":9},"end":{"line":191,"column":null}},"type":"binary-expr","locations":[{"start":{"line":188,"column":9},"end":{"line":188,"column":null}},{"start":{"line":189,"column":10},"end":{"line":191,"column":null}}],"line":188},"10":{"loc":{"start":{"line":204,"column":33},"end":{"line":204,"column":63}},"type":"binary-expr","locations":[{"start":{"line":204,"column":33},"end":{"line":204,"column":62}},{"start":{"line":204,"column":62},"end":{"line":204,"column":63}}],"line":204},"11":{"loc":{"start":{"line":249,"column":31},"end":{"line":249,"column":null}},"type":"binary-expr","locations":[{"start":{"line":249,"column":31},"end":{"line":249,"column":57}},{"start":{"line":249,"column":57},"end":{"line":249,"column":80}},{"start":{"line":249,"column":80},"end":{"line":249,"column":null}}],"line":249},"12":{"loc":{"start":{"line":255,"column":36},"end":{"line":255,"column":null}},"type":"binary-expr","locations":[{"start":{"line":255,"column":36},"end":{"line":255,"column":61}},{"start":{"line":255,"column":61},"end":{"line":255,"column":null}}],"line":255},"13":{"loc":{"start":{"line":258,"column":37},"end":{"line":258,"column":null}},"type":"cond-expr","locations":[{"start":{"line":258,"column":92},"end":{"line":258,"column":98}},{"start":{"line":258,"column":98},"end":{"line":258,"column":null}}],"line":258},"14":{"loc":{"start":{"line":258,"column":37},"end":{"line":258,"column":92}},"type":"binary-expr","locations":[{"start":{"line":258,"column":37},"end":{"line":258,"column":62}},{"start":{"line":258,"column":62},"end":{"line":258,"column":92}}],"line":258}},"s":{"0":33,"1":16,"2":82,"3":33,"4":16,"5":33,"6":33,"7":33,"8":33,"9":15,"10":77,"11":15,"12":15,"13":33,"14":16,"15":16,"16":86,"17":86,"18":16,"19":33,"20":31,"21":31,"22":159,"23":4,"24":31,"25":33,"26":1,"27":1,"28":33,"29":1,"30":1,"31":1,"32":1,"33":1,"34":33,"35":0,"36":0,"37":0,"38":0,"39":0,"40":0,"41":0,"42":0,"43":33,"44":1,"45":1,"46":33,"47":33,"48":33,"49":132,"50":1,"51":132,"52":169,"53":165,"54":0,"55":870,"56":870},"f":{"0":33,"1":16,"2":82,"3":16,"4":15,"5":77,"6":16,"7":31,"8":1,"9":1,"10":1,"11":0,"12":0,"13":0,"14":0,"15":1,"16":132,"17":1,"18":132,"19":169,"20":165,"21":0,"22":870,"23":870},"b":{"0":[86,0],"1":[4,155],"2":[1,0],"3":[0,0],"4":[0,0],"5":[0,0],"6":[0,0],"7":[1,1],"8":[33,1],"9":[33,1],"10":[132,0],"11":[870,870,870],"12":[870,0],"13":[0,870],"14":[870,0]},"meta":{"lastBranch":15,"lastFunction":24,"lastStatement":57,"seen":{"f:44:16:44:42":0,"s:51:8:51:Infinity":0,"f:51:32:51:38":1,"s:51:38:51:77":1,"f:51:53:51:54":2,"s:51:60:51:74":2,"s:52:8:55:Infinity":3,"f:53:4:53:10":3,"s:53:4:53:Infinity":4,"s:57:38:57:Infinity":5,"s:58:38:58:Infinity":6,"s:59:24:59:Infinity":7,"s:62:8:66:Infinity":8,"f:62:34:62:40":4,"s:63:4:63:Infinity":9,"f:63:51:63:52":5,"s:63:58:63:72":10,"s:64:4:64:Infinity":11,"s:65:4:65:Infinity":12,"s:69:8:82:Infinity":13,"f:69:30:69:36":6,"s:70:51:75:Infinity":14,"s:76:4:80:Infinity":15,"b:77:6:79:Infinity:undefined:undefined:undefined:undefined":0,"s:77:6:79:Infinity":16,"s:78:8:78:Infinity":17,"s:81:4:81:Infinity":18,"s:85:8:91:Infinity":19,"f:85:30:85:36":7,"s:86:16:86:Infinity":20,"s:87:4:89:Infinity":21,"b:88:6:88:Infinity:undefined:undefined:undefined:undefined":1,"s:88:6:88:Infinity":22,"s:88:25:88:Infinity":23,"s:90:4:90:Infinity":24,"s:93:35:95:Infinity":25,"f:93:35:93:36":8,"s:94:4:94:Infinity":26,"f:94:20:94:21":9,"s:94:31:94:70":27,"s:97:26:105:Infinity":28,"f:97:26:97:32":10,"s:98:4:98:Infinity":29,"s:99:4:104:Infinity":30,"s:100:12:100:Infinity":31,"s:101:6:101:Infinity":32,"s:103:6:103:Infinity":33,"b:103:38:103:52:103:52:103:73":2,"s:107:32:121:Infinity":34,"f:107:32:107:33":11,"s:108:20:108:Infinity":35,"f:108:42:108:43":12,"s:108:49:108:69":36,"s:109:4:120:Infinity":37,"f:109:20:109:21":13,"s:110:6:119:Infinity":38,"f:110:15:110:16":14,"b:111:8:111:Infinity:undefined:undefined:undefined:undefined":3,"s:111:8:111:Infinity":39,"b:111:12:111:31:111:31:111:46":4,"s:111:46:111:Infinity":40,"s:112:26:112:Infinity":41,"b:112:84:112:93:112:93:112:Infinity":5,"b:112:26:112:56:112:56:112:84":6,"s:113:8:118:Infinity":42,"s:123:24:126:Infinity":43,"f:123:24:123:30":15,"s:124:4:124:Infinity":44,"s:125:4:125:Infinity":45,"s:129:4:129:Infinity":46,"s:130:24:130:Infinity":47,"s:132:2:277:Infinity":48,"f:162:16:162:17":16,"s:163:12:172:Infinity":49,"f:169:24:169:25":17,"s:169:31:169:Infinity":50,"b:169:61:169:93:169:93:169:94":7,"b:176:9:176:Infinity:177:10:179:Infinity":8,"b:188:9:188:Infinity:189:10:191:Infinity":9,"f:201:71:201:72":18,"s:202:12:211:Infinity":51,"b:204:33:204:62:204:62:204:63":10,"f:223:20:223:21":19,"s:223:27:223:41":52,"f:224:17:224:18":20,"s:225:14:266:Infinity":53,"f:242:30:242:31":21,"s:242:37:242:Infinity":54,"f:249:24:249:25":22,"s:249:31:249:Infinity":55,"b:249:31:249:57:249:57:249:80:249:80:249:Infinity":11,"f:251:27:251:28":23,"s:252:24:262:Infinity":56,"b:255:36:255:61:255:61:255:Infinity":12,"b:258:92:258:98:258:98:258:Infinity":13,"b:258:37:258:62:258:62:258:92":14}}}
,"D:\\StorytellerCards\\worktree-m18\\UI\\src\\components\\NightHistory\\NightHistoryDrawer.tsx": {"path":"D:\\StorytellerCards\\worktree-m18\\UI\\src\\components\\NightHistory\\NightHistoryDrawer.tsx","statementMap":{"0":{"start":{"line":28,"column":16},"end":{"line":28,"column":null}},"1":{"start":{"line":29,"column":44},"end":{"line":29,"column":null}},"2":{"start":{"line":31,"column":36},"end":{"line":31,"column":null}},"3":{"start":{"line":32,"column":36},"end":{"line":32,"column":null}},"4":{"start":{"line":34,"column":21},"end":{"line":40,"column":null}},"5":{"start":{"line":35,"column":4},"end":{"line":39,"column":null}},"6":{"start":{"line":36,"column":6},"end":{"line":36,"column":null}},"7":{"start":{"line":38,"column":6},"end":{"line":38,"column":null}},"8":{"start":{"line":42,"column":2},"end":{"line":164,"column":null}},"9":{"start":{"line":85,"column":69},"end":{"line":85,"column":null}},"10":{"start":{"line":86,"column":28},"end":{"line":88,"column":null}},"11":{"start":{"line":90,"column":14},"end":{"line":147,"column":null}},"12":{"start":{"line":94,"column":20},"end":{"line":94,"column":null}},"13":{"start":{"line":95,"column":20},"end":{"line":95,"column":null}},"14":{"start":{"line":161,"column":25},"end":{"line":161,"column":null}}},"fnMap":{"0":{"name":"NightHistoryDrawer","decl":{"start":{"line":27,"column":16},"end":{"line":27,"column":35}},"loc":{"start":{"line":27,"column":79},"end":{"line":166,"column":null}},"line":27},"1":{"name":"(anonymous_1)","decl":{"start":{"line":34,"column":21},"end":{"line":34,"column":22}},"loc":{"start":{"line":34,"column":46},"end":{"line":40,"column":null}},"line":34},"2":{"name":"(anonymous_2)","decl":{"start":{"line":84,"column":30},"end":{"line":84,"column":31}},"loc":{"start":{"line":84,"column":46},"end":{"line":149,"column":13}},"line":84},"3":{"name":"(anonymous_3)","decl":{"start":{"line":93,"column":27},"end":{"line":93,"column":33}},"loc":{"start":{"line":93,"column":33},"end":{"line":96,"column":null}},"line":93},"4":{"name":"(anonymous_4)","decl":{"start":{"line":161,"column":19},"end":{"line":161,"column":25}},"loc":{"start":{"line":161,"column":25},"end":{"line":161,"column":null}},"line":161}},"branchMap":{"0":{"loc":{"start":{"line":29,"column":44},"end":{"line":29,"column":null}},"type":"binary-expr","locations":[{"start":{"line":29,"column":44},"end":{"line":29,"column":72}},{"start":{"line":29,"column":72},"end":{"line":29,"column":null}}],"line":29},"1":{"loc":{"start":{"line":76,"column":9},"end":{"line":150,"column":null}},"type":"cond-expr","locations":[{"start":{"line":77,"column":10},"end":{"line":81,"column":null}},{"start":{"line":83,"column":10},"end":{"line":150,"column":null}}],"line":76},"2":{"loc":{"start":{"line":86,"column":28},"end":{"line":88,"column":null}},"type":"cond-expr","locations":[{"start":{"line":87,"column":18},"end":{"line":87,"column":null}},{"start":{"line":88,"column":18},"end":{"line":88,"column":null}}],"line":86},"3":{"loc":{"start":{"line":130,"column":32},"end":{"line":132,"column":null}},"type":"cond-expr","locations":[{"start":{"line":131,"column":36},"end":{"line":131,"column":null}},{"start":{"line":132,"column":36},"end":{"line":132,"column":null}}],"line":130},"4":{"loc":{"start":{"line":137,"column":27},"end":{"line":138,"column":null}},"type":"binary-expr","locations":[{"start":{"line":137,"column":27},"end":{"line":137,"column":null}},{"start":{"line":138,"column":28},"end":{"line":138,"column":null}}],"line":137},"5":{"loc":{"start":{"line":155,"column":7},"end":{"line":162,"column":null}},"type":"binary-expr","locations":[{"start":{"line":155,"column":7},"end":{"line":155,"column":null}},{"start":{"line":156,"column":8},"end":{"line":162,"column":null}}],"line":155}},"s":{"0":15,"1":15,"2":15,"3":15,"4":15,"5":39,"6":39,"7":0,"8":15,"9":39,"10":39,"11":39,"12":2,"13":2,"14":1},"f":{"0":15,"1":39,"2":39,"3":2,"4":1},"b":{"0":[15,1],"1":[2,13],"2":[13,26],"3":[26,13],"4":[39,26],"5":[15,2]},"meta":{"lastBranch":6,"lastFunction":5,"lastStatement":15,"seen":{"f:27:16:27:35":0,"s:28:16:28:Infinity":0,"s:29:44:29:Infinity":1,"b:29:44:29:72:29:72:29:Infinity":0,"s:31:36:31:Infinity":2,"s:32:36:32:Infinity":3,"s:34:21:40:Infinity":4,"f:34:21:34:22":1,"s:35:4:39:Infinity":5,"s:36:6:36:Infinity":6,"s:38:6:38:Infinity":7,"s:42:2:164:Infinity":8,"b:77:10:81:Infinity:83:10:150:Infinity":1,"f:84:30:84:31":2,"s:85:69:85:Infinity":9,"s:86:28:88:Infinity":10,"b:87:18:87:Infinity:88:18:88:Infinity":2,"s:90:14:147:Infinity":11,"f:93:27:93:33":3,"s:94:20:94:Infinity":12,"s:95:20:95:Infinity":13,"b:131:36:131:Infinity:132:36:132:Infinity":3,"b:137:27:137:Infinity:138:28:138:Infinity":4,"b:155:7:155:Infinity:156:8:162:Infinity":5,"f:161:19:161:25":4,"s:161:25:161:Infinity":14}}}
,"D:\\StorytellerCards\\worktree-m18\\UI\\src\\components\\NightHistory\\NightHistoryReview.tsx": {"path":"D:\\StorytellerCards\\worktree-m18\\UI\\src\\components\\NightHistory\\NightHistoryReview.tsx","statementMap":{"0":{"start":{"line":34,"column":36},"end":{"line":34,"column":null}},"1":{"start":{"line":35,"column":38},"end":{"line":35,"column":null}},"2":{"start":{"line":38,"column":8},"end":{"line":38,"column":null}},"3":{"start":{"line":38,"column":43},"end":{"line":38,"column":77}},"4":{"start":{"line":38,"column":69},"end":{"line":38,"column":74}},"5":{"start":{"line":43,"column":8},"end":{"line":55,"column":null}},"6":{"start":{"line":44,"column":24},"end":{"line":44,"column":null}},"7":{"start":{"line":45,"column":21},"end":{"line":45,"column":null}},"8":{"start":{"line":46,"column":4},"end":{"line":46,"column":null}},"9":{"start":{"line":46,"column":19},"end":{"line":46,"column":null}},"10":{"start":{"line":47,"column":4},"end":{"line":54,"column":null}},"11":{"start":{"line":48,"column":29},"end":{"line":48,"column":null}},"12":{"start":{"line":49,"column":6},"end":{"line":51,"column":null}},"13":{"start":{"line":50,"column":8},"end":{"line":50,"column":null}},"14":{"start":{"line":53,"column":6},"end":{"line":53,"column":null}},"15":{"start":{"line":60,"column":8},"end":{"line":60,"column":null}},"16":{"start":{"line":63,"column":34},"end":{"line":66,"column":null}},"17":{"start":{"line":63,"column":73},"end":{"line":66,"column":4}},"18":{"start":{"line":69,"column":8},"end":{"line":78,"column":null}},"19":{"start":{"line":70,"column":11},"end":{"line":76,"column":null}},"20":{"start":{"line":81,"column":8},"end":{"line":98,"column":null}},"21":{"start":{"line":83,"column":6},"end":{"line":95,"column":null}},"22":{"start":{"line":85,"column":10},"end":{"line":86,"column":null}},"23":{"start":{"line":86,"column":40},"end":{"line":86,"column":60}},"24":{"start":{"line":87,"column":24},"end":{"line":87,"column":null}},"25":{"start":{"line":88,"column":8},"end":{"line":88,"column":null}},"26":{"start":{"line":89,"column":44},"end":{"line":92,"column":null}},"27":{"start":{"line":93,"column":8},"end":{"line":93,"column":null}},"28":{"start":{"line":94,"column":8},"end":{"line":94,"column":null}},"29":{"start":{"line":101,"column":8},"end":{"line":113,"column":null}},"30":{"start":{"line":103,"column":6},"end":{"line":110,"column":null}},"31":{"start":{"line":104,"column":44},"end":{"line":107,"column":null}},"32":{"start":{"line":108,"column":8},"end":{"line":108,"column":null}},"33":{"start":{"line":109,"column":8},"end":{"line":109,"column":null}},"34":{"start":{"line":116,"column":8},"end":{"line":128,"column":null}},"35":{"start":{"line":118,"column":6},"end":{"line":125,"column":null}},"36":{"start":{"line":119,"column":44},"end":{"line":122,"column":null}},"37":{"start":{"line":123,"column":8},"end":{"line":123,"column":null}},"38":{"start":{"line":124,"column":8},"end":{"line":124,"column":null}},"39":{"start":{"line":130,"column":2},"end":{"line":130,"column":null}},"40":{"start":{"line":130,"column":13},"end":{"line":130,"column":null}},"41":{"start":{"line":132,"column":21},"end":{"line":134,"column":null}},"42":{"start":{"line":136,"column":2},"end":{"line":192,"column":null}}},"fnMap":{"0":{"name":"NightHistoryReview","decl":{"start":{"line":27,"column":16},"end":{"line":27,"column":35}},"loc":{"start":{"line":33,"column":28},"end":{"line":194,"column":null}},"line":33},"1":{"name":"(anonymous_1)","decl":{"start":{"line":38,"column":37},"end":{"line":38,"column":43}},"loc":{"start":{"line":38,"column":43},"end":{"line":38,"column":77}},"line":38},"2":{"name":"(anonymous_2)","decl":{"start":{"line":38,"column":61},"end":{"line":38,"column":62}},"loc":{"start":{"line":38,"column":69},"end":{"line":38,"column":74}},"line":38},"3":{"name":"(anonymous_3)","decl":{"start":{"line":43,"column":26},"end":{"line":43,"column":32}},"loc":{"start":{"line":43,"column":32},"end":{"line":55,"column":5}},"line":43},"4":{"name":"(anonymous_4)","decl":{"start":{"line":47,"column":27},"end":{"line":47,"column":28}},"loc":{"start":{"line":47,"column":34},"end":{"line":54,"column":5}},"line":47},"5":{"name":"(anonymous_5)","decl":{"start":{"line":63,"column":66},"end":{"line":63,"column":73}},"loc":{"start":{"line":63,"column":73},"end":{"line":66,"column":4}},"line":63},"6":{"name":"(anonymous_6)","decl":{"start":{"line":70,"column":4},"end":{"line":70,"column":11}},"loc":{"start":{"line":70,"column":11},"end":{"line":76,"column":null}},"line":70},"7":{"name":"(anonymous_7)","decl":{"start":{"line":82,"column":4},"end":{"line":82,"column":5}},"loc":{"start":{"line":82,"column":53},"end":{"line":96,"column":null}},"line":82},"8":{"name":"(anonymous_8)","decl":{"start":{"line":83,"column":20},"end":{"line":83,"column":21}},"loc":{"start":{"line":83,"column":30},"end":{"line":95,"column":7}},"line":83},"9":{"name":"(anonymous_9)","decl":{"start":{"line":86,"column":33},"end":{"line":86,"column":34}},"loc":{"start":{"line":86,"column":40},"end":{"line":86,"column":60}},"line":86},"10":{"name":"(anonymous_10)","decl":{"start":{"line":102,"column":4},"end":{"line":102,"column":5}},"loc":{"start":{"line":102,"column":44},"end":{"line":111,"column":null}},"line":102},"11":{"name":"(anonymous_11)","decl":{"start":{"line":103,"column":20},"end":{"line":103,"column":21}},"loc":{"start":{"line":103,"column":30},"end":{"line":110,"column":7}},"line":103},"12":{"name":"(anonymous_12)","decl":{"start":{"line":117,"column":4},"end":{"line":117,"column":5}},"loc":{"start":{"line":117,"column":55},"end":{"line":126,"column":null}},"line":117},"13":{"name":"(anonymous_13)","decl":{"start":{"line":118,"column":20},"end":{"line":118,"column":21}},"loc":{"start":{"line":118,"column":30},"end":{"line":125,"column":7}},"line":118},"14":{"name":"(anonymous_14)","decl":{"start":{"line":189,"column":22},"end":{"line":189,"column":28}},"loc":{"start":{"line":189,"column":28},"end":{"line":189,"column":null}},"line":189}},"branchMap":{"0":{"loc":{"start":{"line":44,"column":24},"end":{"line":44,"column":null}},"type":"binary-expr","locations":[{"start":{"line":44,"column":24},"end":{"line":44,"column":47}},{"start":{"line":44,"column":47},"end":{"line":44,"column":null}}],"line":44},"1":{"loc":{"start":{"line":46,"column":4},"end":{"line":46,"column":null}},"type":"if","locations":[{"start":{"line":46,"column":4},"end":{"line":46,"column":null}},{"start":{},"end":{}}],"line":46},"2":{"loc":{"start":{"line":49,"column":6},"end":{"line":51,"column":null}},"type":"if","locations":[{"start":{"line":49,"column":6},"end":{"line":51,"column":null}},{"start":{},"end":{}}],"line":49},"3":{"loc":{"start":{"line":65,"column":16},"end":{"line":65,"column":null}},"type":"binary-expr","locations":[{"start":{"line":65,"column":16},"end":{"line":65,"column":43}},{"start":{"line":65,"column":43},"end":{"line":65,"column":null}}],"line":65},"4":{"loc":{"start":{"line":74,"column":24},"end":{"line":74,"column":53}},"type":"binary-expr","locations":[{"start":{"line":74,"column":24},"end":{"line":74,"column":49}},{"start":{"line":74,"column":49},"end":{"line":74,"column":53}}],"line":74},"5":{"loc":{"start":{"line":85,"column":10},"end":{"line":86,"column":null}},"type":"binary-expr","locations":[{"start":{"line":85,"column":10},"end":{"line":85,"column":null}},{"start":{"line":86,"column":10},"end":{"line":86,"column":null}}],"line":85},"6":{"loc":{"start":{"line":86,"column":20},"end":{"line":86,"column":85}},"type":"binary-expr","locations":[{"start":{"line":86,"column":20},"end":{"line":86,"column":84}},{"start":{"line":86,"column":84},"end":{"line":86,"column":85}}],"line":86},"7":{"loc":{"start":{"line":121,"column":28},"end":{"line":121,"column":52}},"type":"binary-expr","locations":[{"start":{"line":121,"column":28},"end":{"line":121,"column":47}},{"start":{"line":121,"column":47},"end":{"line":121,"column":52}}],"line":121},"8":{"loc":{"start":{"line":130,"column":2},"end":{"line":130,"column":null}},"type":"if","locations":[{"start":{"line":130,"column":2},"end":{"line":130,"column":null}},{"start":{},"end":{}}],"line":130},"9":{"loc":{"start":{"line":132,"column":21},"end":{"line":134,"column":null}},"type":"cond-expr","locations":[{"start":{"line":133,"column":6},"end":{"line":133,"column":null}},{"start":{"line":134,"column":6},"end":{"line":134,"column":null}}],"line":132}},"s":{"0":11,"1":11,"2":11,"3":11,"4":11,"5":11,"6":9,"7":9,"8":9,"9":9,"10":0,"11":0,"12":0,"13":0,"14":0,"15":11,"16":11,"17":9,"18":11,"19":11,"20":11,"21":1,"22":1,"23":0,"24":1,"25":1,"26":1,"27":1,"28":1,"29":11,"30":1,"31":1,"32":1,"33":1,"34":11,"35":0,"36":0,"37":0,"38":0,"39":11,"40":1,"41":10,"42":11},"f":{"0":11,"1":11,"2":11,"3":9,"4":0,"5":9,"6":11,"7":1,"8":1,"9":0,"10":1,"11":1,"12":0,"13":0,"14":0},"b":{"0":[9,0],"1":[9,0],"2":[0,0],"3":[9,0],"4":[11,0],"5":[1,0],"6":[0,0],"7":[0,0],"8":[1,10],"9":[9,1]},"meta":{"lastBranch":10,"lastFunction":15,"lastStatement":43,"seen":{"f:27:16:27:35":0,"s:34:36:34:Infinity":0,"s:35:38:35:Infinity":1,"s:38:8:38:Infinity":2,"f:38:37:38:43":1,"s:38:43:38:77":3,"f:38:61:38:62":2,"s:38:69:38:74":4,"s:43:8:55:Infinity":5,"f:43:26:43:32":3,"s:44:24:44:Infinity":6,"b:44:24:44:47:44:47:44:Infinity":0,"s:45:21:45:Infinity":7,"b:46:4:46:Infinity:undefined:undefined:undefined:undefined":1,"s:46:4:46:Infinity":8,"s:46:19:46:Infinity":9,"s:47:4:54:Infinity":10,"f:47:27:47:28":4,"s:48:29:48:Infinity":11,"b:49:6:51:Infinity:undefined:undefined:undefined:undefined":2,"s:49:6:51:Infinity":12,"s:50:8:50:Infinity":13,"s:53:6:53:Infinity":14,"s:60:8:60:Infinity":15,"s:63:34:66:Infinity":16,"f:63:66:63:73":5,"s:63:73:66:4":17,"b:65:16:65:43:65:43:65:Infinity":3,"s:69:8:78:Infinity":18,"f:70:4:70:11":6,"s:70:11:76:Infinity":19,"b:74:24:74:49:74:49:74:53":4,"s:81:8:98:Infinity":20,"f:82:4:82:5":7,"s:83:6:95:Infinity":21,"f:83:20:83:21":8,"s:85:10:86:Infinity":22,"b:85:10:85:Infinity:86:10:86:Infinity":5,"b:86:20:86:84:86:84:86:85":6,"f:86:33:86:34":9,"s:86:40:86:60":23,"s:87:24:87:Infinity":24,"s:88:8:88:Infinity":25,"s:89:44:92:Infinity":26,"s:93:8:93:Infinity":27,"s:94:8:94:Infinity":28,"s:101:8:113:Infinity":29,"f:102:4:102:5":10,"s:103:6:110:Infinity":30,"f:103:20:103:21":11,"s:104:44:107:Infinity":31,"s:108:8:108:Infinity":32,"s:109:8:109:Infinity":33,"s:116:8:128:Infinity":34,"f:117:4:117:5":12,"s:118:6:125:Infinity":35,"f:118:20:118:21":13,"s:119:44:122:Infinity":36,"b:121:28:121:47:121:47:121:52":7,"s:123:8:123:Infinity":37,"s:124:8:124:Infinity":38,"b:130:2:130:Infinity:undefined:undefined:undefined:undefined":8,"s:130:2:130:Infinity":39,"s:130:13:130:Infinity":40,"s:132:21:134:Infinity":41,"b:133:6:133:Infinity:134:6:134:Infinity":9,"s:136:2:192:Infinity":42,"f:189:22:189:28":14}}}
,"D:\\StorytellerCards\\worktree-m18\\UI\\src\\components\\NightOrder\\NightOrderEntry.tsx": {"path":"D:\\StorytellerCards\\worktree-m18\\UI\\src\\components\\NightOrder\\NightOrderEntry.tsx","statementMap":{"0":{"start":{"line":29,"column":34},"end":{"line":29,"column":null}},"1":{"start":{"line":32,"column":2},"end":{"line":69,"column":null}},"2":{"start":{"line":33,"column":4},"end":{"line":67,"column":null}},"3":{"start":{"line":72,"column":20},"end":{"line":72,"column":null}},"4":{"start":{"line":73,"column":17},"end":{"line":73,"column":null}},"5":{"start":{"line":76,"column":20},"end":{"line":76,"column":null}},"6":{"start":{"line":78,"column":2},"end":{"line":151,"column":null}},"7":{"start":{"line":102,"column":35},"end":{"line":102,"column":57}},"8":{"start":{"line":149,"column":23},"end":{"line":149,"column":null}}},"fnMap":{"0":{"name":"NightOrderEntry","decl":{"start":{"line":28,"column":16},"end":{"line":28,"column":32}},"loc":{"start":{"line":28,"column":92},"end":{"line":153,"column":null}},"line":28},"1":{"name":"(anonymous_1)","decl":{"start":{"line":102,"column":29},"end":{"line":102,"column":35}},"loc":{"start":{"line":102,"column":35},"end":{"line":102,"column":57}},"line":102},"2":{"name":"(anonymous_2)","decl":{"start":{"line":149,"column":17},"end":{"line":149,"column":23}},"loc":{"start":{"line":149,"column":23},"end":{"line":149,"column":null}},"line":149}},"branchMap":{"0":{"loc":{"start":{"line":32,"column":2},"end":{"line":69,"column":null}},"type":"if","locations":[{"start":{"line":32,"column":2},"end":{"line":69,"column":null}},{"start":{},"end":{}}],"line":32},"1":{"loc":{"start":{"line":55,"column":9},"end":{"line":64,"column":null}},"type":"binary-expr","locations":[{"start":{"line":55,"column":9},"end":{"line":55,"column":27}},{"start":{"line":55,"column":27},"end":{"line":55,"column":null}},{"start":{"line":56,"column":10},"end":{"line":64,"column":null}}],"line":55},"2":{"loc":{"start":{"line":72,"column":20},"end":{"line":72,"column":null}},"type":"cond-expr","locations":[{"start":{"line":72,"column":20},"end":{"line":72,"column":72}},{"start":{"line":72,"column":72},"end":{"line":72,"column":null}}],"line":72},"3":{"loc":{"start":{"line":73,"column":17},"end":{"line":73,"column":null}},"type":"cond-expr","locations":[{"start":{"line":73,"column":34},"end":{"line":73,"column":58}},{"start":{"line":73,"column":58},"end":{"line":73,"column":null}}],"line":73},"4":{"loc":{"start":{"line":88,"column":17},"end":{"line":88,"column":null}},"type":"cond-expr","locations":[{"start":{"line":88,"column":26},"end":{"line":88,"column":33}},{"start":{"line":88,"column":33},"end":{"line":88,"column":null}}],"line":88},"5":{"loc":{"start":{"line":99,"column":10},"end":{"line":99,"column":null}},"type":"binary-expr","locations":[{"start":{"line":99,"column":10},"end":{"line":99,"column":45}},{"start":{"line":99,"column":45},"end":{"line":99,"column":null}}],"line":99},"6":{"loc":{"start":{"line":102,"column":17},"end":{"line":102,"column":null}},"type":"cond-expr","locations":[{"start":{"line":102,"column":29},"end":{"line":102,"column":57}},{"start":{"line":102,"column":57},"end":{"line":102,"column":null}}],"line":102},"7":{"loc":{"start":{"line":113,"column":11},"end":{"line":127,"column":null}},"type":"binary-expr","locations":[{"start":{"line":113,"column":11},"end":{"line":113,"column":null}},{"start":{"line":114,"column":12},"end":{"line":127,"column":null}}],"line":113},"8":{"loc":{"start":{"line":123,"column":32},"end":{"line":123,"column":null}},"type":"cond-expr","locations":[{"start":{"line":123,"column":41},"end":{"line":123,"column":58}},{"start":{"line":123,"column":58},"end":{"line":123,"column":null}}],"line":123},"9":{"loc":{"start":{"line":148,"column":19},"end":{"line":148,"column":null}},"type":"binary-expr","locations":[{"start":{"line":148,"column":19},"end":{"line":148,"column":32}},{"start":{"line":148,"column":32},"end":{"line":148,"column":null}}],"line":148}},"s":{"0":13,"1":13,"2":2,"3":11,"4":13,"5":13,"6":13,"7":1,"8":0},"f":{"0":13,"1":1,"2":0},"b":{"0":[2,11],"1":[2,2,1],"2":[10,1],"3":[3,8],"4":[2,9],"5":[13,8],"6":[1,1],"7":[13,3],"8":[2,1],"9":[13,1]},"meta":{"lastBranch":10,"lastFunction":3,"lastStatement":9,"seen":{"f:28:16:28:32":0,"s:29:34:29:Infinity":0,"b:32:2:69:Infinity:undefined:undefined:undefined:undefined":0,"s:32:2:69:Infinity":1,"s:33:4:67:Infinity":2,"b:55:9:55:27:55:27:55:Infinity:56:10:64:Infinity":1,"s:72:20:72:Infinity":3,"b:72:20:72:72:72:72:72:Infinity":2,"s:73:17:73:Infinity":4,"b:73:34:73:58:73:58:73:Infinity":3,"s:76:20:76:Infinity":5,"s:78:2:151:Infinity":6,"b:88:26:88:33:88:33:88:Infinity":4,"b:99:10:99:45:99:45:99:Infinity":5,"b:102:29:102:57:102:57:102:Infinity":6,"f:102:29:102:35":1,"s:102:35:102:57":7,"b:113:11:113:Infinity:114:12:127:Infinity":7,"b:123:41:123:58:123:58:123:Infinity":8,"b:148:19:148:32:148:32:148:Infinity":9,"f:149:17:149:23":2,"s:149:23:149:Infinity":8}}}
,"D:\\StorytellerCards\\worktree-m18\\UI\\src\\components\\NightOrder\\NightOrderTab.tsx": {"path":"D:\\StorytellerCards\\worktree-m18\\UI\\src\\components\\NightOrder\\NightOrderTab.tsx","statementMap":{"0":{"start":{"line":21,"column":16},"end":{"line":21,"column":null}},"1":{"start":{"line":22,"column":23},"end":{"line":22,"column":null}},"2":{"start":{"line":25,"column":27},"end":{"line":25,"column":null}},"3":{"start":{"line":26,"column":38},"end":{"line":26,"column":null}},"4":{"start":{"line":28,"column":8},"end":{"line":28,"column":null}},"5":{"start":{"line":29,"column":8},"end":{"line":29,"column":null}},"6":{"start":{"line":29,"column":32},"end":{"line":29,"column":59}},"7":{"start":{"line":32,"column":8},"end":{"line":40,"column":null}},"8":{"start":{"line":33,"column":16},"end":{"line":33,"column":null}},"9":{"start":{"line":34,"column":4},"end":{"line":38,"column":null}},"10":{"start":{"line":35,"column":6},"end":{"line":37,"column":null}},"11":{"start":{"line":36,"column":8},"end":{"line":36,"column":null}},"12":{"start":{"line":39,"column":4},"end":{"line":39,"column":null}},"13":{"start":{"line":42,"column":2},"end":{"line":88,"column":null}},"14":{"start":{"line":60,"column":12},"end":{"line":60,"column":null}},"15":{"start":{"line":60,"column":30},"end":{"line":60,"column":null}},"16":{"start":{"line":77,"column":12},"end":{"line":84,"column":null}}},"fnMap":{"0":{"name":"NightOrderTab","decl":{"start":{"line":20,"column":16},"end":{"line":20,"column":30}},"loc":{"start":{"line":20,"column":74},"end":{"line":90,"column":null}},"line":20},"1":{"name":"(anonymous_1)","decl":{"start":{"line":29,"column":26},"end":{"line":29,"column":32}},"loc":{"start":{"line":29,"column":32},"end":{"line":29,"column":59}},"line":29},"2":{"name":"(anonymous_2)","decl":{"start":{"line":32,"column":36},"end":{"line":32,"column":42}},"loc":{"start":{"line":32,"column":42},"end":{"line":40,"column":5}},"line":32},"3":{"name":"(anonymous_3)","decl":{"start":{"line":59,"column":20},"end":{"line":59,"column":21}},"loc":{"start":{"line":59,"column":32},"end":{"line":61,"column":null}},"line":59},"4":{"name":"(anonymous_4)","decl":{"start":{"line":76,"column":22},"end":{"line":76,"column":23}},"loc":{"start":{"line":77,"column":12},"end":{"line":84,"column":null}},"line":77}},"branchMap":{"0":{"loc":{"start":{"line":25,"column":27},"end":{"line":25,"column":null}},"type":"binary-expr","locations":[{"start":{"line":25,"column":27},"end":{"line":25,"column":55}},{"start":{"line":25,"column":55},"end":{"line":25,"column":null}}],"line":25},"1":{"loc":{"start":{"line":29,"column":32},"end":{"line":29,"column":59}},"type":"binary-expr","locations":[{"start":{"line":29,"column":32},"end":{"line":29,"column":55}},{"start":{"line":29,"column":55},"end":{"line":29,"column":59}}],"line":29},"2":{"loc":{"start":{"line":35,"column":6},"end":{"line":37,"column":null}},"type":"if","locations":[{"start":{"line":35,"column":6},"end":{"line":37,"column":null}},{"start":{},"end":{}}],"line":35},"3":{"loc":{"start":{"line":57,"column":17},"end":{"line":57,"column":null}},"type":"cond-expr","locations":[{"start":{"line":57,"column":32},"end":{"line":57,"column":42}},{"start":{"line":57,"column":42},"end":{"line":57,"column":null}}],"line":57},"4":{"loc":{"start":{"line":60,"column":12},"end":{"line":60,"column":null}},"type":"if","locations":[{"start":{"line":60,"column":12},"end":{"line":60,"column":null}},{"start":{},"end":{}}],"line":60},"5":{"loc":{"start":{"line":71,"column":9},"end":{"line":85,"column":null}},"type":"cond-expr","locations":[{"start":{"line":72,"column":10},"end":{"line":74,"column":null}},{"start":{"line":76,"column":10},"end":{"line":85,"column":null}}],"line":71},"6":{"loc":{"start":{"line":80,"column":25},"end":{"line":80,"column":null}},"type":"cond-expr","locations":[{"start":{"line":80,"column":54},"end":{"line":80,"column":79}},{"start":{"line":80,"column":79},"end":{"line":80,"column":null}}],"line":80},"7":{"loc":{"start":{"line":82,"column":16},"end":{"line":82,"column":null}},"type":"cond-expr","locations":[{"start":{"line":82,"column":45},"end":{"line":82,"column":79}},{"start":{"line":82,"column":79},"end":{"line":82,"column":null}}],"line":82}},"s":{"0":9,"1":9,"2":9,"3":9,"4":9,"5":9,"6":8,"7":9,"8":8,"9":8,"10":14,"11":14,"12":8,"13":9,"14":1,"15":1,"16":29},"f":{"0":9,"1":8,"2":8,"3":1,"4":29},"b":{"0":[9,1],"1":[8,1],"2":[14,0],"3":[7,2],"4":[1,0],"5":[0,9],"6":[11,18],"7":[11,18]},"meta":{"lastBranch":8,"lastFunction":5,"lastStatement":17,"seen":{"f:20:16:20:30":0,"s:21:16:21:Infinity":0,"s:22:23:22:Infinity":1,"s:25:27:25:Infinity":2,"b:25:27:25:55:25:55:25:Infinity":0,"s:26:38:26:Infinity":3,"s:28:8:28:Infinity":4,"s:29:8:29:Infinity":5,"f:29:26:29:32":1,"s:29:32:29:59":6,"b:29:32:29:55:29:55:29:59":1,"s:32:8:40:Infinity":7,"f:32:36:32:42":2,"s:33:16:33:Infinity":8,"s:34:4:38:Infinity":9,"b:35:6:37:Infinity:undefined:undefined:undefined:undefined":2,"s:35:6:37:Infinity":10,"s:36:8:36:Infinity":11,"s:39:4:39:Infinity":12,"s:42:2:88:Infinity":13,"b:57:32:57:42:57:42:57:Infinity":3,"f:59:20:59:21":3,"b:60:12:60:Infinity:undefined:undefined:undefined:undefined":4,"s:60:12:60:Infinity":14,"s:60:30:60:Infinity":15,"b:72:10:74:Infinity:76:10:85:Infinity":5,"f:76:22:76:23":4,"s:77:12:84:Infinity":16,"b:80:54:80:79:80:79:80:Infinity":6,"b:82:45:82:79:82:79:82:Infinity":7}}}
,"D:\\StorytellerCards\\worktree-m18\\UI\\src\\components\\NightPhase\\FlashcardCarousel.tsx": {"path":"D:\\StorytellerCards\\worktree-m18\\UI\\src\\components\\NightPhase\\FlashcardCarousel.tsx","statementMap":{"0":{"start":{"line":60,"column":38},"end":{"line":60,"column":null}},"1":{"start":{"line":61,"column":30},"end":{"line":61,"column":null}},"2":{"start":{"line":62,"column":8},"end":{"line":62,"column":null}},"3":{"start":{"line":64,"column":21},"end":{"line":64,"column":null}},"4":{"start":{"line":65,"column":21},"end":{"line":65,"column":null}},"5":{"start":{"line":68,"column":8},"end":{"line":77,"column":null}},"6":{"start":{"line":69,"column":40},"end":{"line":69,"column":null}},"7":{"start":{"line":70,"column":4},"end":{"line":75,"column":null}},"8":{"start":{"line":71,"column":6},"end":{"line":74,"column":null}},"9":{"start":{"line":72,"column":20},"end":{"line":72,"column":null}},"10":{"start":{"line":73,"column":8},"end":{"line":73,"column":null}},"11":{"start":{"line":73,"column":17},"end":{"line":73,"column":null}},"12":{"start":{"line":76,"column":4},"end":{"line":76,"column":null}},"13":{"start":{"line":79,"column":8},"end":{"line":88,"column":null}},"14":{"start":{"line":80,"column":16},"end":{"line":80,"column":null}},"15":{"start":{"line":81,"column":4},"end":{"line":86,"column":null}},"16":{"start":{"line":82,"column":6},"end":{"line":85,"column":null}},"17":{"start":{"line":83,"column":23},"end":{"line":83,"column":null}},"18":{"start":{"line":83,"column":43},"end":{"line":83,"column":69}},"19":{"start":{"line":84,"column":8},"end":{"line":84,"column":null}},"20":{"start":{"line":84,"column":37},"end":{"line":84,"column":null}},"21":{"start":{"line":87,"column":4},"end":{"line":87,"column":null}},"22":{"start":{"line":90,"column":8},"end":{"line":111,"column":null}},"23":{"start":{"line":92,"column":6},"end":{"line":92,"column":null}},"24":{"start":{"line":92,"column":31},"end":{"line":92,"column":null}},"25":{"start":{"line":94,"column":8},"end":{"line":96,"column":null}},"26":{"start":{"line":97,"column":6},"end":{"line":97,"column":null}},"27":{"start":{"line":97,"column":36},"end":{"line":97,"column":null}},"28":{"start":{"line":99,"column":6},"end":{"line":99,"column":null}},"29":{"start":{"line":100,"column":6},"end":{"line":100,"column":null}},"30":{"start":{"line":103,"column":6},"end":{"line":108,"column":null}},"31":{"start":{"line":104,"column":8},"end":{"line":104,"column":null}},"32":{"start":{"line":105,"column":8},"end":{"line":105,"column":null}},"33":{"start":{"line":106,"column":8},"end":{"line":106,"column":null}},"34":{"start":{"line":107,"column":8},"end":{"line":107,"column":null}},"35":{"start":{"line":113,"column":8},"end":{"line":120,"column":null}},"36":{"start":{"line":114,"column":24},"end":{"line":114,"column":null}},"37":{"start":{"line":115,"column":25},"end":{"line":115,"column":null}},"38":{"start":{"line":123,"column":8},"end":{"line":137,"column":null}},"39":{"start":{"line":125,"column":6},"end":{"line":125,"column":null}},"40":{"start":{"line":125,"column":55},"end":{"line":125,"column":null}},"41":{"start":{"line":126,"column":6},"end":{"line":126,"column":null}},"42":{"start":{"line":126,"column":40},"end":{"line":126,"column":null}},"43":{"start":{"line":127,"column":6},"end":{"line":127,"column":null}},"44":{"start":{"line":128,"column":6},"end":{"line":128,"column":null}},"45":{"start":{"line":129,"column":6},"end":{"line":134,"column":null}},"46":{"start":{"line":130,"column":8},"end":{"line":130,"column":null}},"47":{"start":{"line":131,"column":8},"end":{"line":131,"column":null}},"48":{"start":{"line":132,"column":8},"end":{"line":132,"column":null}},"49":{"start":{"line":133,"column":8},"end":{"line":133,"column":null}},"50":{"start":{"line":140,"column":8},"end":{"line":145,"column":null}},"51":{"start":{"line":142,"column":6},"end":{"line":142,"column":null}},"52":{"start":{"line":148,"column":8},"end":{"line":153,"column":null}},"53":{"start":{"line":150,"column":6},"end":{"line":150,"column":null}},"54":{"start":{"line":156,"column":8},"end":{"line":161,"column":null}},"55":{"start":{"line":158,"column":6},"end":{"line":158,"column":null}},"56":{"start":{"line":164,"column":8},"end":{"line":170,"column":null}},"57":{"start":{"line":166,"column":6},"end":{"line":166,"column":null}},"58":{"start":{"line":167,"column":6},"end":{"line":167,"column":null}},"59":{"start":{"line":173,"column":21},"end":{"line":215,"column":null}},"60":{"start":{"line":174,"column":4},"end":{"line":174,"column":null}},"61":{"start":{"line":174,"column":38},"end":{"line":174,"column":null}},"62":{"start":{"line":175,"column":18},"end":{"line":175,"column":null}},"63":{"start":{"line":177,"column":6},"end":{"line":177,"column":null}},"64":{"start":{"line":178,"column":17},"end":{"line":178,"column":null}},"65":{"start":{"line":179,"column":27},"end":{"line":179,"column":null}},"66":{"start":{"line":180,"column":26},"end":{"line":180,"column":null}},"67":{"start":{"line":182,"column":4},"end":{"line":191,"column":null}},"68":{"start":{"line":183,"column":6},"end":{"line":189,"column":null}},"69":{"start":{"line":187,"column":36},"end":{"line":187,"column":null}},"70":{"start":{"line":193,"column":19},"end":{"line":193,"column":null}},"71":{"start":{"line":193,"column":39},"end":{"line":193,"column":65}},"72":{"start":{"line":194,"column":20},"end":{"line":194,"column":null}},"73":{"start":{"line":195,"column":19},"end":{"line":195,"column":null}},"74":{"start":{"line":197,"column":4},"end":{"line":213,"column":null}},"75":{"start":{"line":204,"column":34},"end":{"line":204,"column":null}},"76":{"start":{"line":205,"column":30},"end":{"line":205,"column":null}},"77":{"start":{"line":211,"column":34},"end":{"line":211,"column":null}},"78":{"start":{"line":219,"column":4},"end":{"line":223,"column":null}},"79":{"start":{"line":226,"column":24},"end":{"line":232,"column":null}},"80":{"start":{"line":227,"column":4},"end":{"line":231,"column":null}},"81":{"start":{"line":228,"column":6},"end":{"line":228,"column":null}},"82":{"start":{"line":229,"column":4},"end":{"line":231,"column":null}},"83":{"start":{"line":230,"column":6},"end":{"line":230,"column":null}},"84":{"start":{"line":234,"column":2},"end":{"line":349,"column":null}},"85":{"start":{"line":272,"column":27},"end":{"line":272,"column":null}},"86":{"start":{"line":292,"column":27},"end":{"line":292,"column":null}}},"fnMap":{"0":{"name":"FlashcardCarousel","decl":{"start":{"line":45,"column":16},"end":{"line":45,"column":34}},"loc":{"start":{"line":59,"column":27},"end":{"line":351,"column":null}},"line":59},"1":{"name":"(anonymous_1)","decl":{"start":{"line":68,"column":33},"end":{"line":68,"column":39}},"loc":{"start":{"line":68,"column":39},"end":{"line":77,"column":5}},"line":68},"2":{"name":"(anonymous_2)","decl":{"start":{"line":79,"column":26},"end":{"line":79,"column":32}},"loc":{"start":{"line":79,"column":32},"end":{"line":88,"column":5}},"line":79},"3":{"name":"(anonymous_3)","decl":{"start":{"line":83,"column":36},"end":{"line":83,"column":37}},"loc":{"start":{"line":83,"column":43},"end":{"line":83,"column":69}},"line":83},"4":{"name":"(anonymous_4)","decl":{"start":{"line":91,"column":4},"end":{"line":91,"column":5}},"loc":{"start":{"line":91,"column":36},"end":{"line":109,"column":null}},"line":91},"5":{"name":"(anonymous_5)","decl":{"start":{"line":103,"column":17},"end":{"line":103,"column":23}},"loc":{"start":{"line":103,"column":23},"end":{"line":108,"column":9}},"line":103},"6":{"name":"(anonymous_6)","decl":{"start":{"line":114,"column":18},"end":{"line":114,"column":24}},"loc":{"start":{"line":114,"column":24},"end":{"line":114,"column":null}},"line":114},"7":{"name":"(anonymous_7)","decl":{"start":{"line":115,"column":19},"end":{"line":115,"column":25}},"loc":{"start":{"line":115,"column":25},"end":{"line":115,"column":null}},"line":115},"8":{"name":"(anonymous_8)","decl":{"start":{"line":124,"column":4},"end":{"line":124,"column":5}},"loc":{"start":{"line":124,"column":21},"end":{"line":135,"column":null}},"line":124},"9":{"name":"(anonymous_9)","decl":{"start":{"line":129,"column":17},"end":{"line":129,"column":23}},"loc":{"start":{"line":129,"column":23},"end":{"line":134,"column":9}},"line":129},"10":{"name":"(anonymous_10)","decl":{"start":{"line":141,"column":4},"end":{"line":141,"column":5}},"loc":{"start":{"line":141,"column":49},"end":{"line":143,"column":null}},"line":141},"11":{"name":"(anonymous_11)","decl":{"start":{"line":149,"column":4},"end":{"line":149,"column":5}},"loc":{"start":{"line":149,"column":40},"end":{"line":151,"column":null}},"line":149},"12":{"name":"(anonymous_12)","decl":{"start":{"line":157,"column":4},"end":{"line":157,"column":5}},"loc":{"start":{"line":157,"column":51},"end":{"line":159,"column":null}},"line":157},"13":{"name":"(anonymous_13)","decl":{"start":{"line":165,"column":4},"end":{"line":165,"column":5}},"loc":{"start":{"line":165,"column":21},"end":{"line":168,"column":null}},"line":165},"14":{"name":"(anonymous_14)","decl":{"start":{"line":173,"column":21},"end":{"line":173,"column":22}},"loc":{"start":{"line":173,"column":38},"end":{"line":215,"column":null}},"line":173},"15":{"name":"(anonymous_15)","decl":{"start":{"line":187,"column":29},"end":{"line":187,"column":30}},"loc":{"start":{"line":187,"column":36},"end":{"line":187,"column":null}},"line":187},"16":{"name":"(anonymous_16)","decl":{"start":{"line":193,"column":32},"end":{"line":193,"column":33}},"loc":{"start":{"line":193,"column":39},"end":{"line":193,"column":65}},"line":193},"17":{"name":"(anonymous_17)","decl":{"start":{"line":204,"column":27},"end":{"line":204,"column":28}},"loc":{"start":{"line":204,"column":34},"end":{"line":204,"column":null}},"line":204},"18":{"name":"(anonymous_18)","decl":{"start":{"line":205,"column":23},"end":{"line":205,"column":24}},"loc":{"start":{"line":205,"column":30},"end":{"line":205,"column":null}},"line":205},"19":{"name":"(anonymous_19)","decl":{"start":{"line":211,"column":27},"end":{"line":211,"column":28}},"loc":{"start":{"line":211,"column":34},"end":{"line":211,"column":null}},"line":211},"20":{"name":"(anonymous_20)","decl":{"start":{"line":226,"column":24},"end":{"line":226,"column":25}},"loc":{"start":{"line":226,"column":52},"end":{"line":232,"column":null}},"line":226},"21":{"name":"(anonymous_21)","decl":{"start":{"line":272,"column":21},"end":{"line":272,"column":27}},"loc":{"start":{"line":272,"column":27},"end":{"line":272,"column":null}},"line":272},"22":{"name":"(anonymous_22)","decl":{"start":{"line":292,"column":21},"end":{"line":292,"column":27}},"loc":{"start":{"line":292,"column":27},"end":{"line":292,"column":null}},"line":292}},"branchMap":{"0":{"loc":{"start":{"line":54,"column":2},"end":{"line":54,"column":null}},"type":"default-arg","locations":[{"start":{"line":54,"column":13},"end":{"line":54,"column":null}}],"line":54},"1":{"loc":{"start":{"line":55,"column":2},"end":{"line":55,"column":null}},"type":"default-arg","locations":[{"start":{"line":55,"column":21},"end":{"line":55,"column":null}}],"line":55},"2":{"loc":{"start":{"line":71,"column":6},"end":{"line":74,"column":null}},"type":"if","locations":[{"start":{"line":71,"column":6},"end":{"line":74,"column":null}},{"start":{},"end":{}}],"line":71},"3":{"loc":{"start":{"line":73,"column":8},"end":{"line":73,"column":null}},"type":"if","locations":[{"start":{"line":73,"column":8},"end":{"line":73,"column":null}},{"start":{},"end":{}}],"line":73},"4":{"loc":{"start":{"line":82,"column":6},"end":{"line":85,"column":null}},"type":"if","locations":[{"start":{"line":82,"column":6},"end":{"line":85,"column":null}},{"start":{},"end":{}}],"line":82},"5":{"loc":{"start":{"line":84,"column":8},"end":{"line":84,"column":null}},"type":"if","locations":[{"start":{"line":84,"column":8},"end":{"line":84,"column":null}},{"start":{},"end":{}}],"line":84},"6":{"loc":{"start":{"line":84,"column":12},"end":{"line":84,"column":37}},"type":"binary-expr","locations":[{"start":{"line":84,"column":12},"end":{"line":84,"column":22}},{"start":{"line":84,"column":22},"end":{"line":84,"column":37}}],"line":84},"7":{"loc":{"start":{"line":92,"column":6},"end":{"line":92,"column":null}},"type":"if","locations":[{"start":{"line":92,"column":6},"end":{"line":92,"column":null}},{"start":{},"end":{}}],"line":92},"8":{"loc":{"start":{"line":94,"column":8},"end":{"line":96,"column":null}},"type":"cond-expr","locations":[{"start":{"line":95,"column":12},"end":{"line":95,"column":null}},{"start":{"line":96,"column":12},"end":{"line":96,"column":null}}],"line":94},"9":{"loc":{"start":{"line":97,"column":6},"end":{"line":97,"column":null}},"type":"if","locations":[{"start":{"line":97,"column":6},"end":{"line":97,"column":null}},{"start":{},"end":{}}],"line":97},"10":{"loc":{"start":{"line":100,"column":18},"end":{"line":100,"column":57}},"type":"cond-expr","locations":[{"start":{"line":100,"column":41},"end":{"line":100,"column":50}},{"start":{"line":100,"column":50},"end":{"line":100,"column":57}}],"line":100},"11":{"loc":{"start":{"line":125,"column":6},"end":{"line":125,"column":null}},"type":"if","locations":[{"start":{"line":125,"column":6},"end":{"line":125,"column":null}},{"start":{},"end":{}}],"line":125},"12":{"loc":{"start":{"line":125,"column":10},"end":{"line":125,"column":55}},"type":"binary-expr","locations":[{"start":{"line":125,"column":10},"end":{"line":125,"column":33}},{"start":{"line":125,"column":33},"end":{"line":125,"column":55}}],"line":125},"13":{"loc":{"start":{"line":126,"column":6},"end":{"line":126,"column":null}},"type":"if","locations":[{"start":{"line":126,"column":6},"end":{"line":126,"column":null}},{"start":{},"end":{}}],"line":126},"14":{"loc":{"start":{"line":126,"column":10},"end":{"line":126,"column":40}},"type":"binary-expr","locations":[{"start":{"line":126,"column":10},"end":{"line":126,"column":21}},{"start":{"line":126,"column":21},"end":{"line":126,"column":40}}],"line":126},"15":{"loc":{"start":{"line":128,"column":18},"end":{"line":128,"column":55}},"type":"cond-expr","locations":[{"start":{"line":128,"column":39},"end":{"line":128,"column":48}},{"start":{"line":128,"column":48},"end":{"line":128,"column":55}}],"line":128},"16":{"loc":{"start":{"line":174,"column":4},"end":{"line":174,"column":null}},"type":"if","locations":[{"start":{"line":174,"column":4},"end":{"line":174,"column":null}},{"start":{},"end":{}}],"line":174},"17":{"loc":{"start":{"line":174,"column":8},"end":{"line":174,"column":38}},"type":"binary-expr","locations":[{"start":{"line":174,"column":8},"end":{"line":174,"column":19}},{"start":{"line":174,"column":19},"end":{"line":174,"column":38}}],"line":174},"18":{"loc":{"start":{"line":177,"column":6},"end":{"line":177,"column":null}},"type":"binary-expr","locations":[{"start":{"line":177,"column":6},"end":{"line":177,"column":49}},{"start":{"line":177,"column":49},"end":{"line":177,"column":null}}],"line":177},"19":{"loc":{"start":{"line":178,"column":17},"end":{"line":178,"column":null}},"type":"binary-expr","locations":[{"start":{"line":178,"column":17},"end":{"line":178,"column":50}},{"start":{"line":178,"column":50},"end":{"line":178,"column":null}}],"line":178},"20":{"loc":{"start":{"line":182,"column":4},"end":{"line":191,"column":null}},"type":"if","locations":[{"start":{"line":182,"column":4},"end":{"line":191,"column":null}},{"start":{},"end":{}}],"line":182},"21":{"loc":{"start":{"line":195,"column":19},"end":{"line":195,"column":null}},"type":"cond-expr","locations":[{"start":{"line":195,"column":28},"end":{"line":195,"column":44}},{"start":{"line":195,"column":44},"end":{"line":195,"column":null}}],"line":195},"22":{"loc":{"start":{"line":219,"column":4},"end":{"line":223,"column":null}},"type":"cond-expr","locations":[{"start":{"line":220,"column":8},"end":{"line":220,"column":null}},{"start":{"line":221,"column":8},"end":{"line":223,"column":null}}],"line":219},"23":{"loc":{"start":{"line":221,"column":8},"end":{"line":223,"column":null}},"type":"cond-expr","locations":[{"start":{"line":222,"column":10},"end":{"line":222,"column":null}},{"start":{"line":223,"column":10},"end":{"line":223,"column":null}}],"line":221},"24":{"loc":{"start":{"line":227,"column":4},"end":{"line":231,"column":null}},"type":"if","locations":[{"start":{"line":227,"column":4},"end":{"line":231,"column":null}},{"start":{"line":229,"column":4},"end":{"line":231,"column":null}}],"line":227},"25":{"loc":{"start":{"line":229,"column":4},"end":{"line":231,"column":null}},"type":"if","locations":[{"start":{"line":229,"column":4},"end":{"line":231,"column":null}},{"start":{},"end":{}}],"line":229},"26":{"loc":{"start":{"line":270,"column":9},"end":{"line":288,"column":null}},"type":"binary-expr","locations":[{"start":{"line":270,"column":9},"end":{"line":270,"column":null}},{"start":{"line":271,"column":10},"end":{"line":288,"column":null}}],"line":270},"27":{"loc":{"start":{"line":290,"column":9},"end":{"line":308,"column":null}},"type":"binary-expr","locations":[{"start":{"line":290,"column":9},"end":{"line":290,"column":null}},{"start":{"line":291,"column":10},"end":{"line":308,"column":null}}],"line":290},"28":{"loc":{"start":{"line":320,"column":24},"end":{"line":320,"column":null}},"type":"cond-expr","locations":[{"start":{"line":320,"column":46},"end":{"line":320,"column":75}},{"start":{"line":320,"column":75},"end":{"line":320,"column":null}}],"line":320},"29":{"loc":{"start":{"line":329,"column":7},"end":{"line":347,"column":null}},"type":"binary-expr","locations":[{"start":{"line":329,"column":7},"end":{"line":329,"column":21}},{"start":{"line":329,"column":21},"end":{"line":329,"column":null}},{"start":{"line":330,"column":8},"end":{"line":347,"column":null}}],"line":329}},"s":{"0":22,"1":22,"2":22,"3":22,"4":22,"5":22,"6":22,"7":22,"8":22,"9":22,"10":22,"11":22,"12":19,"13":19,"14":38,"15":38,"16":38,"17":22,"18":22,"19":22,"20":19,"21":19,"22":70,"23":54,"24":38,"25":35,"26":22,"27":3,"28":3,"29":0,"30":3,"31":3,"32":0,"33":3,"34":3,"35":3,"36":3,"37":3,"38":22,"39":22,"40":22,"41":22,"42":22,"43":22,"44":22,"45":0,"46":0,"47":0,"48":0,"49":0,"50":0,"51":0,"52":22,"53":22,"54":0,"55":22,"56":0,"57":22,"58":0,"59":0,"60":22,"61":22,"62":22,"63":0,"64":22,"65":0,"66":22,"67":22,"68":22,"69":22,"70":18,"71":18,"72":18,"73":18,"74":18,"75":22,"76":22,"77":0,"78":22,"79":22,"80":22,"81":22,"82":22,"83":3,"84":19,"85":22,"86":5},"f":{"0":2,"1":22,"2":38,"3":22,"4":38,"5":3,"6":3,"7":3,"8":0,"9":0,"10":0,"11":22,"12":22,"13":22,"14":22,"15":22,"16":18,"17":22,"18":22,"19":0,"20":22,"21":22,"22":5},"b":{"0":[2],"1":[2],"2":[22,0],"3":[22,0],"4":[19,19],"5":[19,3],"6":[19,19],"7":[38,16],"8":[38,22],"9":[3,19],"10":[3,3],"11":[22,0],"12":[22,0],"13":[22,0],"14":[22,22],"15":[22,22],"16":[22,0],"17":[22,22],"18":[0,22],"19":[22,22],"20":[22,0],"21":[18,18],"22":[22,22],"23":[22,22],"24":[22,22],"25":[3,19],"26":[22,22],"27":[5,5],"28":[22,22],"29":[22,22,22]},"meta":{"lastBranch":30,"lastFunction":23,"lastStatement":87,"seen":{"f:45:16:45:34":0,"b:54:13:54:Infinity":0,"b:55:21:55:Infinity":1,"s:60:38:60:Infinity":0,"s:61:30:61:Infinity":1,"s:62:8:62:Infinity":2,"s:64:21:64:Infinity":3,"s:65:21:65:Infinity":4,"s:68:8:77:Infinity":5,"f:68:33:68:39":1,"s:69:40:69:Infinity":6,"s:70:4:75:Infinity":7,"b:71:6:74:Infinity:undefined:undefined:undefined:undefined":2,"s:71:6:74:Infinity":8,"s:72:20:72:Infinity":9,"b:73:8:73:Infinity:undefined:undefined:undefined:undefined":3,"s:73:8:73:Infinity":10,"s:73:17:73:Infinity":11,"s:76:4:76:Infinity":12,"s:79:8:88:Infinity":13,"f:79:26:79:32":2,"s:80:16:80:Infinity":14,"s:81:4:86:Infinity":15,"b:82:6:85:Infinity:undefined:undefined:undefined:undefined":4,"s:82:6:85:Infinity":16,"s:83:23:83:Infinity":17,"f:83:36:83:37":3,"s:83:43:83:69":18,"b:84:8:84:Infinity:undefined:undefined:undefined:undefined":5,"s:84:8:84:Infinity":19,"b:84:12:84:22:84:22:84:37":6,"s:84:37:84:Infinity":20,"s:87:4:87:Infinity":21,"s:90:8:111:Infinity":22,"f:91:4:91:5":4,"b:92:6:92:Infinity:undefined:undefined:undefined:undefined":7,"s:92:6:92:Infinity":23,"s:92:31:92:Infinity":24,"s:94:8:96:Infinity":25,"b:95:12:95:Infinity:96:12:96:Infinity":8,"b:97:6:97:Infinity:undefined:undefined:undefined:undefined":9,"s:97:6:97:Infinity":26,"s:97:36:97:Infinity":27,"s:99:6:99:Infinity":28,"s:100:6:100:Infinity":29,"b:100:41:100:50:100:50:100:57":10,"s:103:6:108:Infinity":30,"f:103:17:103:23":5,"s:104:8:104:Infinity":31,"s:105:8:105:Infinity":32,"s:106:8:106:Infinity":33,"s:107:8:107:Infinity":34,"s:113:8:120:Infinity":35,"f:114:18:114:24":6,"s:114:24:114:Infinity":36,"f:115:19:115:25":7,"s:115:25:115:Infinity":37,"s:123:8:137:Infinity":38,"f:124:4:124:5":8,"b:125:6:125:Infinity:undefined:undefined:undefined:undefined":11,"s:125:6:125:Infinity":39,"b:125:10:125:33:125:33:125:55":12,"s:125:55:125:Infinity":40,"b:126:6:126:Infinity:undefined:undefined:undefined:undefined":13,"s:126:6:126:Infinity":41,"b:126:10:126:21:126:21:126:40":14,"s:126:40:126:Infinity":42,"s:127:6:127:Infinity":43,"s:128:6:128:Infinity":44,"b:128:39:128:48:128:48:128:55":15,"s:129:6:134:Infinity":45,"f:129:17:129:23":9,"s:130:8:130:Infinity":46,"s:131:8:131:Infinity":47,"s:132:8:132:Infinity":48,"s:133:8:133:Infinity":49,"s:140:8:145:Infinity":50,"f:141:4:141:5":10,"s:142:6:142:Infinity":51,"s:148:8:153:Infinity":52,"f:149:4:149:5":11,"s:150:6:150:Infinity":53,"s:156:8:161:Infinity":54,"f:157:4:157:5":12,"s:158:6:158:Infinity":55,"s:164:8:170:Infinity":56,"f:165:4:165:5":13,"s:166:6:166:Infinity":57,"s:167:6:167:Infinity":58,"s:173:21:215:Infinity":59,"f:173:21:173:22":14,"b:174:4:174:Infinity:undefined:undefined:undefined:undefined":16,"s:174:4:174:Infinity":60,"b:174:8:174:19:174:19:174:38":17,"s:174:38:174:Infinity":61,"s:175:18:175:Infinity":62,"s:177:6:177:Infinity":63,"b:177:6:177:49:177:49:177:Infinity":18,"s:178:17:178:Infinity":64,"b:178:17:178:50:178:50:178:Infinity":19,"s:179:27:179:Infinity":65,"s:180:26:180:Infinity":66,"b:182:4:191:Infinity:undefined:undefined:undefined:undefined":20,"s:182:4:191:Infinity":67,"s:183:6:189:Infinity":68,"f:187:29:187:30":15,"s:187:36:187:Infinity":69,"s:193:19:193:Infinity":70,"f:193:32:193:33":16,"s:193:39:193:65":71,"s:194:20:194:Infinity":72,"s:195:19:195:Infinity":73,"b:195:28:195:44:195:44:195:Infinity":21,"s:197:4:213:Infinity":74,"f:204:27:204:28":17,"s:204:34:204:Infinity":75,"f:205:23:205:24":18,"s:205:30:205:Infinity":76,"f:211:27:211:28":19,"s:211:34:211:Infinity":77,"s:219:4:223:Infinity":78,"b:220:8:220:Infinity:221:8:223:Infinity":22,"b:222:10:222:Infinity:223:10:223:Infinity":23,"s:226:24:232:Infinity":79,"f:226:24:226:25":20,"b:227:4:231:Infinity:229:4:231:Infinity":24,"s:227:4:231:Infinity":80,"s:228:6:228:Infinity":81,"b:229:4:231:Infinity:undefined:undefined:undefined:undefined":25,"s:229:4:231:Infinity":82,"s:230:6:230:Infinity":83,"s:234:2:349:Infinity":84,"b:270:9:270:Infinity:271:10:288:Infinity":26,"f:272:21:272:27":21,"s:272:27:272:Infinity":85,"b:290:9:290:Infinity:291:10:308:Infinity":27,"f:292:21:292:27":22,"s:292:27:292:Infinity":86,"b:320:46:320:75:320:75:320:Infinity":28,"b:329:7:329:21:329:21:329:Infinity:330:8:347:Infinity":29}}}
,"D:\\StorytellerCards\\worktree-m18\\UI\\src\\components\\NightPhase\\NightChoiceSelector.tsx": {"path":"D:\\StorytellerCards\\worktree-m18\\UI\\src\\components\\NightPhase\\NightChoiceSelector.tsx","statementMap":{"0":{"start":{"line":57,"column":8},"end":{"line":68,"column":null}},"1":{"start":{"line":58,"column":4},"end":{"line":67,"column":null}},"2":{"start":{"line":60,"column":8},"end":{"line":60,"column":null}},"3":{"start":{"line":60,"column":37},"end":{"line":60,"column":44}},"4":{"start":{"line":62,"column":8},"end":{"line":62,"column":null}},"5":{"start":{"line":62,"column":37},"end":{"line":62,"column":45}},"6":{"start":{"line":64,"column":8},"end":{"line":64,"column":null}},"7":{"start":{"line":66,"column":8},"end":{"line":66,"column":null}},"8":{"start":{"line":70,"column":23},"end":{"line":70,"column":null}},"9":{"start":{"line":73,"column":22},"end":{"line":77,"column":null}},"10":{"start":{"line":79,"column":2},"end":{"line":256,"column":null}},"11":{"start":{"line":106,"column":29},"end":{"line":106,"column":null}},"12":{"start":{"line":121,"column":14},"end":{"line":123,"column":null}},"13":{"start":{"line":134,"column":44},"end":{"line":134,"column":56}},"14":{"start":{"line":137,"column":12},"end":{"line":137,"column":null}},"15":{"start":{"line":137,"column":66},"end":{"line":137,"column":null}},"16":{"start":{"line":138,"column":12},"end":{"line":138,"column":null}},"17":{"start":{"line":141,"column":12},"end":{"line":152,"column":null}},"18":{"start":{"line":155,"column":12},"end":{"line":166,"column":null}},"19":{"start":{"line":156,"column":44},"end":{"line":156,"column":null}},"20":{"start":{"line":157,"column":14},"end":{"line":164,"column":null}},"21":{"start":{"line":181,"column":29},"end":{"line":181,"column":null}},"22":{"start":{"line":193,"column":14},"end":{"line":195,"column":null}},"23":{"start":{"line":214,"column":14},"end":{"line":214,"column":null}},"24":{"start":{"line":214,"column":45},"end":{"line":214,"column":null}},"25":{"start":{"line":242,"column":14},"end":{"line":242,"column":null}},"26":{"start":{"line":242,"column":45},"end":{"line":242,"column":null}}},"fnMap":{"0":{"name":"NightChoiceSelector","decl":{"start":{"line":44,"column":16},"end":{"line":44,"column":36}},"loc":{"start":{"line":55,"column":29},"end":{"line":258,"column":null}},"line":55},"1":{"name":"(anonymous_1)","decl":{"start":{"line":57,"column":32},"end":{"line":57,"column":38}},"loc":{"start":{"line":57,"column":38},"end":{"line":68,"column":5}},"line":57},"2":{"name":"(anonymous_2)","decl":{"start":{"line":60,"column":30},"end":{"line":60,"column":31}},"loc":{"start":{"line":60,"column":37},"end":{"line":60,"column":44}},"line":60},"3":{"name":"(anonymous_3)","decl":{"start":{"line":62,"column":30},"end":{"line":62,"column":31}},"loc":{"start":{"line":62,"column":37},"end":{"line":62,"column":45}},"line":62},"4":{"name":"(anonymous_4)","decl":{"start":{"line":106,"column":22},"end":{"line":106,"column":23}},"loc":{"start":{"line":106,"column":29},"end":{"line":106,"column":null}},"line":106},"5":{"name":"(anonymous_5)","decl":{"start":{"line":120,"column":31},"end":{"line":120,"column":32}},"loc":{"start":{"line":121,"column":14},"end":{"line":123,"column":null}},"line":121},"6":{"name":"(anonymous_6)","decl":{"start":{"line":134,"column":37},"end":{"line":134,"column":38}},"loc":{"start":{"line":134,"column":44},"end":{"line":134,"column":56}},"line":134},"7":{"name":"(anonymous_7)","decl":{"start":{"line":136,"column":20},"end":{"line":136,"column":21}},"loc":{"start":{"line":136,"column":37},"end":{"line":139,"column":null}},"line":136},"8":{"name":"(anonymous_8)","decl":{"start":{"line":140,"column":23},"end":{"line":140,"column":24}},"loc":{"start":{"line":141,"column":12},"end":{"line":152,"column":null}},"line":141},"9":{"name":"(anonymous_9)","decl":{"start":{"line":154,"column":22},"end":{"line":154,"column":23}},"loc":{"start":{"line":155,"column":12},"end":{"line":166,"column":null}},"line":155},"10":{"name":"(anonymous_10)","decl":{"start":{"line":155,"column":25},"end":{"line":155,"column":26}},"loc":{"start":{"line":155,"column":44},"end":{"line":166,"column":13}},"line":155},"11":{"name":"(anonymous_11)","decl":{"start":{"line":181,"column":22},"end":{"line":181,"column":23}},"loc":{"start":{"line":181,"column":29},"end":{"line":181,"column":null}},"line":181},"12":{"name":"(anonymous_12)","decl":{"start":{"line":192,"column":28},"end":{"line":192,"column":29}},"loc":{"start":{"line":193,"column":14},"end":{"line":195,"column":null}},"line":193},"13":{"name":"(anonymous_13)","decl":{"start":{"line":213,"column":22},"end":{"line":213,"column":23}},"loc":{"start":{"line":213,"column":34},"end":{"line":215,"column":null}},"line":213},"14":{"name":"(anonymous_14)","decl":{"start":{"line":241,"column":22},"end":{"line":241,"column":23}},"loc":{"start":{"line":241,"column":34},"end":{"line":243,"column":null}},"line":241}},"branchMap":{"0":{"loc":{"start":{"line":46,"column":2},"end":{"line":46,"column":null}},"type":"default-arg","locations":[{"start":{"line":46,"column":13},"end":{"line":46,"column":null}}],"line":46},"1":{"loc":{"start":{"line":51,"column":2},"end":{"line":51,"column":null}},"type":"default-arg","locations":[{"start":{"line":51,"column":15},"end":{"line":51,"column":null}}],"line":51},"2":{"loc":{"start":{"line":53,"column":2},"end":{"line":53,"column":null}},"type":"default-arg","locations":[{"start":{"line":53,"column":10},"end":{"line":53,"column":null}}],"line":53},"3":{"loc":{"start":{"line":54,"column":2},"end":{"line":54,"column":null}},"type":"default-arg","locations":[{"start":{"line":54,"column":13},"end":{"line":54,"column":null}}],"line":54},"4":{"loc":{"start":{"line":58,"column":4},"end":{"line":67,"column":null}},"type":"switch","locations":[{"start":{"line":59,"column":6},"end":{"line":60,"column":null}},{"start":{"line":61,"column":6},"end":{"line":62,"column":null}},{"start":{"line":63,"column":6},"end":{"line":64,"column":null}},{"start":{"line":65,"column":6},"end":{"line":66,"column":null}}],"line":58},"5":{"loc":{"start":{"line":70,"column":23},"end":{"line":70,"column":null}},"type":"binary-expr","locations":[{"start":{"line":70,"column":23},"end":{"line":70,"column":44}},{"start":{"line":70,"column":44},"end":{"line":70,"column":71}},{"start":{"line":70,"column":71},"end":{"line":70,"column":null}}],"line":70},"6":{"loc":{"start":{"line":73,"column":22},"end":{"line":77,"column":null}},"type":"cond-expr","locations":[{"start":{"line":74,"column":6},"end":{"line":76,"column":null}},{"start":{"line":77,"column":6},"end":{"line":77,"column":null}}],"line":73},"7":{"loc":{"start":{"line":74,"column":6},"end":{"line":76,"column":null}},"type":"cond-expr","locations":[{"start":{"line":75,"column":8},"end":{"line":75,"column":null}},{"start":{"line":76,"column":8},"end":{"line":76,"column":null}}],"line":74},"8":{"loc":{"start":{"line":82,"column":7},"end":{"line":93,"column":null}},"type":"binary-expr","locations":[{"start":{"line":82,"column":7},"end":{"line":82,"column":null}},{"start":{"line":83,"column":8},"end":{"line":93,"column":null}}],"line":82},"9":{"loc":{"start":{"line":97,"column":7},"end":{"line":126,"column":null}},"type":"binary-expr","locations":[{"start":{"line":97,"column":7},"end":{"line":97,"column":23}},{"start":{"line":97,"column":23},"end":{"line":97,"column":null}},{"start":{"line":98,"column":8},"end":{"line":126,"column":null}}],"line":97},"10":{"loc":{"start":{"line":104,"column":19},"end":{"line":104,"column":null}},"type":"cond-expr","locations":[{"start":{"line":104,"column":47},"end":{"line":104,"column":55}},{"start":{"line":104,"column":55},"end":{"line":104,"column":null}}],"line":104},"11":{"loc":{"start":{"line":130,"column":7},"end":{"line":168,"column":null}},"type":"binary-expr","locations":[{"start":{"line":130,"column":7},"end":{"line":130,"column":23}},{"start":{"line":130,"column":23},"end":{"line":130,"column":null}},{"start":{"line":131,"column":8},"end":{"line":168,"column":null}}],"line":130},"12":{"loc":{"start":{"line":135,"column":17},"end":{"line":135,"column":null}},"type":"cond-expr","locations":[{"start":{"line":135,"column":40},"end":{"line":135,"column":48}},{"start":{"line":135,"column":48},"end":{"line":135,"column":null}}],"line":135},"13":{"loc":{"start":{"line":137,"column":12},"end":{"line":137,"column":null}},"type":"if","locations":[{"start":{"line":137,"column":12},"end":{"line":137,"column":null}},{"start":{},"end":{}}],"line":137},"14":{"loc":{"start":{"line":137,"column":16},"end":{"line":137,"column":66}},"type":"binary-expr","locations":[{"start":{"line":137,"column":16},"end":{"line":137,"column":33}},{"start":{"line":137,"column":33},"end":{"line":137,"column":66}}],"line":137},"15":{"loc":{"start":{"line":172,"column":7},"end":{"line":198,"column":null}},"type":"binary-expr","locations":[{"start":{"line":172,"column":7},"end":{"line":172,"column":null}},{"start":{"line":173,"column":8},"end":{"line":198,"column":null}}],"line":172},"16":{"loc":{"start":{"line":179,"column":19},"end":{"line":179,"column":null}},"type":"cond-expr","locations":[{"start":{"line":179,"column":47},"end":{"line":179,"column":55}},{"start":{"line":179,"column":55},"end":{"line":179,"column":null}}],"line":179},"17":{"loc":{"start":{"line":202,"column":7},"end":{"line":226,"column":null}},"type":"binary-expr","locations":[{"start":{"line":202,"column":7},"end":{"line":202,"column":null}},{"start":{"line":203,"column":8},"end":{"line":226,"column":null}}],"line":202},"18":{"loc":{"start":{"line":211,"column":19},"end":{"line":211,"column":null}},"type":"cond-expr","locations":[{"start":{"line":211,"column":47},"end":{"line":211,"column":55}},{"start":{"line":211,"column":55},"end":{"line":211,"column":null}}],"line":211},"19":{"loc":{"start":{"line":214,"column":14},"end":{"line":214,"column":null}},"type":"if","locations":[{"start":{"line":214,"column":14},"end":{"line":214,"column":null}},{"start":{},"end":{}}],"line":214},"20":{"loc":{"start":{"line":214,"column":18},"end":{"line":214,"column":45}},"type":"binary-expr","locations":[{"start":{"line":214,"column":18},"end":{"line":214,"column":34}},{"start":{"line":214,"column":34},"end":{"line":214,"column":45}}],"line":214},"21":{"loc":{"start":{"line":230,"column":7},"end":{"line":254,"column":null}},"type":"binary-expr","locations":[{"start":{"line":230,"column":7},"end":{"line":230,"column":null}},{"start":{"line":231,"column":8},"end":{"line":254,"column":null}}],"line":230},"22":{"loc":{"start":{"line":239,"column":19},"end":{"line":239,"column":null}},"type":"cond-expr","locations":[{"start":{"line":239,"column":47},"end":{"line":239,"column":55}},{"start":{"line":239,"column":55},"end":{"line":239,"column":null}}],"line":239},"23":{"loc":{"start":{"line":242,"column":14},"end":{"line":242,"column":null}},"type":"if","locations":[{"start":{"line":242,"column":14},"end":{"line":242,"column":null}},{"start":{},"end":{}}],"line":242},"24":{"loc":{"start":{"line":242,"column":18},"end":{"line":242,"column":45}},"type":"binary-expr","locations":[{"start":{"line":242,"column":18},"end":{"line":242,"column":34}},{"start":{"line":242,"column":34},"end":{"line":242,"column":45}}],"line":242}},"s":{"0":16,"1":16,"2":1,"3":3,"4":1,"5":3,"6":10,"7":4,"8":16,"9":16,"10":16,"11":1,"12":27,"13":4,"14":0,"15":0,"16":0,"17":4,"18":0,"19":0,"20":0,"21":1,"22":4,"23":0,"24":0,"25":0,"26":0},"f":{"0":16,"1":16,"2":3,"3":3,"4":1,"5":27,"6":4,"7":0,"8":4,"9":0,"10":0,"11":1,"12":4,"13":0,"14":0},"b":{"0":[16],"1":[16],"2":[16],"3":[16],"4":[1,1,10,4],"5":[16,6,5],"6":[2,14],"7":[1,1],"8":[16,2],"9":[16,12,10],"10":[10,0],"11":[16,12,2],"12":[2,0],"13":[0,0],"14":[0,0],"15":[16,2],"16":[2,0],"17":[16,1],"18":[1,0],"19":[0,0],"20":[0,0],"21":[16,1],"22":[1,0],"23":[0,0],"24":[0,0]},"meta":{"lastBranch":25,"lastFunction":15,"lastStatement":27,"seen":{"f:44:16:44:36":0,"b:46:13:46:Infinity":0,"b:51:15:51:Infinity":1,"b:53:10:53:Infinity":2,"b:54:13:54:Infinity":3,"s:57:8:68:Infinity":0,"f:57:32:57:38":1,"b:59:6:60:Infinity:61:6:62:Infinity:63:6:64:Infinity:65:6:66:Infinity":4,"s:58:4:67:Infinity":1,"s:60:8:60:Infinity":2,"f:60:30:60:31":2,"s:60:37:60:44":3,"s:62:8:62:Infinity":4,"f:62:30:62:31":3,"s:62:37:62:45":5,"s:64:8:64:Infinity":6,"s:66:8:66:Infinity":7,"s:70:23:70:Infinity":8,"b:70:23:70:44:70:44:70:71:70:71:70:Infinity":5,"s:73:22:77:Infinity":9,"b:74:6:76:Infinity:77:6:77:Infinity":6,"b:75:8:75:Infinity:76:8:76:Infinity":7,"s:79:2:256:Infinity":10,"b:82:7:82:Infinity:83:8:93:Infinity":8,"b:97:7:97:23:97:23:97:Infinity:98:8:126:Infinity":9,"b:104:47:104:55:104:55:104:Infinity":10,"f:106:22:106:23":4,"s:106:29:106:Infinity":11,"f:120:31:120:32":5,"s:121:14:123:Infinity":12,"b:130:7:130:23:130:23:130:Infinity:131:8:168:Infinity":11,"f:134:37:134:38":6,"s:134:44:134:56":13,"b:135:40:135:48:135:48:135:Infinity":12,"f:136:20:136:21":7,"b:137:12:137:Infinity:undefined:undefined:undefined:undefined":13,"s:137:12:137:Infinity":14,"b:137:16:137:33:137:33:137:66":14,"s:137:66:137:Infinity":15,"s:138:12:138:Infinity":16,"f:140:23:140:24":8,"s:141:12:152:Infinity":17,"f:154:22:154:23":9,"s:155:12:166:Infinity":18,"f:155:25:155:26":10,"s:156:44:156:Infinity":19,"s:157:14:164:Infinity":20,"b:172:7:172:Infinity:173:8:198:Infinity":15,"b:179:47:179:55:179:55:179:Infinity":16,"f:181:22:181:23":11,"s:181:29:181:Infinity":21,"f:192:28:192:29":12,"s:193:14:195:Infinity":22,"b:202:7:202:Infinity:203:8:226:Infinity":17,"b:211:47:211:55:211:55:211:Infinity":18,"f:213:22:213:23":13,"b:214:14:214:Infinity:undefined:undefined:undefined:undefined":19,"s:214:14:214:Infinity":23,"b:214:18:214:34:214:34:214:45":20,"s:214:45:214:Infinity":24,"b:230:7:230:Infinity:231:8:254:Infinity":21,"b:239:47:239:55:239:55:239:Infinity":22,"f:241:22:241:23":14,"b:242:14:242:Infinity:undefined:undefined:undefined:undefined":23,"s:242:14:242:Infinity":25,"b:242:18:242:34:242:34:242:45":24,"s:242:45:242:Infinity":26}}}
[...]
,"D:\\StorytellerCards\\worktree-m18\\UI\\src\\utils\\idGenerator.ts": {"path":"D:\\StorytellerCards\\worktree-m18\\UI\\src\\utils\\idGenerator.ts","statementMap":{"0":{"start":{"line":8,"column":2},"end":{"line":8,"column":null}}},"fnMap":{"0":{"name":"generateId","decl":{"start":{"line":7,"column":16},"end":{"line":7,"column":37}},"loc":{"start":{"line":7,"column":37},"end":{"line":9,"column":null}},"line":7}},"branchMap":{},"s":{"0":1109},"f":{"0":1109},"b":{},"meta":{"lastBranch":0,"lastFunction":1,"lastStatement":1,"seen":{"f:7:16:7:37":0,"s:8:2:8:Infinity":0}}}
,"D:\\StorytellerCards\\worktree-m18\\UI\\src\\utils\\nightHistoryUtils.ts": {"path":"D:\\StorytellerCards\\worktree-m18\\UI\\src\\utils\\nightHistoryUtils.ts","statementMap":{"0":{"start":{"line":12,"column":24},"end":{"line":12,"column":null}},"1":{"start":{"line":13,"column":28},"end":{"line":13,"column":null}},"2":{"start":{"line":14,"column":17},"end":{"line":14,"column":null}},"3":{"start":{"line":16,"column":2},"end":{"line":19,"column":null}},"4":{"start":{"line":17,"column":4},"end":{"line":17,"column":null}},"5":{"start":{"line":18,"column":4},"end":{"line":18,"column":null}},"6":{"start":{"line":21,"column":2},"end":{"line":26,"column":null}},"7":{"start":{"line":22,"column":4},"end":{"line":25,"column":null}},"8":{"start":{"line":23,"column":6},"end":{"line":23,"column":null}},"9":{"start":{"line":24,"column":6},"end":{"line":24,"column":null}},"10":{"start":{"line":28,"column":2},"end":{"line":28,"column":null}},"11":{"start":{"line":42,"column":2},"end":{"line":51,"column":null}},"12":{"start":{"line":64,"column":2},"end":{"line":64,"column":null}},"13":{"start":{"line":64,"column":34},"end":{"line":64,"column":94}}},"fnMap":{"0":{"name":"getNightSummary","decl":{"start":{"line":7,"column":16},"end":{"line":7,"column":32}},"loc":{"start":{"line":11,"column":2},"end":{"line":29,"column":null}},"line":11},"1":{"name":"mergeNightHistoryEntry","decl":{"start":{"line":38,"column":16},"end":{"line":38,"column":null}},"loc":{"start":{"line":41,"column":21},"end":{"line":52,"column":null}},"line":41},"2":{"name":"findNightHistoryIndex","decl":{"start":{"line":59,"column":16},"end":{"line":59,"column":null}},"loc":{"start":{"line":63,"column":10},"end":{"line":65,"column":null}},"line":63},"3":{"name":"(anonymous_3)","decl":{"start":{"line":64,"column":27},"end":{"line":64,"column":28}},"loc":{"start":{"line":64,"column":34},"end":{"line":64,"column":94}},"line":64}},"branchMap":{"0":{"loc":{"start":{"line":22,"column":4},"end":{"line":25,"column":null}},"type":"if","locations":[{"start":{"line":22,"column":4},"end":{"line":25,"column":null}},{"start":{},"end":{}}],"line":22},"1":{"loc":{"start":{"line":44,"column":21},"end":{"line":46,"column":null}},"type":"cond-expr","locations":[{"start":{"line":45,"column":8},"end":{"line":45,"column":null}},{"start":{"line":46,"column":8},"end":{"line":46,"column":null}}],"line":44},"2":{"loc":{"start":{"line":47,"column":11},"end":{"line":47,"column":null}},"type":"cond-expr","locations":[{"start":{"line":47,"column":27},"end":{"line":47,"column":69}},{"start":{"line":47,"column":69},"end":{"line":47,"column":null}}],"line":47},"3":{"loc":{"start":{"line":48,"column":16},"end":{"line":50,"column":null}},"type":"cond-expr","locations":[{"start":{"line":49,"column":8},"end":{"line":49,"column":null}},{"start":{"line":50,"column":8},"end":{"line":50,"column":null}}],"line":48},"4":{"loc":{"start":{"line":49,"column":14},"end":{"line":49,"column":42}},"type":"binary-expr","locations":[{"start":{"line":49,"column":14},"end":{"line":49,"column":37}},{"start":{"line":49,"column":37},"end":{"line":49,"column":42}}],"line":49},"5":{"loc":{"start":{"line":64,"column":34},"end":{"line":64,"column":94}},"type":"binary-expr","locations":[{"start":{"line":64,"column":34},"end":{"line":64,"column":63}},{"start":{"line":64,"column":63},"end":{"line":64,"column":94}}],"line":64}},"s":{"0":46,"1":46,"2":46,"3":46,"4":88,"5":88,"6":46,"7":31,"8":28,"9":28,"10":46,"11":7,"12":6,"13":12},"f":{"0":46,"1":7,"2":6,"3":12},"b":{"0":[28,3],"1":[4,3],"2":[2,5],"3":[2,5],"4":[2,0],"5":[12,4]},"meta":{"lastBranch":6,"lastFunction":4,"lastStatement":14,"seen":{"f:7:16:7:32":0,"s:12:24:12:Infinity":0,"s:13:28:13:Infinity":1,"s:14:17:14:Infinity":2,"s:16:2:19:Infinity":3,"s:17:4:17:Infinity":4,"s:18:4:18:Infinity":5,"s:21:2:26:Infinity":6,"b:22:4:25:Infinity:undefined:undefined:undefined:undefined":0,"s:22:4:25:Infinity":7,"s:23:6:23:Infinity":8,"s:24:6:24:Infinity":9,"s:28:2:28:Infinity":10,"f:38:16:38:Infinity":1,"s:42:2:51:Infinity":11,"b:45:8:45:Infinity:46:8:46:Infinity":1,"b:47:27:47:69:47:69:47:Infinity":2,"b:49:8:49:Infinity:50:8:50:Infinity":3,"b:49:14:49:37:49:37:49:42":4,"f:59:16:59:Infinity":2,"s:64:2:64:Infinity":12,"f:64:27:64:28":3,"s:64:34:64:94":13,"b:64:34:64:63:64:63:64:94":5}}}
,"D:\\StorytellerCards\\worktree-m18\\UI\\src\\utils\\nightOrderFilter.ts": {"path":"D:\\StorytellerCards\\worktree-m18\\UI\\src\\utils\\nightOrderFilter.ts","statementMap":{"0":{"start":{"line":32,"column":22},"end":{"line":32,"column":null}},"1":{"start":{"line":35,"column":44},"end":{"line":37,"column":null}},"2":{"start":{"line":36,"column":33},"end":{"line":36,"column":46}},"3":{"start":{"line":39,"column":2},"end":{"line":52,"column":null}},"4":{"start":{"line":40,"column":4},"end":{"line":42,"column":null}},"5":{"start":{"line":41,"column":6},"end":{"line":41,"column":null}},"6":{"start":{"line":44,"column":4},"end":{"line":46,"column":null}},"7":{"start":{"line":45,"column":6},"end":{"line":45,"column":null}},"8":{"start":{"line":48,"column":4},"end":{"line":50,"column":null}},"9":{"start":{"line":49,"column":6},"end":{"line":49,"column":null}},"10":{"start":{"line":51,"column":4},"end":{"line":51,"column":null}}},"fnMap":{"0":{"name":"filterNightOrder","decl":{"start":{"line":26,"column":16},"end":{"line":26,"column":null}},"loc":{"start":{"line":31,"column":21},"end":{"line":53,"column":null}},"line":31},"1":{"name":"(anonymous_1)","decl":{"start":{"line":36,"column":26},"end":{"line":36,"column":27}},"loc":{"start":{"line":36,"column":33},"end":{"line":36,"column":46}},"line":36},"2":{"name":"(anonymous_2)","decl":{"start":{"line":39,"column":27},"end":{"line":39,"column":28}},"loc":{"start":{"line":39,"column":38},"end":{"line":52,"column":3}},"line":39}},"branchMap":{"0":{"loc":{"start":{"line":35,"column":44},"end":{"line":37,"column":null}},"type":"cond-expr","locations":[{"start":{"line":36,"column":6},"end":{"line":36,"column":null}},{"start":{"line":37,"column":6},"end":{"line":37,"column":null}}],"line":35},"1":{"loc":{"start":{"line":40,"column":4},"end":{"line":42,"column":null}},"type":"if","locations":[{"start":{"line":40,"column":4},"end":{"line":42,"column":null}},{"start":{},"end":{}}],"line":40},"2":{"loc":{"start":{"line":44,"column":4},"end":{"line":46,"column":null}},"type":"if","locations":[{"start":{"line":44,"column":4},"end":{"line":46,"column":null}},{"start":{},"end":{}}],"line":44},"3":{"loc":{"start":{"line":48,"column":4},"end":{"line":50,"column":null}},"type":"if","locations":[{"start":{"line":48,"column":4},"end":{"line":50,"column":null}},{"start":{},"end":{}}],"line":48}},"s":{"0":29,"1":29,"2":10,"3":29,"4":1526,"5":60,"6":1466,"7":476,"8":990,"9":25,"10":965},"f":{"0":29,"1":10,"2":1526},"b":{"0":[6,23],"1":[60,1466],"2":[476,990],"3":[25,965]},"meta":{"lastBranch":4,"lastFunction":3,"lastStatement":11,"seen":{"f:26:16:26:Infinity":0,"s:32:22:32:Infinity":0,"s:35:44:37:Infinity":1,"b:36:6:36:Infinity:37:6:37:Infinity":0,"f:36:26:36:27":1,"s:36:33:36:46":2,"s:39:2:52:Infinity":3,"f:39:27:39:28":2,"b:40:4:42:Infinity:undefined:undefined:undefined:undefined":1,"s:40:4:42:Infinity":4,"s:41:6:41:Infinity":5,"b:44:4:46:Infinity:undefined:undefined:undefined:undefined":2,"s:44:4:46:Infinity":6,"s:45:6:45:Infinity":7,"b:48:4:50:Infinity:undefined:undefined:undefined:undefined":3,"s:48:4:50:Infinity":8,"s:49:6:49:Infinity":9,"s:51:4:51:Infinity":10}}}
,"D:\\StorytellerCards\\worktree-m18\\UI\\src\\utils\\scriptImporter.ts": {"path":"D:\\StorytellerCards\\worktree-m18\\UI\\src\\utils\\scriptImporter.ts","statementMap":{"0":{"start":{"line":21,"column":2},"end":{"line":26,"column":null}},"1":{"start":{"line":39,"column":2},"end":{"line":39,"column":null}},"2":{"start":{"line":60,"column":2},"end":{"line":62,"column":null}},"3":{"start":{"line":61,"column":4},"end":{"line":61,"column":null}},"4":{"start":{"line":64,"column":2},"end":{"line":66,"column":null}},"5":{"start":{"line":65,"column":4},"end":{"line":65,"column":null}},"6":{"start":{"line":68,"column":19},"end":{"line":68,"column":null}},"7":{"start":{"line":69,"column":16},"end":{"line":69,"column":null}},"8":{"start":{"line":71,"column":2},"end":{"line":75,"column":null}},"9":{"start":{"line":72,"column":4},"end":{"line":74,"column":null}},"10":{"start":{"line":77,"column":33},"end":{"line":77,"column":null}},"11":{"start":{"line":79,"column":2},"end":{"line":85,"column":null}},"12":{"start":{"line":79,"column":15},"end":{"line":79,"column":18}},"13":{"start":{"line":80,"column":15},"end":{"line":80,"column":null}},"14":{"start":{"line":81,"column":4},"end":{"line":83,"column":null}},"15":{"start":{"line":82,"column":6},"end":{"line":82,"column":null}},"16":{"start":{"line":87,"column":2},"end":{"line":92,"column":null}}},"fnMap":{"0":{"name":"isMeta","decl":{"start":{"line":20,"column":9},"end":{"line":20,"column":16}},"loc":{"start":{"line":20,"column":53},"end":{"line":28,"column":null}},"line":20},"1":{"name":"normalizeId","decl":{"start":{"line":38,"column":9},"end":{"line":38,"column":21}},"loc":{"start":{"line":38,"column":43},"end":{"line":40,"column":null}},"line":38},"2":{"name":"importScript","decl":{"start":{"line":59,"column":16},"end":{"line":59,"column":29}},"loc":{"start":{"line":59,"column":52},"end":{"line":93,"column":null}},"line":59}},"branchMap":{"0":{"loc":{"start":{"line":22,"column":4},"end":{"line":26,"column":null}},"type":"binary-expr","locations":[{"start":{"line":22,"column":4},"end":{"line":22,"column":null}},{"start":{"line":23,"column":4},"end":{"line":23,"column":null}},{"start":{"line":24,"column":5},"end":{"line":24,"column":null}},{"start":{"line":25,"column":4},"end":{"line":25,"column":null}},{"start":{"line":26,"column":4},"end":{"line":26,"column":null}}],"line":22},"1":{"loc":{"start":{"line":60,"column":2},"end":{"line":62,"column":null}},"type":"if","locations":[{"start":{"line":60,"column":2},"end":{"line":62,"column":null}},{"start":{},"end":{}}],"line":60},"2":{"loc":{"start":{"line":64,"column":2},"end":{"line":66,"column":null}},"type":"if","locations":[{"start":{"line":64,"column":2},"end":{"line":66,"column":null}},{"start":{},"end":{}}],"line":64},"3":{"loc":{"start":{"line":71,"column":2},"end":{"line":75,"column":null}},"type":"if","locations":[{"start":{"line":71,"column":2},"end":{"line":75,"column":null}},{"start":{},"end":{}}],"line":71},"4":{"loc":{"start":{"line":81,"column":4},"end":{"line":83,"column":null}},"type":"if","locations":[{"start":{"line":81,"column":4},"end":{"line":83,"column":null}},{"start":{},"end":{}}],"line":81}},"s":{"0":11,"1":8,"2":13,"3":1,"4":12,"5":1,"6":11,"7":11,"8":11,"9":3,"10":8,"11":8,"12":8,"13":25,"14":25,"15":23,"16":8},"f":{"0":11,"1":8,"2":13},"b":{"0":[11,10,10,10,9],"1":[1,12],"2":[1,11],"3":[3,8],"4":[23,2]},"meta":{"lastBranch":5,"lastFunction":3,"lastStatement":17,"seen":{"f:20:9:20:16":0,"s:21:2:26:Infinity":0,"b:22:4:22:Infinity:23:4:23:Infinity:24:5:24:Infinity:25:4:25:Infinity:26:4:26:Infinity":0,"f:38:9:38:21":1,"s:39:2:39:Infinity":1,"f:59:16:59:29":2,"b:60:2:62:Infinity:undefined:undefined:undefined:undefined":1,"s:60:2:62:Infinity":2,"s:61:4:61:Infinity":3,"b:64:2:66:Infinity:undefined:undefined:undefined:undefined":2,"s:64:2:66:Infinity":4,"s:65:4:65:Infinity":5,"s:68:19:68:Infinity":6,"s:69:16:69:Infinity":7,"b:71:2:75:Infinity:undefined:undefined:undefined:undefined":3,"s:71:2:75:Infinity":8,"s:72:4:74:Infinity":9,"s:77:33:77:Infinity":10,"s:79:2:85:Infinity":11,"s:79:15:79:18":12,"s:80:15:80:Infinity":13,"b:81:4:83:Infinity:undefined:undefined:undefined:undefined":4,"s:81:4:83:Infinity":14,"s:82:6:82:Infinity":15,"s:87:2:92:Infinity":16}}}
,"D:\\StorytellerCards\\worktree-m18\\UI\\src\\utils\\scriptSortRules.ts": {"path":"D:\\StorytellerCards\\worktree-m18\\UI\\src\\utils\\scriptSortRules.ts","statementMap":{"0":{"start":{"line":8,"column":43},"end":{"line":16,"column":null}},"1":{"start":{"line":28,"column":32},"end":{"line":84,"column":null}},"2":{"start":{"line":90,"column":24},"end":{"line":90,"column":null}},"3":{"start":{"line":102,"column":18},"end":{"line":102,"column":null}},"4":{"start":{"line":103,"column":2},"end":{"line":120,"column":null}},"5":{"start":{"line":103,"column":15},"end":{"line":103,"column":18}},"6":{"start":{"line":104,"column":19},"end":{"line":104,"column":null}},"7":{"start":{"line":109,"column":4},"end":{"line":115,"column":null}},"8":{"start":{"line":110,"column":19},"end":{"line":110,"column":null}},"9":{"start":{"line":111,"column":6},"end":{"line":113,"column":null}},"10":{"start":{"line":112,"column":8},"end":{"line":112,"column":null}},"11":{"start":{"line":114,"column":6},"end":{"line":114,"column":null}},"12":{"start":{"line":117,"column":4},"end":{"line":119,"column":null}},"13":{"start":{"line":118,"column":6},"end":{"line":118,"column":null}},"14":{"start":{"line":121,"column":2},"end":{"line":121,"column":null}},"15":{"start":{"line":141,"column":2},"end":{"line":164,"column":null}},"16":{"start":{"line":143,"column":18},"end":{"line":143,"column":null}},"17":{"start":{"line":144,"column":18},"end":{"line":144,"column":null}},"18":{"start":{"line":145,"column":4},"end":{"line":145,"column":null}},"19":{"start":{"line":145,"column":25},"end":{"line":145,"column":null}},"20":{"start":{"line":148,"column":19},"end":{"line":148,"column":null}},"21":{"start":{"line":149,"column":19},"end":{"line":149,"column":null}},"22":{"start":{"line":150,"column":4},"end":{"line":150,"column":null}},"23":{"start":{"line":150,"column":27},"end":{"line":150,"column":null}},"24":{"start":{"line":153,"column":17},"end":{"line":153,"column":null}},"25":{"start":{"line":154,"column":17},"end":{"line":154,"column":null}},"26":{"start":{"line":155,"column":4},"end":{"line":155,"column":null}},"27":{"start":{"line":155,"column":23},"end":{"line":155,"column":null}},"28":{"start":{"line":158,"column":21},"end":{"line":158,"column":null}},"29":{"start":{"line":159,"column":21},"end":{"line":159,"column":null}},"30":{"start":{"line":160,"column":4},"end":{"line":160,"column":null}},"31":{"start":{"line":160,"column":31},"end":{"line":160,"column":null}},"32":{"start":{"line":163,"column":4},"end":{"line":163,"column":null}}},"fnMap":{"0":{"name":"getPrefixGroupIndex","decl":{"start":{"line":101,"column":9},"end":{"line":101,"column":29}},"loc":{"start":{"line":101,"column":54},"end":{"line":122,"column":null}},"line":101},"1":{"name":"sortScriptCharacters","decl":{"start":{"line":140,"column":16},"end":{"line":140,"column":37}},"loc":{"start":{"line":140,"column":81},"end":{"line":165,"column":null}},"line":140},"2":{"name":"(anonymous_2)","decl":{"start":{"line":141,"column":30},"end":{"line":141,"column":31}},"loc":{"start":{"line":141,"column":40},"end":{"line":164,"column":3}},"line":141}},"branchMap":{"0":{"loc":{"start":{"line":109,"column":4},"end":{"line":115,"column":null}},"type":"if","locations":[{"start":{"line":109,"column":4},"end":{"line":115,"column":null}},{"start":{},"end":{}}],"line":109},"1":{"loc":{"start":{"line":111,"column":6},"end":{"line":113,"column":null}},"type":"if","locations":[{"start":{"line":111,"column":6},"end":{"line":113,"column":null}},{"start":{},"end":{}}],"line":111},"2":{"loc":{"start":{"line":117,"column":4},"end":{"line":119,"column":null}},"type":"if","locations":[{"start":{"line":117,"column":4},"end":{"line":119,"column":null}},{"start":{},"end":{}}],"line":117},"3":{"loc":{"start":{"line":143,"column":18},"end":{"line":143,"column":null}},"type":"binary-expr","locations":[{"start":{"line":143,"column":18},"end":{"line":143,"column":40}},{"start":{"line":143,"column":40},"end":{"line":143,"column":null}}],"line":143},"4":{"loc":{"start":{"line":144,"column":18},"end":{"line":144,"column":null}},"type":"binary-expr","locations":[{"start":{"line":144,"column":18},"end":{"line":144,"column":40}},{"start":{"line":144,"column":40},"end":{"line":144,"column":null}}],"line":144},"5":{"loc":{"start":{"line":145,"column":4},"end":{"line":145,"column":null}},"type":"if","locations":[{"start":{"line":145,"column":4},"end":{"line":145,"column":null}},{"start":{},"end":{}}],"line":145},"6":{"loc":{"start":{"line":150,"column":4},"end":{"line":150,"column":null}},"type":"if","locations":[{"start":{"line":150,"column":4},"end":{"line":150,"column":null}},{"start":{},"end":{}}],"line":150},"7":{"loc":{"start":{"line":155,"column":4},"end":{"line":155,"column":null}},"type":"if","locations":[{"start":{"line":155,"column":4},"end":{"line":155,"column":null}},{"start":{},"end":{}}],"line":155},"8":{"loc":{"start":{"line":160,"column":4},"end":{"line":160,"column":null}},"type":"if","locations":[{"start":{"line":160,"column":4},"end":{"line":160,"column":null}},{"start":{},"end":{}}],"line":160}},"s":{"0":3,"1":3,"2":3,"3":276,"4":276,"5":276,"6":2485,"7":2485,"8":323,"9":323,"10":55,"11":268,"12":2162,"13":221,"14":0,"15":44,"16":631,"17":631,"18":631,"19":493,"20":138,"21":138,"22":138,"23":110,"24":28,"25":28,"26":28,"27":27,"28":1,"29":1,"30":1,"31":0,"32":1},"f":{"0":276,"1":44,"2":631},"b":{"0":[323,2162],"1":[55,268],"2":[221,1941],"3":[631,0],"4":[631,0],"5":[493,138],"6":[110,28],"7":[27,1],"8":[0,1]},"meta":{"lastBranch":9,"lastFunction":3,"lastStatement":33,"seen":{"s:8:43:16:Infinity":0,"s:28:32:84:Infinity":1,"s:90:24:90:Infinity":2,"f:101:9:101:29":0,"s:102:18:102:Infinity":3,"s:103:2:120:Infinity":4,"s:103:15:103:18":5,"s:104:19:104:Infinity":6,"b:109:4:115:Infinity:undefined:undefined:undefined:undefined":0,"s:109:4:115:Infinity":7,"s:110:19:110:Infinity":8,"b:111:6:113:Infinity:undefined:undefined:undefined:undefined":1,"s:111:6:113:Infinity":9,"s:112:8:112:Infinity":10,"s:114:6:114:Infinity":11,"b:117:4:119:Infinity:undefined:undefined:undefined:undefined":2,"s:117:4:119:Infinity":12,"s:118:6:118:Infinity":13,"s:121:2:121:Infinity":14,"f:140:16:140:37":1,"s:141:2:164:Infinity":15,"f:141:30:141:31":2,"s:143:18:143:Infinity":16,"b:143:18:143:40:143:40:143:Infinity":3,"s:144:18:144:Infinity":17,"b:144:18:144:40:144:40:144:Infinity":4,"b:145:4:145:Infinity:undefined:undefined:undefined:undefined":5,"s:145:4:145:Infinity":18,"s:145:25:145:Infinity":19,"s:148:19:148:Infinity":20,"s:149:19:149:Infinity":21,"b:150:4:150:Infinity:undefined:undefined:undefined:undefined":6,"s:150:4:150:Infinity":22,"s:150:27:150:Infinity":23,"s:153:17:153:Infinity":24,"s:154:17:154:Infinity":25,"b:155:4:155:Infinity:undefined:undefined:undefined:undefined":7,"s:155:4:155:Infinity":26,"s:155:23:155:Infinity":27,"s:158:21:158:Infinity":28,"s:159:21:159:Infinity":29,"b:160:4:160:Infinity:undefined:undefined:undefined:undefined":8,"s:160:4:160:Infinity":30,"s:160:31:160:Infinity":31,"s:163:4:163:Infinity":32}}}
}
